14:37:51 **** Clean-only build of configuration Debug for project Lab3-UDPMessenger - Solution ****
make clean 
rm -rf  ./src/MThread.o ./src/UDPMessenger.o ./src/UDPSocket.o ./src/main.o  ./src/MThread.d ./src/UDPMessenger.d ./src/UDPSocket.d ./src/main.d  "Lab3-UDPMessenger - Solution"
 
14:37:51 **** Build of configuration Debug for project Lab3-UDPMessenger - Solution ****
make all 
Building file: ../src/UDPMessenger.cpp
Invoking: GCC C++ Compiler
g++ -O0 -g3 -Wall -c -fmessage-length=0 -MMD -MP -MF"src/UDPMessenger.d" -MT"src/UDPMessenger.d" -o "src/UDPMessenger.o" "../src/UDPMessenger.cpp"
In file included from ../src/UDPMessenger.cpp:9:0:
../src/UDPMessenger.h:10:23: fatal error: UDPSocket.h: No such file or directory
compilation terminated.
make: *** [src/UDPMessenger.o] Error 1
14:37:52 **** Clean-only build of configuration Debug for project Lab3-UDPSocket - Solution ****
make clean 
rm -rf  ./src/UDPSocket.o ./src/main.o  ./src/UDPSocket.d ./src/main.d  "Lab2-UDPSocket - Solution"
 
14:37:52 **** Build of configuration Debug for project Lab3-UDPSocket - Solution ****
make all 
Building file: ../src/MThread.cpp
Invoking: GCC C++ Compiler
g++ -O0 -g3 -Wall -c -fmessage-length=0 -MMD -MP -MF"src/MThread.d" -MT"src/MThread.d" -o "src/MThread.o" "../src/MThread.cpp"
Finished building: ../src/MThread.cpp
 
Building file: ../src/UDPSocket.cpp
Invoking: GCC C++ Compiler
g++ -O0 -g3 -Wall -c -fmessage-length=0 -MMD -MP -MF"src/UDPSocket.d" -MT"src/UDPSocket.d" -o "src/UDPSocket.o" "../src/UDPSocket.cpp"
Finished building: ../src/UDPSocket.cpp
 
Building target: libLab3-UDPSocket - Solution.a
Invoking: GCC Archiver
ar -r  "libLab3-UDPSocket - Solution.a"  ./src/MThread.o ./src/UDPSocket.o   
ar: creating libLab3-UDPSocket - Solution.a
Finished building target: libLab3-UDPSocket - Solution.a
 
14:37:54 **** Build of configuration Debug for project Lab3-test ****
make all 
Building file: ../src/main.cpp
Invoking: GCC C++ Compiler
g++ -O0 -g3 -Wall -c -fmessage-length=0 -MMD -MP -MF"src/main.d" -MT"src/main.d" -o "src/main.o" "../src/main.cpp"
../src/main.cpp:11:23: fatal error: UDPSocket.h: No such file or directory
compilation terminated.
make: *** [src/main.o] Error 1
14:39:50 **** Incremental Build of configuration Debug for project Lab3-UDPSocket - Solution ****
make all 
make: Nothing to be done for `all'.
14:39:51 **** Incremental Build of configuration Debug for project Lab3-UDPMessenger - Solution ****
make all 
Building file: ../src/UDPMessenger.cpp
Invoking: GCC C++ Compiler
g++ -O0 -g3 -Wall -c -fmessage-length=0 -MMD -MP -MF"src/UDPMessenger.d" -MT"src/UDPMessenger.d" -o "src/UDPMessenger.o" "../src/UDPMessenger.cpp"
In file included from ../src/UDPMessenger.cpp:9:0:
../src/UDPMessenger.h:10:23: fatal error: UDPSocket.h: No such file or directory
compilation terminated.
make: *** [src/UDPMessenger.o] Error 1
14:39:51 **** Incremental Build of configuration Debug for project Lab3-test ****
make all 
Building file: ../src/main.cpp
Invoking: GCC C++ Compiler
g++ -I"/home/user/Desktop/lab3/Lab3-UDPSocket - Solution/src" -O0 -g3 -Wall -c -fmessage-length=0 -MMD -MP -MF"src/main.d" -MT"src/main.d" -o "src/main.o" "../src/main.cpp"
Finished building: ../src/main.cpp
 
Building target: Lab3-test
Invoking: GCC C++ Linker
g++ -L"/home/user/Desktop/lab3/Lab3-UDPSocket - Solution/Debug" -o "Lab3-test"  ./src/main.o   -lLab3-UDPSocket-Solution
/usr/bin/ld: cannot find -lLab3-UDPSocket-Solution
collect2: error: ld returned 1 exit status
make: *** [Lab3-test] Error 1
14:40:01 **** Incremental Build of configuration Debug for project Lab3-UDPSocket - Solution ****
make all 
make: Nothing to be done for `all'.
14:40:01 **** Incremental Build of configuration Debug for project Lab3-UDPMessenger - Solution ****
make all 
Building file: ../src/UDPMessenger.cpp
Invoking: GCC C++ Compiler
g++ -O0 -g3 -Wall -c -fmessage-length=0 -MMD -MP -MF"src/UDPMessenger.d" -MT"src/UDPMessenger.d" -o "src/UDPMessenger.o" "../src/UDPMessenger.cpp"
In file included from ../src/UDPMessenger.cpp:9:0:
../src/UDPMessenger.h:10:23: fatal error: UDPSocket.h: No such file or directory
compilation terminated.
make: *** [src/UDPMessenger.o] Error 1
14:40:02 **** Incremental Build of configuration Debug for project Lab3-test ****
make all 
Building target: Lab3-test
Invoking: GCC C++ Linker
g++ -L"/home/user/Desktop/lab3/Lab3-UDPSocket - Solution/Debug" -o "Lab3-test"  ./src/main.o   -lLab3-UDPSocket-Solution
/usr/bin/ld: cannot find -lLab3-UDPSocket-Solution
collect2: error: ld returned 1 exit status
make: *** [Lab3-test] Error 1
14:40:07 **** Incremental Build of configuration Debug for project Lab3-UDPSocket - Solution ****
make all 
make: Nothing to be done for `all'.
14:40:07 **** Incremental Build of configuration Debug for project Lab3-UDPMessenger - Solution ****
make all 
Building file: ../src/UDPMessenger.cpp
Invoking: GCC C++ Compiler
g++ -O0 -g3 -Wall -c -fmessage-length=0 -MMD -MP -MF"src/UDPMessenger.d" -MT"src/UDPMessenger.d" -o "src/UDPMessenger.o" "../src/UDPMessenger.cpp"
In file included from ../src/UDPMessenger.cpp:9:0:
../src/UDPMessenger.h:10:23: fatal error: UDPSocket.h: No such file or directory
compilation terminated.
make: *** [src/UDPMessenger.o] Error 1
14:40:08 **** Incremental Build of configuration Debug for project Lab3-test ****
make all 
Building file: ../src/main.cpp
Invoking: GCC C++ Compiler
g++ -I"/home/user/Desktop/lab3/Lab3-UDPSocket - Solution/src" -O0 -g3 -Wall -c -fmessage-length=0 -MMD -MP -MF"src/main.d" -MT"src/main.d" -o "src/main.o" "../src/main.cpp"
Finished building: ../src/main.cpp
 
Building target: Lab3-test
Invoking: GCC C++ Linker
g++ -L"/home/user/Desktop/lab3/Lab3-UDPSocket - Solution/Debug" -o "Lab3-test"  ./src/main.o   -lLab3-UDPSocket-Solution
/usr/bin/ld: cannot find -lLab3-UDPSocket-Solution
collect2: error: ld returned 1 exit status
make: *** [Lab3-test] Error 1
14:43:06 **** Build of configuration Debug for project Lab3-UDPMessengerSolution ****
make all 
Building file: ../src/UDPMessenger.cpp
Invoking: GCC C++ Compiler
g++ -O0 -g3 -Wall -c -fmessage-length=0 -MMD -MP -MF"src/UDPMessenger.d" -MT"src/UDPMessenger.d" -o "src/UDPMessenger.o" "../src/UDPMessenger.cpp"
In file included from ../src/UDPMessenger.cpp:9:0:
../src/UDPMessenger.h:10:23: fatal error: UDPSocket.h: No such file or directory
compilation terminated.
make: *** [src/UDPMessenger.o] Error 1
14:43:07 **** Build of configuration Debug for project Lab3-UDPSocketSolution ****
make all 
Building target: libLab3-UDPSocketSolution.a
ar: creating libLab3-UDPSocketSolution.a
Invoking: GCC Archiver
ar -r  "libLab3-UDPSocketSolution.a"  ./src/MThread.o ./src/UDPSocket.o   
Finished building target: libLab3-UDPSocketSolution.a
 
14:43:07 **** Incremental Build of configuration Debug for project Lab3-test ****
make all 
Building file: ../src/main.cpp
Invoking: GCC C++ Compiler
g++ -I"/home/user/Desktop/lab3/Lab3-UDPSocketSolution/src" -O0 -g3 -Wall -c -fmessage-length=0 -MMD -MP -MF"src/main.d" -MT"src/main.d" -o "src/main.o" "../src/main.cpp"
Finished building: ../src/main.cpp
 
Building target: Lab3-test
Invoking: GCC C++ Linker
g++ -L"/home/user/Desktop/lab3/Lab3-UDPSocketSolution/Debug" -o "Lab3-test"  ./src/main.o   -lLab3-UDPSocketSolution
Finished building target: Lab3-test
 
14:43:13 **** Incremental Build of configuration Debug for project Lab3-test ****
make all 
make: Nothing to be done for `all'.
14:44:28 **** Incremental Build of configuration Debug for project Lab3-UDPMessengerSolution ****
make all 
Building file: ../src/UDPMessenger.cpp
Invoking: GCC C++ Compiler
g++ -I"/home/user/Desktop/lab3/Lab3-UDPSocketSolution/src" -O0 -g3 -Wall -c -fmessage-length=0 -MMD -MP -MF"src/UDPMessenger.d" -MT"src/UDPMessenger.d" -o "src/UDPMessenger.o" "../src/UDPMessenger.cpp"
Finished building: ../src/UDPMessenger.cpp
 
Building file: ../src/main.cpp
Invoking: GCC C++ Compiler
g++ -I"/home/user/Desktop/lab3/Lab3-UDPSocketSolution/src" -O0 -g3 -Wall -c -fmessage-length=0 -MMD -MP -MF"src/main.d" -MT"src/main.d" -o "src/main.o" "../src/main.cpp"
Finished building: ../src/main.cpp
 
Building target: Lab3-UDPMessengerSolution
Invoking: GCC C++ Linker
g++ -L"/home/user/Desktop/lab3/Lab3-UDPSocketSolution/Debug" -o "Lab3-UDPMessengerSolution"  ./src/UDPMessenger.o ./src/main.o   -lpthread -lLab3-UDPSocketSolution
Finished building target: Lab3-UDPMessengerSolution
 
14:44:29 **** Incremental Build of configuration Debug for project Lab3-UDPSocketSolution ****
make all 
make: Nothing to be done for `all'.
14:44:30 **** Incremental Build of configuration Debug for project Lab3-test ****
make all 
make: Nothing to be done for `all'.
14:44:55 **** Clean-only build of configuration Debug for project Lab3-UDPMessengerSolution ****
make clean 
rm -rf  ./src/UDPMessenger.o ./src/main.o  ./src/UDPMessenger.d ./src/main.d  Lab3-UDPMessengerSolution
 
14:44:55 **** Clean-only build of configuration Debug for project Lab3-UDPSocketSolution ****
make clean 
rm -rf  ./src/MThread.o ./src/UDPSocket.o  ./src/MThread.d ./src/UDPSocket.d  libLab3-UDPSocketSolution.a
 
14:44:55 **** Clean-only build of configuration Debug for project Lab3-test ****
make clean 
rm -rf  ./src/main.o  ./src/main.d  Lab3-test
 
14:45:02 **** Build of configuration Debug for project Lab3-UDPMessengerSolution ****
make all 
Building file: ../src/UDPMessenger.cpp
Invoking: GCC C++ Compiler
g++ -I"/home/user/Desktop/lab3/Lab3-UDPSocketSolution/src" -O0 -g3 -Wall -c -fmessage-length=0 -MMD -MP -MF"src/UDPMessenger.d" -MT"src/UDPMessenger.d" -o "src/UDPMessenger.o" "../src/UDPMessenger.cpp"
Finished building: ../src/UDPMessenger.cpp
 
Building file: ../src/main.cpp
Invoking: GCC C++ Compiler
g++ -I"/home/user/Desktop/lab3/Lab3-UDPSocketSolution/src" -O0 -g3 -Wall -c -fmessage-length=0 -MMD -MP -MF"src/main.d" -MT"src/main.d" -o "src/main.o" "../src/main.cpp"
Finished building: ../src/main.cpp
 
Building target: Lab3-UDPMessengerSolution
Invoking: GCC C++ Linker
g++ -L"/home/user/Desktop/lab3/Lab3-UDPSocketSolution/Debug" -o "Lab3-UDPMessengerSolution"  ./src/UDPMessenger.o ./src/main.o   -lpthread -lLab3-UDPSocketSolution
/usr/bin/ld: cannot find -lLab3-UDPSocketSolution
collect2: error: ld returned 1 exit status
make: *** [Lab3-UDPMessengerSolution] Error 1
14:45:03 **** Build of configuration Debug for project Lab3-UDPSocketSolution ****
make all 
Building file: ../src/MThread.cpp
Invoking: GCC C++ Compiler
g++ -O0 -g3 -Wall -c -fmessage-length=0 -MMD -MP -MF"src/MThread.d" -MT"src/MThread.d" -o "src/MThread.o" "../src/MThread.cpp"
Finished building: ../src/MThread.cpp
 
Building file: ../src/UDPSocket.cpp
Invoking: GCC C++ Compiler
g++ -O0 -g3 -Wall -c -fmessage-length=0 -MMD -MP -MF"src/UDPSocket.d" -MT"src/UDPSocket.d" -o "src/UDPSocket.o" "../src/UDPSocket.cpp"
Finished building: ../src/UDPSocket.cpp
 
Building target: libLab3-UDPSocketSolution.a
Invoking: GCC Archiver
ar -r  "libLab3-UDPSocketSolution.a"  ./src/MThread.o ./src/UDPSocket.o   
ar: creating libLab3-UDPSocketSolution.a
Finished building target: libLab3-UDPSocketSolution.a
 
14:45:04 **** Build of configuration Debug for project Lab3-test ****
make all 
Building file: ../src/main.cpp
Invoking: GCC C++ Compiler
g++ -I"/home/user/Desktop/lab3/Lab3-UDPSocketSolution/src" -O0 -g3 -Wall -c -fmessage-length=0 -MMD -MP -MF"src/main.d" -MT"src/main.d" -o "src/main.o" "../src/main.cpp"
Finished building: ../src/main.cpp
 
Building target: Lab3-test
Invoking: GCC C++ Linker
g++ -L"/home/user/Desktop/lab3/Lab3-UDPSocketSolution/Debug" -o "Lab3-test"  ./src/main.o   -lLab3-UDPSocketSolution
Finished building target: Lab3-test
 
14:45:47 **** Incremental Build of configuration Debug for project Lab3-UDPMessengerSolution ****
make all 
Building target: Lab3-UDPMessengerSolution
Invoking: GCC C++ Linker
g++ -L"/home/user/Desktop/lab3/Lab3-UDPSocketSolution/Debug" -o "Lab3-UDPMessengerSolution"  ./src/UDPMessenger.o ./src/main.o   -lpthread -lLab3-UDPSocketSolution
Finished building target: Lab3-UDPMessengerSolution
 
14:45:47 **** Incremental Build of configuration Debug for project Lab3-UDPSocketSolution ****
make all 
make: Nothing to be done for `all'.
14:45:47 **** Incremental Build of configuration Debug for project Lab3-test ****
make all 
make: Nothing to be done for `all'.
18:08:33 **** Incremental Build of configuration Debug for project Lab3-test ****
make all 
make: Nothing to be done for `all'.
18:08:51 **** Incremental Build of configuration Debug for project Lab3-UDPMessengerSolution ****
make all 
make: Nothing to be done for `all'.
18:09:13 **** Incremental Build of configuration Debug for project Lab3-UDPMessengerSolution ****
make all 
make: Nothing to be done for `all'.
18:09:13 **** Incremental Build of configuration Debug for project Lab3-UDPSocketSolution ****
make all 
make: Nothing to be done for `all'.
18:09:13 **** Incremental Build of configuration Debug for project Lab3-test ****
make all 
make: Nothing to be done for `all'.
18:09:40 **** Clean-only build of configuration Debug for project Lab3-UDPMessengerSolution ****
make clean 
rm -rf  ./src/UDPMessenger.o ./src/main.o  ./src/UDPMessenger.d ./src/main.d  Lab3-UDPMessengerSolution
 
18:09:40 **** Clean-only build of configuration Debug for project Lab3-UDPSocketSolution ****
make clean 
rm -rf  ./src/MThread.o ./src/UDPSocket.o  ./src/MThread.d ./src/UDPSocket.d  libLab3-UDPSocketSolution.a
 
18:09:40 **** Clean-only build of configuration Debug for project Lab3-test ****
make clean 
rm -rf  ./src/main.o  ./src/main.d  Lab3-test
 
18:09:42 **** Build of configuration Debug for project Lab3-UDPMessengerSolution ****
make all 
Building file: ../src/UDPMessenger.cpp
Invoking: GCC C++ Compiler
g++ -I"/home/user/Desktop/lab3/Lab3-UDPSocketSolution/src" -O0 -g3 -Wall -c -fmessage-length=0 -MMD -MP -MF"src/UDPMessenger.d" -MT"src/UDPMessenger.d" -o "src/UDPMessenger.o" "../src/UDPMessenger.cpp"
Finished building: ../src/UDPMessenger.cpp
 
Building file: ../src/main.cpp
Invoking: GCC C++ Compiler
g++ -I"/home/user/Desktop/lab3/Lab3-UDPSocketSolution/src" -O0 -g3 -Wall -c -fmessage-length=0 -MMD -MP -MF"src/main.d" -MT"src/main.d" -o "src/main.o" "../src/main.cpp"
Finished building: ../src/main.cpp
 
Building target: Lab3-UDPMessengerSolution
Invoking: GCC C++ Linker
g++ -L"/home/user/Desktop/lab3/Lab3-UDPSocketSolution/Debug" -o "Lab3-UDPMessengerSolution"  ./src/UDPMessenger.o ./src/main.o   -lpthread -lLab3-UDPSocketSolution
/usr/bin/ld: cannot find -lLab3-UDPSocketSolution
collect2: error: ld returned 1 exit status
make: *** [Lab3-UDPMessengerSolution] Error 1
18:09:49 **** Build of configuration Debug for project Lab3-UDPSocketSolution ****
make all 
Building file: ../src/MThread.cpp
Invoking: GCC C++ Compiler
g++ -O0 -g3 -Wall -c -fmessage-length=0 -MMD -MP -MF"src/MThread.d" -MT"src/MThread.d" -o "src/MThread.o" "../src/MThread.cpp"
Finished building: ../src/MThread.cpp
 
Building file: ../src/UDPSocket.cpp
Invoking: GCC C++ Compiler
g++ -O0 -g3 -Wall -c -fmessage-length=0 -MMD -MP -MF"src/UDPSocket.d" -MT"src/UDPSocket.d" -o "src/UDPSocket.o" "../src/UDPSocket.cpp"
Finished building: ../src/UDPSocket.cpp
 
Building target: libLab3-UDPSocketSolution.a
Invoking: GCC Archiver
ar -r  "libLab3-UDPSocketSolution.a"  ./src/MThread.o ./src/UDPSocket.o   
ar: creating libLab3-UDPSocketSolution.a
Finished building target: libLab3-UDPSocketSolution.a
 
18:09:49 **** Build of configuration Debug for project Lab3-test ****
make all 
Building file: ../src/main.cpp
Invoking: GCC C++ Compiler
g++ -I"/home/user/Desktop/lab3/Lab3-UDPSocketSolution/src" -O0 -g3 -Wall -c -fmessage-length=0 -MMD -MP -MF"src/main.d" -MT"src/main.d" -o "src/main.o" "../src/main.cpp"
Finished building: ../src/main.cpp
 
Building target: Lab3-test
Invoking: GCC C++ Linker
g++ -L"/home/user/Desktop/lab3/Lab3-UDPSocketSolution/Debug" -o "Lab3-test"  ./src/main.o   -lLab3-UDPSocketSolution
Finished building target: Lab3-test
 
18:10:33 **** Incremental Build of configuration Debug for project Lab3-UDPSocketSolution ****
make all 
make: Nothing to be done for `all'.
18:10:33 **** Incremental Build of configuration Debug for project Lab3-UDPMessengerSolution ****
make all 
Building target: Lab3-UDPMessengerSolution
Invoking: GCC C++ Linker
g++ -L"/home/user/Desktop/lab3/Lab3-UDPSocketSolution/Debug" -o "Lab3-UDPMessengerSolution"  ./src/UDPMessenger.o ./src/main.o   -lpthread -lLab3-UDPSocketSolution
Finished building target: Lab3-UDPMessengerSolution
 
18:10:33 **** Incremental Build of configuration Debug for project Lab3-test ****
make all 
make: Nothing to be done for `all'.
18:11:32 **** Incremental Build of configuration Debug for project Lab3-UDPSocketSolution ****
make all 
make: Nothing to be done for `all'.
18:11:32 **** Incremental Build of configuration Debug for project Lab3-UDPMessengerSolution ****
make all 
Building file: ../src/UDPMessenger.cpp
Invoking: GCC C++ Compiler
g++ -I"/home/user/Desktop/lab3/Lab3-UDPSocketSolution/src" -O0 -g3 -Wall -c -fmessage-length=0 -MMD -MP -MF"src/UDPMessenger.d" -MT"src/UDPMessenger.d" -o "src/UDPMessenger.o" "../src/UDPMessenger.cpp"
Finished building: ../src/UDPMessenger.cpp
 
Building file: ../src/main.cpp
Invoking: GCC C++ Compiler
g++ -I"/home/user/Desktop/lab3/Lab3-UDPSocketSolution/src" -O0 -g3 -Wall -c -fmessage-length=0 -MMD -MP -MF"src/main.d" -MT"src/main.d" -o "src/main.o" "../src/main.cpp"
Finished building: ../src/main.cpp
 
Building target: Lab3-UDPMessengerSolution
Invoking: GCC C++ Linker
g++ -L"/home/user/Desktop/lab3/Lab3-UDPSocketSolution/Debug" -o "Lab3-UDPMessengerSolution"  ./src/UDPMessenger.o ./src/main.o   -lpthread -lLab3-UDPSocketSolution
Finished building target: Lab3-UDPMessengerSolution
 
18:12:02 **** Incremental Build of configuration Debug for project Lab3-UDPSocketSolution ****
make all 
make: Nothing to be done for `all'.
18:12:02 **** Incremental Build of configuration Debug for project Lab3-UDPMessengerSolution ****
make all 
make: Nothing to be done for `all'.
18:12:06 **** Incremental Build of configuration Debug for project Lab3-UDPSocketSolution ****
make all 
make: Nothing to be done for `all'.
18:12:07 **** Incremental Build of configuration Debug for project Lab3-UDPMessengerSolution ****
make all 
make: Nothing to be done for `all'.
18:16:26 **** Incremental Build of configuration Debug for project Lab3-UDPSocketSolution ****
make all 
Building file: ../src/MThread.cpp
Invoking: GCC C++ Compiler
g++ -O0 -g3 -Wall -c -fmessage-length=0 -MMD -MP -MF"src/MThread.d" -MT"src/MThread.d" -o "src/MThread.o" "../src/MThread.cpp"
Finished building: ../src/MThread.cpp
 
Building file: ../src/UDPSocket.cpp
Invoking: GCC C++ Compiler
g++ -O0 -g3 -Wall -c -fmessage-length=0 -MMD -MP -MF"src/UDPSocket.d" -MT"src/UDPSocket.d" -o "src/UDPSocket.o" "../src/UDPSocket.cpp"
../src/UDPSocket.cpp:50:5: error: prototype for ‘int UDPSocket::sendTo(const string&, const string&, int)’ does not match any in class ‘UDPSocket’
In file included from ../src/UDPSocket.cpp:8:0:
../src/UDPSocket.h:28:6: error: candidate is: int UDPSocket::sendTo(std::string, std::string, int)
../src/UDPSocket.cpp:59:5: error: prototype for ‘int UDPSocket::reply(const string&)’ does not match any in class ‘UDPSocket’
In file included from ../src/UDPSocket.cpp:8:0:
../src/UDPSocket.h:29:6: error: candidate is: int UDPSocket::reply(std::string)
make: *** [src/UDPSocket.o] Error 1
18:16:28 **** Incremental Build of configuration Debug for project Lab3-UDPMessengerSolution ****
make all 
make: Nothing to be done for `all'.
18:16:28 **** Incremental Build of configuration Debug for project Lab3-test ****
make all 
make: Nothing to be done for `all'.
18:16:37 **** Incremental Build of configuration Debug for project Lab3-UDPSocketSolution ****
make all 
Building file: ../src/UDPSocket.cpp
Invoking: GCC C++ Compiler
g++ -O0 -g3 -Wall -c -fmessage-length=0 -MMD -MP -MF"src/UDPSocket.d" -MT"src/UDPSocket.d" -o "src/UDPSocket.o" "../src/UDPSocket.cpp"
Finished building: ../src/UDPSocket.cpp
 
Building target: libLab3-UDPSocketSolution.a
Invoking: GCC Archiver
ar -r  "libLab3-UDPSocketSolution.a"  ./src/MThread.o ./src/UDPSocket.o   
ar: creating libLab3-UDPSocketSolution.a
Finished building target: libLab3-UDPSocketSolution.a
 
18:16:39 **** Incremental Build of configuration Debug for project Lab3-UDPMessengerSolution ****
make all 
make: Nothing to be done for `all'.
18:16:39 **** Incremental Build of configuration Debug for project Lab3-test ****
make all 
Building target: Lab3-test
Invoking: GCC C++ Linker
g++ -L"/home/user/Desktop/lab3/Lab3-UDPSocketSolution/Debug" -o "Lab3-test"  ./src/main.o   -lLab3-UDPSocketSolution
./src/main.o: In function `main':
/home/user/Desktop/lab3/Lab3-test/Debug/../src/main.cpp:20: undefined reference to `UDPSocket::sendTo(std::string, std::string, int)'
/home/user/Desktop/lab3/Lab3-test/Debug/../src/main.cpp:33: undefined reference to `UDPSocket::reply(std::string)'
collect2: error: ld returned 1 exit status
make: *** [Lab3-test] Error 1
18:19:18 **** Incremental Build of configuration Debug for project Lab3-UDPSocketSolution ****
make all 
Building file: ../src/UDPSocket.cpp
Invoking: GCC C++ Compiler
g++ -O0 -g3 -Wall -c -fmessage-length=0 -MMD -MP -MF"src/UDPSocket.d" -MT"src/UDPSocket.d" -o "src/UDPSocket.o" "../src/UDPSocket.cpp"
Finished building: ../src/UDPSocket.cpp
 
Building target: libLab3-UDPSocketSolution.a
Invoking: GCC Archiver
ar -r  "libLab3-UDPSocketSolution.a"  ./src/MThread.o ./src/UDPSocket.o   
ar: creating libLab3-UDPSocketSolution.a
Finished building target: libLab3-UDPSocketSolution.a
 
18:19:19 **** Incremental Build of configuration Debug for project Lab3-UDPMessengerSolution ****
make all 
make: Nothing to be done for `all'.
18:19:19 **** Incremental Build of configuration Debug for project Lab3-test ****
make all 
Building target: Lab3-test
Invoking: GCC C++ Linker
g++ -L"/home/user/Desktop/lab3/Lab3-UDPSocketSolution/Debug" -o "Lab3-test"  ./src/main.o   -lLab3-UDPSocketSolution
./src/main.o: In function `main':
/home/user/Desktop/lab3/Lab3-test/Debug/../src/main.cpp:17: undefined reference to `UDPSocket::UDPSocket(int)'
/home/user/Desktop/lab3/Lab3-test/Debug/../src/main.cpp:18: undefined reference to `UDPSocket::UDPSocket(int)'
/home/user/Desktop/lab3/Lab3-test/Debug/../src/main.cpp:20: undefined reference to `UDPSocket::sendTo(std::string, std::string, int)'
/home/user/Desktop/lab3/Lab3-test/Debug/../src/main.cpp:23: undefined reference to `UDPSocket::recv(char*, int)'
/home/user/Desktop/lab3/Lab3-test/Debug/../src/main.cpp:33: undefined reference to `UDPSocket::reply(std::string)'
/home/user/Desktop/lab3/Lab3-test/Debug/../src/main.cpp:35: undefined reference to `UDPSocket::recv(char*, int)'
/home/user/Desktop/lab3/Lab3-test/Debug/../src/main.cpp:44: undefined reference to `UDPSocket::cclose()'
/home/user/Desktop/lab3/Lab3-test/Debug/../src/main.cpp:45: undefined reference to `UDPSocket::cclose()'
collect2: error: ld returned 1 exit status
make: *** [Lab3-test] Error 1
18:19:48 **** Incremental Build of configuration Debug for project Lab3-UDPSocketSolution ****
make all 
Building file: ../src/UDPSocket.cpp
Invoking: GCC C++ Compiler
g++ -O0 -g3 -Wall -c -fmessage-length=0 -MMD -MP -MF"src/UDPSocket.d" -MT"src/UDPSocket.d" -o "src/UDPSocket.o" "../src/UDPSocket.cpp"
Finished building: ../src/UDPSocket.cpp
 
Building target: libLab3-UDPSocketSolution.a
Invoking: GCC Archiver
ar -r  "libLab3-UDPSocketSolution.a"  ./src/MThread.o ./src/UDPSocket.o   
ar: creating libLab3-UDPSocketSolution.a
Finished building target: libLab3-UDPSocketSolution.a
 
18:19:49 **** Incremental Build of configuration Debug for project Lab3-UDPMessengerSolution ****
make all 
make: Nothing to be done for `all'.
18:19:49 **** Incremental Build of configuration Debug for project Lab3-test ****
make all 
Building target: Lab3-test
Invoking: GCC C++ Linker
g++ -L"/home/user/Desktop/lab3/Lab3-UDPSocketSolution/Debug" -o "Lab3-test"  ./src/main.o   -lLab3-UDPSocketSolution
./src/main.o: In function `main':
/home/user/Desktop/lab3/Lab3-test/Debug/../src/main.cpp:17: undefined reference to `UDPSocket::UDPSocket(int)'
/home/user/Desktop/lab3/Lab3-test/Debug/../src/main.cpp:18: undefined reference to `UDPSocket::UDPSocket(int)'
/home/user/Desktop/lab3/Lab3-test/Debug/../src/main.cpp:20: undefined reference to `UDPSocket::sendTo(std::string, std::string, int)'
/home/user/Desktop/lab3/Lab3-test/Debug/../src/main.cpp:23: undefined reference to `UDPSocket::recv(char*, int)'
/home/user/Desktop/lab3/Lab3-test/Debug/../src/main.cpp:33: undefined reference to `UDPSocket::reply(std::string)'
/home/user/Desktop/lab3/Lab3-test/Debug/../src/main.cpp:35: undefined reference to `UDPSocket::recv(char*, int)'
/home/user/Desktop/lab3/Lab3-test/Debug/../src/main.cpp:44: undefined reference to `UDPSocket::cclose()'
/home/user/Desktop/lab3/Lab3-test/Debug/../src/main.cpp:45: undefined reference to `UDPSocket::cclose()'
collect2: error: ld returned 1 exit status
make: *** [Lab3-test] Error 1
18:20:17 **** Incremental Build of configuration Debug for project Lab3-UDPSocketSolution ****
make all 
Building file: ../src/MThread.cpp
Invoking: GCC C++ Compiler
g++ -O0 -g3 -Wall -c -fmessage-length=0 -MMD -MP -MF"src/MThread.d" -MT"src/MThread.d" -o "src/MThread.o" "../src/MThread.cpp"
Finished building: ../src/MThread.cpp
 
Building target: libLab3-UDPSocketSolution.a
Invoking: GCC Archiver
ar -r  "libLab3-UDPSocketSolution.a"  ./src/MThread.o ./src/UDPSocket.o   
ar: creating libLab3-UDPSocketSolution.a
Finished building target: libLab3-UDPSocketSolution.a
 
18:20:18 **** Incremental Build of configuration Debug for project Lab3-UDPMessengerSolution ****
make all 
make: Nothing to be done for `all'.
18:20:18 **** Incremental Build of configuration Debug for project Lab3-test ****
make all 
Building target: Lab3-test
Invoking: GCC C++ Linker
g++ -L"/home/user/Desktop/lab3/Lab3-UDPSocketSolution/Debug" -o "Lab3-test"  ./src/main.o   -lLab3-UDPSocketSolution
./src/main.o: In function `main':
/home/user/Desktop/lab3/Lab3-test/Debug/../src/main.cpp:17: undefined reference to `UDPSocket::UDPSocket(int)'
/home/user/Desktop/lab3/Lab3-test/Debug/../src/main.cpp:18: undefined reference to `UDPSocket::UDPSocket(int)'
/home/user/Desktop/lab3/Lab3-test/Debug/../src/main.cpp:20: undefined reference to `UDPSocket::sendTo(std::string, std::string, int)'
/home/user/Desktop/lab3/Lab3-test/Debug/../src/main.cpp:23: undefined reference to `UDPSocket::recv(char*, int)'
/home/user/Desktop/lab3/Lab3-test/Debug/../src/main.cpp:33: undefined reference to `UDPSocket::reply(std::string)'
/home/user/Desktop/lab3/Lab3-test/Debug/../src/main.cpp:35: undefined reference to `UDPSocket::recv(char*, int)'
/home/user/Desktop/lab3/Lab3-test/Debug/../src/main.cpp:44: undefined reference to `UDPSocket::cclose()'
/home/user/Desktop/lab3/Lab3-test/Debug/../src/main.cpp:45: undefined reference to `UDPSocket::cclose()'
collect2: error: ld returned 1 exit status
make: *** [Lab3-test] Error 1
18:20:40 **** Incremental Build of configuration Debug for project Lab3-UDPSocketSolution ****
make all 
make: Nothing to be done for `all'.
18:20:40 **** Incremental Build of configuration Debug for project Lab3-UDPMessengerSolution ****
make all 
make: Nothing to be done for `all'.
18:20:41 **** Incremental Build of configuration Debug for project Lab3-test ****
make all 
Building file: ../src/main.cpp
Invoking: GCC C++ Compiler
g++ -I"/home/user/Desktop/lab3/Lab3-UDPSocketSolution/src" -O0 -g3 -Wall -c -fmessage-length=0 -MMD -MP -MF"src/main.d" -MT"src/main.d" -o "src/main.o" "../src/main.cpp"
Finished building: ../src/main.cpp
 
Building target: Lab3-test
Invoking: GCC C++ Linker
g++ -L"/home/user/Desktop/lab3/Lab3-UDPSocketSolution/Debug" -o "Lab3-test"  ./src/main.o   -lLab3-UDPSocketSolution
Finished building target: Lab3-test
 
18:21:12 **** Incremental Build of configuration Debug for project Lab3-UDPSocketSolution ****
make all 
make: Nothing to be done for `all'.
18:21:13 **** Incremental Build of configuration Debug for project Lab3-UDPMessengerSolution ****
make all 
Building file: ../src/UDPMessenger.cpp
Invoking: GCC C++ Compiler
g++ -I"/home/user/Desktop/lab3/Lab3-UDPSocketSolution/src" -O0 -g3 -Wall -c -fmessage-length=0 -MMD -MP -MF"src/UDPMessenger.d" -MT"src/UDPMessenger.d" -o "src/UDPMessenger.o" "../src/UDPMessenger.cpp"
../src/UDPMessenger.cpp: In member function ‘void npl::UDPMessenger::close()’:
../src/UDPMessenger.cpp:43:13: error: ‘class npl::UDPSocket’ has no member named ‘cclose’
make: *** [src/UDPMessenger.o] Error 1
18:21:14 **** Incremental Build of configuration Debug for project Lab3-test ****
make all 
make: Nothing to be done for `all'.
18:21:23 **** Incremental Build of configuration Debug for project Lab3-UDPSocketSolution ****
make all 
make: Nothing to be done for `all'.
18:21:24 **** Incremental Build of configuration Debug for project Lab3-UDPMessengerSolution ****
make all 
Building file: ../src/UDPMessenger.cpp
Invoking: GCC C++ Compiler
g++ -I"/home/user/Desktop/lab3/Lab3-UDPSocketSolution/src" -O0 -g3 -Wall -c -fmessage-length=0 -MMD -MP -MF"src/UDPMessenger.d" -MT"src/UDPMessenger.d" -o "src/UDPMessenger.o" "../src/UDPMessenger.cpp"
Finished building: ../src/UDPMessenger.cpp
 
Building target: Lab3-UDPMessengerSolution
Invoking: GCC C++ Linker
g++ -L"/home/user/Desktop/lab3/Lab3-UDPSocketSolution/Debug" -o "Lab3-UDPMessengerSolution"  ./src/UDPMessenger.o ./src/main.o   -lpthread -lLab3-UDPSocketSolution
./src/main.o: In function `main':
/home/user/Desktop/lab3/Lab3-UDPMessengerSolution/Debug/../src/main.cpp:23: undefined reference to `UDPMessenger::UDPMessenger()'
/home/user/Desktop/lab3/Lab3-UDPMessengerSolution/Debug/../src/main.cpp:33: undefined reference to `UDPMessenger::sendTo(std::string, std::string)'
/home/user/Desktop/lab3/Lab3-UDPMessengerSolution/Debug/../src/main.cpp:37: undefined reference to `UDPMessenger::reply(std::string)'
/home/user/Desktop/lab3/Lab3-UDPMessengerSolution/Debug/../src/main.cpp:45: undefined reference to `UDPMessenger::close()'
collect2: error: ld returned 1 exit status
make: *** [Lab3-UDPMessengerSolution] Error 1
18:21:25 **** Incremental Build of configuration Debug for project Lab3-test ****
make all 
make: Nothing to be done for `all'.
18:22:23 **** Clean-only build of configuration Debug for project Lab3-UDPMessengerSolution ****
make clean 
rm -rf  ./src/UDPMessenger.o ./src/main.o  ./src/UDPMessenger.d ./src/main.d  Lab3-UDPMessengerSolution
 
18:22:23 **** Clean-only build of configuration Debug for project Lab3-UDPSocketSolution ****
make clean 
rm -rf  ./src/MThread.o ./src/UDPSocket.o  ./src/MThread.d ./src/UDPSocket.d  libLab3-UDPSocketSolution.a
 
18:22:23 **** Clean-only build of configuration Debug for project Lab3-test ****
make clean 
rm -rf  ./src/main.o  ./src/main.d  Lab3-test
 
18:22:28 **** Build of configuration Debug for project Lab3-UDPSocketSolution ****
make all 
Building file: ../src/MThread.cpp
Invoking: GCC C++ Compiler
g++ -O0 -g3 -Wall -c -fmessage-length=0 -MMD -MP -MF"src/MThread.d" -MT"src/MThread.d" -o "src/MThread.o" "../src/MThread.cpp"
Finished building: ../src/MThread.cpp
 
Building file: ../src/UDPSocket.cpp
Invoking: GCC C++ Compiler
g++ -O0 -g3 -Wall -c -fmessage-length=0 -MMD -MP -MF"src/UDPSocket.d" -MT"src/UDPSocket.d" -o "src/UDPSocket.o" "../src/UDPSocket.cpp"
Finished building: ../src/UDPSocket.cpp
 
Building target: libLab3-UDPSocketSolution.a
Invoking: GCC Archiver
ar -r  "libLab3-UDPSocketSolution.a"  ./src/MThread.o ./src/UDPSocket.o   
ar: creating libLab3-UDPSocketSolution.a
Finished building target: libLab3-UDPSocketSolution.a
 
18:22:30 **** Build of configuration Debug for project Lab3-UDPMessengerSolution ****
make all 
Building file: ../src/UDPMessenger.cpp
Invoking: GCC C++ Compiler
g++ -I"/home/user/Desktop/lab3/Lab3-UDPSocketSolution/src" -O0 -g3 -Wall -c -fmessage-length=0 -MMD -MP -MF"src/UDPMessenger.d" -MT"src/UDPMessenger.d" -o "src/UDPMessenger.o" "../src/UDPMessenger.cpp"
Finished building: ../src/UDPMessenger.cpp
 
Building file: ../src/main.cpp
Invoking: GCC C++ Compiler
g++ -I"/home/user/Desktop/lab3/Lab3-UDPSocketSolution/src" -O0 -g3 -Wall -c -fmessage-length=0 -MMD -MP -MF"src/main.d" -MT"src/main.d" -o "src/main.o" "../src/main.cpp"
../src/main.cpp: In function ‘int main()’:
../src/main.cpp:23:2: error: ‘UDPMessenger’ was not declared in this scope
../src/main.cpp:23:2: note: suggested alternative:
In file included from ../src/main.cpp:11:0:
../src/UDPMessenger.h:17:7: note:   ‘npl::UDPMessenger’
../src/main.cpp:23:16: error: ‘messenger’ was not declared in this scope
../src/main.cpp:23:32: error: expected type-specifier before ‘UDPMessenger’
../src/main.cpp:23:32: error: expected ‘;’ before ‘UDPMessenger’
../src/main.cpp:46:9: error: type ‘<type error>’ argument given to ‘delete’, expected pointer
make: *** [src/main.o] Error 1
18:22:31 **** Build of configuration Debug for project Lab3-test ****
make all 
Building file: ../src/main.cpp
Invoking: GCC C++ Compiler
g++ -I"/home/user/Desktop/lab3/Lab3-UDPSocketSolution/src" -O0 -g3 -Wall -c -fmessage-length=0 -MMD -MP -MF"src/main.d" -MT"src/main.d" -o "src/main.o" "../src/main.cpp"
Finished building: ../src/main.cpp
 
Building target: Lab3-test
Invoking: GCC C++ Linker
g++ -L"/home/user/Desktop/lab3/Lab3-UDPSocketSolution/Debug" -o "Lab3-test"  ./src/main.o   -lLab3-UDPSocketSolution
Finished building target: Lab3-test
 
18:23:01 **** Incremental Build of configuration Debug for project Lab3-UDPSocketSolution ****
make all 
make: Nothing to be done for `all'.
18:23:02 **** Incremental Build of configuration Debug for project Lab3-UDPMessengerSolution ****
make all 
Building file: ../src/main.cpp
Invoking: GCC C++ Compiler
g++ -I"/home/user/Desktop/lab3/Lab3-UDPSocketSolution/src" -O0 -g3 -Wall -c -fmessage-length=0 -MMD -MP -MF"src/main.d" -MT"src/main.d" -o "src/main.o" "../src/main.cpp"
Finished building: ../src/main.cpp
 
Building target: Lab3-UDPMessengerSolution
Invoking: GCC C++ Linker
g++ -L"/home/user/Desktop/lab3/Lab3-UDPSocketSolution/Debug" -o "Lab3-UDPMessengerSolution"  ./src/UDPMessenger.o ./src/main.o   -lpthread -lLab3-UDPSocketSolution
Finished building target: Lab3-UDPMessengerSolution
 
18:23:03 **** Incremental Build of configuration Debug for project Lab3-test ****
make all 
make: Nothing to be done for `all'.
18:25:04 **** Incremental Build of configuration Debug for project Lab3-UDPSocketSolution ****
make all 
make: Nothing to be done for `all'.
18:25:05 **** Incremental Build of configuration Debug for project Lab3-UDPMessengerSolution ****
make all 
Building file: ../src/UDPMessenger.cpp
Invoking: GCC C++ Compiler
g++ -I"/home/user/Desktop/lab3/Lab3-UDPSocketSolution/src" -O0 -g3 -Wall -c -fmessage-length=0 -MMD -MP -MF"src/UDPMessenger.d" -MT"src/UDPMessenger.d" -o "src/UDPMessenger.o" "../src/UDPMessenger.cpp"
Finished building: ../src/UDPMessenger.cpp
 
Building file: ../src/main.cpp
Invoking: GCC C++ Compiler
g++ -I"/home/user/Desktop/lab3/Lab3-UDPSocketSolution/src" -O0 -g3 -Wall -c -fmessage-length=0 -MMD -MP -MF"src/main.d" -MT"src/main.d" -o "src/main.o" "../src/main.cpp"
Finished building: ../src/main.cpp
 
Building target: Lab3-UDPMessengerSolution
Invoking: GCC C++ Linker
g++ -L"/home/user/Desktop/lab3/Lab3-UDPSocketSolution/Debug" -o "Lab3-UDPMessengerSolution"  ./src/UDPMessenger.o ./src/main.o   -lpthread -lLab3-UDPSocketSolution
Finished building target: Lab3-UDPMessengerSolution
 
18:25:08 **** Incremental Build of configuration Debug for project Lab3-test ****
make all 
make: Nothing to be done for `all'.
18:25:34 **** Incremental Build of configuration Debug for project Lab3-UDPSocketSolution ****
make all 
make: Nothing to be done for `all'.
18:25:35 **** Incremental Build of configuration Debug for project Lab3-UDPMessengerSolution ****
make all 
Building file: ../src/UDPMessenger.cpp
Invoking: GCC C++ Compiler
g++ -I"/home/user/Desktop/lab3/Lab3-UDPSocketSolution/src" -O0 -g3 -Wall -c -fmessage-length=0 -MMD -MP -MF"src/UDPMessenger.d" -MT"src/UDPMessenger.d" -o "src/UDPMessenger.o" "../src/UDPMessenger.cpp"
Finished building: ../src/UDPMessenger.cpp
 
Building file: ../src/main.cpp
Invoking: GCC C++ Compiler
g++ -I"/home/user/Desktop/lab3/Lab3-UDPSocketSolution/src" -O0 -g3 -Wall -c -fmessage-length=0 -MMD -MP -MF"src/main.d" -MT"src/main.d" -o "src/main.o" "../src/main.cpp"
Finished building: ../src/main.cpp
 
Building target: Lab3-UDPMessengerSolution
Invoking: GCC C++ Linker
g++ -L"/home/user/Desktop/lab3/Lab3-UDPSocketSolution/Debug" -o "Lab3-UDPMessengerSolution"  ./src/UDPMessenger.o ./src/main.o   -lpthread -lLab3-UDPSocketSolution
Finished building target: Lab3-UDPMessengerSolution
 
18:41:03 **** Build of configuration Debug for project Lab3-UDPMessenger ****
make all 
Building file: ../src/UDPMessenger.cpp
Invoking: GCC C++ Compiler
g++ -I"/home/user/Desktop/lab3/Lab3-UDPSocket/src" -O0 -g3 -Wall -c -fmessage-length=0 -MMD -MP -MF"src/UDPMessenger.d" -MT"src/UDPMessenger.d" -o "src/UDPMessenger.o" "../src/UDPMessenger.cpp"
Finished building: ../src/UDPMessenger.cpp
 
Building file: ../src/main.cpp
Invoking: GCC C++ Compiler
g++ -I"/home/user/Desktop/lab3/Lab3-UDPSocket/src" -O0 -g3 -Wall -c -fmessage-length=0 -MMD -MP -MF"src/main.d" -MT"src/main.d" -o "src/main.o" "../src/main.cpp"
Finished building: ../src/main.cpp
 
Building target: Lab3-UDPMessenger
Invoking: GCC C++ Linker
g++ -L"/home/user/Desktop/lab3/Lab3-UDPSocket/Debug" -o "Lab3-UDPMessenger"  ./src/UDPMessenger.o ./src/main.o   -lpthread -lLab3-UDPSocket
/usr/bin/ld: cannot find -lLab3-UDPSocket
collect2: error: ld returned 1 exit status
make: *** [Lab3-UDPMessenger] Error 1
18:41:10 **** Build of configuration Debug for project Lab3-UDPSocket ****
make all 
Building target: libLab3-UDPSocket.a
Invoking: GCC Archiver
ar -r  "libLab3-UDPSocket.a"  ./src/MThread.o ./src/UDPSocket.o   
ar: creating libLab3-UDPSocket.a
Finished building target: libLab3-UDPSocket.a
 
18:41:10 **** Incremental Build of configuration Debug for project Lab3-test ****
make all 
Building file: ../src/UdpSocketTest.cpp
Invoking: GCC C++ Compiler
g++ -O0 -g3 -Wall -c -fmessage-length=0 -MMD -MP -MF"src/UdpSocketTest.d" -MT"src/UdpSocketTest.d" -o "src/UdpSocketTest.o" "../src/UdpSocketTest.cpp"
../src/UdpSocketTest.cpp:11:23: fatal error: UDPSocket.h: No such file or directory
compilation terminated.
make: *** [src/UdpSocketTest.o] Error 1
18:42:19 **** Clean-only build of configuration Debug for project Lab3-UDPMessenger ****
make clean 
rm -rf  ./src/UDPMessenger.o ./src/main.o  ./src/UDPMessenger.d ./src/main.d  Lab3-UDPMessenger
 
18:42:19 **** Clean-only build of configuration Debug for project Lab3-UDPSocket ****
make clean 
rm -rf  ./src/MThread.o ./src/UDPSocket.o  ./src/MThread.d ./src/UDPSocket.d  libLab3-UDPSocket.a
 
18:42:20 **** Clean-only build of configuration Debug for project Lab3-test ****
make clean 
rm -rf  ./src/UdpSocketTest.o  ./src/UdpSocketTest.d  Lab3-test
 
18:42:23 **** Build of configuration Debug for project Lab3-UDPSocket ****
make all 
Building file: ../src/MThread.cpp
Invoking: GCC C++ Compiler
g++ -O0 -g3 -Wall -c -fmessage-length=0 -MMD -MP -MF"src/MThread.d" -MT"src/MThread.d" -o "src/MThread.o" "../src/MThread.cpp"
Finished building: ../src/MThread.cpp
 
Building file: ../src/UDPSocket.cpp
Invoking: GCC C++ Compiler
g++ -O0 -g3 -Wall -c -fmessage-length=0 -MMD -MP -MF"src/UDPSocket.d" -MT"src/UDPSocket.d" -o "src/UDPSocket.o" "../src/UDPSocket.cpp"
Finished building: ../src/UDPSocket.cpp
 
Building target: libLab3-UDPSocket.a
Invoking: GCC Archiver
ar -r  "libLab3-UDPSocket.a"  ./src/MThread.o ./src/UDPSocket.o   
ar: creating libLab3-UDPSocket.a
Finished building target: libLab3-UDPSocket.a
 
18:42:24 **** Build of configuration Debug for project Lab3-UDPMessenger ****
make all 
Building file: ../src/UDPMessenger.cpp
Invoking: GCC C++ Compiler
g++ -I"/home/user/Desktop/lab3/Lab3-UDPSocket/src" -O0 -g3 -Wall -c -fmessage-length=0 -MMD -MP -MF"src/UDPMessenger.d" -MT"src/UDPMessenger.d" -o "src/UDPMessenger.o" "../src/UDPMessenger.cpp"
Finished building: ../src/UDPMessenger.cpp
 
Building file: ../src/main.cpp
Invoking: GCC C++ Compiler
g++ -I"/home/user/Desktop/lab3/Lab3-UDPSocket/src" -O0 -g3 -Wall -c -fmessage-length=0 -MMD -MP -MF"src/main.d" -MT"src/main.d" -o "src/main.o" "../src/main.cpp"
Finished building: ../src/main.cpp
 
Building target: Lab3-UDPMessenger
Invoking: GCC C++ Linker
g++ -L"/home/user/Desktop/lab3/Lab3-UDPSocket/Debug" -o "Lab3-UDPMessenger"  ./src/UDPMessenger.o ./src/main.o   -lpthread -lLab3-UDPSocket
Finished building target: Lab3-UDPMessenger
 
18:42:26 **** Build of configuration Debug for project Lab3-test ****
make all 
Building file: ../src/UdpSocketTest.cpp
Invoking: GCC C++ Compiler
g++ -I"/home/user/Desktop/lab3/Lab3-UDPSocket/src" -O0 -g3 -Wall -c -fmessage-length=0 -MMD -MP -MF"src/UdpSocketTest.d" -MT"src/UdpSocketTest.d" -o "src/UdpSocketTest.o" "../src/UdpSocketTest.cpp"
Finished building: ../src/UdpSocketTest.cpp
 
Building target: Lab3-test
Invoking: GCC C++ Linker
g++ -L"/home/user/Desktop/lab3/Lab3-UDPSocket/Debug" -o "Lab3-test"  ./src/UdpSocketTest.o   -lLab3-UDPSocket
Finished building target: Lab3-test
 
18:43:56 **** Clean-only build of configuration Debug for project Lab3-UDPMessenger ****
make clean 
rm -rf  ./src/UDPMessenger.o ./src/main.o  ./src/UDPMessenger.d ./src/main.d  Lab3-UDPMessenger
 
18:43:57 **** Clean-only build of configuration Debug for project Lab3-UDPSocket ****
make clean 
rm -rf  ./src/MThread.o ./src/UDPSocket.o  ./src/MThread.d ./src/UDPSocket.d  libLab3-UDPSocket.a
 
18:43:57 **** Clean-only build of configuration Debug for project Lab3-test ****
make clean 
rm -rf  ./src/UdpSocketTest.o  ./src/UdpSocketTest.d  Lab3-test
 
18:44:00 **** Build of configuration Debug for project Lab3-UDPSocket ****
make all 
Building file: ../src/MThread.cpp
Invoking: GCC C++ Compiler
g++ -O0 -g3 -Wall -c -fmessage-length=0 -MMD -MP -MF"src/MThread.d" -MT"src/MThread.d" -o "src/MThread.o" "../src/MThread.cpp"
Finished building: ../src/MThread.cpp
 
Building file: ../src/UDPSocket.cpp
Invoking: GCC C++ Compiler
g++ -O0 -g3 -Wall -c -fmessage-length=0 -MMD -MP -MF"src/UDPSocket.d" -MT"src/UDPSocket.d" -o "src/UDPSocket.o" "../src/UDPSocket.cpp"
Finished building: ../src/UDPSocket.cpp
 
Building target: libLab3-UDPSocket.a
Invoking: GCC Archiver
ar -r  "libLab3-UDPSocket.a"  ./src/MThread.o ./src/UDPSocket.o   
ar: creating libLab3-UDPSocket.a
Finished building target: libLab3-UDPSocket.a
 
18:44:02 **** Build of configuration Debug for project Lab3-UDPMessenger ****
make all 
Building file: ../src/UDPMessenger.cpp
Invoking: GCC C++ Compiler
g++ -I"/home/user/Desktop/lab3/Lab3-UDPSocket/src" -O0 -g3 -Wall -c -fmessage-length=0 -MMD -MP -MF"src/UDPMessenger.d" -MT"src/UDPMessenger.d" -o "src/UDPMessenger.o" "../src/UDPMessenger.cpp"
Finished building: ../src/UDPMessenger.cpp
 
Building file: ../src/main.cpp
Invoking: GCC C++ Compiler
g++ -I"/home/user/Desktop/lab3/Lab3-UDPSocket/src" -O0 -g3 -Wall -c -fmessage-length=0 -MMD -MP -MF"src/main.d" -MT"src/main.d" -o "src/main.o" "../src/main.cpp"
Finished building: ../src/main.cpp
 
Building target: Lab3-UDPMessenger
Invoking: GCC C++ Linker
g++ -L"/home/user/Desktop/lab3/Lab3-UDPSocket/Debug" -o "Lab3-UDPMessenger"  ./src/UDPMessenger.o ./src/main.o   -lpthread -lLab3-UDPSocket
Finished building target: Lab3-UDPMessenger
 
18:44:04 **** Build of configuration Debug for project Lab3-test ****
make all 
Building file: ../src/UdpSocketTest.cpp
Invoking: GCC C++ Compiler
g++ -I"/home/user/Desktop/lab3/Lab3-UDPSocket/src" -O0 -g3 -Wall -c -fmessage-length=0 -MMD -MP -MF"src/UdpSocketTest.d" -MT"src/UdpSocketTest.d" -o "src/UdpSocketTest.o" "../src/UdpSocketTest.cpp"
Finished building: ../src/UdpSocketTest.cpp
 
Building target: Lab3-test
Invoking: GCC C++ Linker
g++ -L"/home/user/Desktop/lab3/Lab3-UDPSocket/Debug" -o "Lab3-test"  ./src/UdpSocketTest.o   -lLab3-UDPSocket
Finished building target: Lab3-test
 
18:49:22 **** Incremental Build of configuration Debug for project Lab3-UDPSocket ****
make all 
make: Nothing to be done for `all'.
18:49:23 **** Incremental Build of configuration Debug for project Lab3-UDPMessenger ****
make all 
Building file: ../src/main.cpp
Invoking: GCC C++ Compiler
g++ -I"/home/user/Desktop/lab3/Lab3-UDPSocket/src" -O0 -g3 -Wall -c -fmessage-length=0 -MMD -MP -MF"src/main.d" -MT"src/main.d" -o "src/main.o" "../src/main.cpp"
Finished building: ../src/main.cpp
 
Building target: Lab3-UDPMessenger
Invoking: GCC C++ Linker
g++ -L"/home/user/Desktop/lab3/Lab3-UDPSocket/Debug" -o "Lab3-UDPMessenger"  ./src/UDPMessenger.o ./src/main.o   -lpthread -lLab3-UDPSocket
Finished building target: Lab3-UDPMessenger
 
18:49:24 **** Incremental Build of configuration Debug for project Lab3-test ****
make all 
make: Nothing to be done for `all'.
18:49:29 **** Incremental Build of configuration Debug for project Lab3-UDPSocket ****
make all 
make: Nothing to be done for `all'.
18:49:29 **** Incremental Build of configuration Debug for project Lab3-UDPMessenger ****
make all 
Building file: ../src/main.cpp
Invoking: GCC C++ Compiler
g++ -I"/home/user/Desktop/lab3/Lab3-UDPSocket/src" -O0 -g3 -Wall -c -fmessage-length=0 -MMD -MP -MF"src/main.d" -MT"src/main.d" -o "src/main.o" "../src/main.cpp"
Finished building: ../src/main.cpp
 
Building target: Lab3-UDPMessenger
Invoking: GCC C++ Linker
g++ -L"/home/user/Desktop/lab3/Lab3-UDPSocket/Debug" -o "Lab3-UDPMessenger"  ./src/UDPMessenger.o ./src/main.o   -lpthread -lLab3-UDPSocket
Finished building target: Lab3-UDPMessenger
 
18:49:31 **** Incremental Build of configuration Debug for project Lab3-test ****
make all 
make: Nothing to be done for `all'.
18:50:13 **** Clean-only build of configuration Debug for project Lab3-UDPMessenger ****
make clean 
rm -rf  ./src/UDPMessenger.o ./src/main.o  ./src/UDPMessenger.d ./src/main.d  Lab3-UDPMessenger
 
18:50:14 **** Clean-only build of configuration Debug for project Lab3-UDPSocket ****
make clean 
rm -rf  ./src/MThread.o ./src/UDPSocket.o  ./src/MThread.d ./src/UDPSocket.d  libLab3-UDPSocket.a
 
18:50:14 **** Clean-only build of configuration Debug for project Lab3-test ****
make clean 
rm -rf  ./src/UdpSocketTest.o  ./src/UdpSocketTest.d  Lab3-test
 
18:50:19 **** Build of configuration Debug for project Lab3-UDPSocket ****
make all 
Building file: ../src/MThread.cpp
Invoking: GCC C++ Compiler
g++ -O0 -g3 -Wall -c -fmessage-length=0 -MMD -MP -MF"src/MThread.d" -MT"src/MThread.d" -o "src/MThread.o" "../src/MThread.cpp"
Finished building: ../src/MThread.cpp
 
Building file: ../src/UDPSocket.cpp
Invoking: GCC C++ Compiler
g++ -O0 -g3 -Wall -c -fmessage-length=0 -MMD -MP -MF"src/UDPSocket.d" -MT"src/UDPSocket.d" -o "src/UDPSocket.o" "../src/UDPSocket.cpp"
Finished building: ../src/UDPSocket.cpp
 
Building target: libLab3-UDPSocket.a
Invoking: GCC Archiver
ar -r  "libLab3-UDPSocket.a"  ./src/MThread.o ./src/UDPSocket.o   
ar: creating libLab3-UDPSocket.a
Finished building target: libLab3-UDPSocket.a
 
18:50:20 **** Build of configuration Debug for project Lab3-UDPMessenger ****
make all 
Building file: ../src/UDPMessenger.cpp
Invoking: GCC C++ Compiler
g++ -I"/home/user/Desktop/lab3/Lab3-UDPSocket/src" -O0 -g3 -Wall -c -fmessage-length=0 -MMD -MP -MF"src/UDPMessenger.d" -MT"src/UDPMessenger.d" -o "src/UDPMessenger.o" "../src/UDPMessenger.cpp"
Finished building: ../src/UDPMessenger.cpp
 
Building file: ../src/main.cpp
Invoking: GCC C++ Compiler
g++ -I"/home/user/Desktop/lab3/Lab3-UDPSocket/src" -O0 -g3 -Wall -c -fmessage-length=0 -MMD -MP -MF"src/main.d" -MT"src/main.d" -o "src/main.o" "../src/main.cpp"
Finished building: ../src/main.cpp
 
Building target: Lab3-UDPMessenger
Invoking: GCC C++ Linker
g++ -L"/home/user/Desktop/lab3/Lab3-UDPSocket/Debug" -o "Lab3-UDPMessenger"  ./src/UDPMessenger.o ./src/main.o   -lpthread -lLab3-UDPSocket
Finished building target: Lab3-UDPMessenger
 
18:50:22 **** Build of configuration Debug for project Lab3-test ****
make all 
Building file: ../src/UdpSocketTest.cpp
Invoking: GCC C++ Compiler
g++ -I"/home/user/Desktop/lab3/Lab3-UDPSocket/src" -O0 -g3 -Wall -c -fmessage-length=0 -MMD -MP -MF"src/UdpSocketTest.d" -MT"src/UdpSocketTest.d" -o "src/UdpSocketTest.o" "../src/UdpSocketTest.cpp"
Finished building: ../src/UdpSocketTest.cpp
 
Building target: Lab3-test
Invoking: GCC C++ Linker
g++ -L"/home/user/Desktop/lab3/Lab3-UDPSocket/Debug" -o "Lab3-test"  ./src/UdpSocketTest.o   -lLab3-UDPSocket
Finished building target: Lab3-test
 
18:52:34 **** Incremental Build of configuration Debug for project Lab3-UDPSocket ****
make all 
make: Nothing to be done for `all'.
18:52:35 **** Incremental Build of configuration Debug for project Lab3-UDPMessenger ****
make all 
make: Nothing to be done for `all'.
18:52:35 **** Incremental Build of configuration Debug for project Lab3-test ****
make all 
make: Nothing to be done for `all'.
18:52:42 **** Clean-only build of configuration Debug for project Lab3-UDPMessenger ****
make clean 
rm -rf  ./src/UDPMessenger.o ./src/main.o  ./src/UDPMessenger.d ./src/main.d  Lab3-UDPMessenger
 
18:52:42 **** Clean-only build of configuration Debug for project Lab3-UDPSocket ****
make clean 
rm -rf  ./src/MThread.o ./src/UDPSocket.o  ./src/MThread.d ./src/UDPSocket.d  libLab3-UDPSocket.a
 
18:52:42 **** Clean-only build of configuration Debug for project Lab3-test ****
make clean 
rm -rf  ./src/UdpSocketTest.o  ./src/UdpSocketTest.d  Lab3-test
 
18:52:49 **** Build of configuration Debug for project Lab3-UDPSocket ****
make all 
Building file: ../src/MThread.cpp
Invoking: GCC C++ Compiler
g++ -O0 -g3 -Wall -c -fmessage-length=0 -MMD -MP -MF"src/MThread.d" -MT"src/MThread.d" -o "src/MThread.o" "../src/MThread.cpp"
Finished building: ../src/MThread.cpp
 
Building file: ../src/UDPSocket.cpp
Invoking: GCC C++ Compiler
g++ -O0 -g3 -Wall -c -fmessage-length=0 -MMD -MP -MF"src/UDPSocket.d" -MT"src/UDPSocket.d" -o "src/UDPSocket.o" "../src/UDPSocket.cpp"
Finished building: ../src/UDPSocket.cpp
 
Building target: libLab3-UDPSocket.a
Invoking: GCC Archiver
ar -r  "libLab3-UDPSocket.a"  ./src/MThread.o ./src/UDPSocket.o   
ar: creating libLab3-UDPSocket.a
Finished building target: libLab3-UDPSocket.a
 
18:52:50 **** Build of configuration Debug for project Lab3-UDPMessenger ****
make all 
Building file: ../src/UDPMessenger.cpp
Invoking: GCC C++ Compiler
g++ -I"/home/user/Desktop/lab3/Lab3-UDPSocket/src" -O0 -g3 -Wall -c -fmessage-length=0 -MMD -MP -MF"src/UDPMessenger.d" -MT"src/UDPMessenger.d" -o "src/UDPMessenger.o" "../src/UDPMessenger.cpp"
Finished building: ../src/UDPMessenger.cpp
 
Building file: ../src/main.cpp
Invoking: GCC C++ Compiler
g++ -I"/home/user/Desktop/lab3/Lab3-UDPSocket/src" -O0 -g3 -Wall -c -fmessage-length=0 -MMD -MP -MF"src/main.d" -MT"src/main.d" -o "src/main.o" "../src/main.cpp"
Finished building: ../src/main.cpp
 
Building target: Lab3-UDPMessenger
Invoking: GCC C++ Linker
g++ -L"/home/user/Desktop/lab3/Lab3-UDPSocket/Debug" -o "Lab3-UDPMessenger"  ./src/UDPMessenger.o ./src/main.o   -lpthread -lLab3-UDPSocket
Finished building target: Lab3-UDPMessenger
 
18:52:52 **** Build of configuration Debug for project Lab3-test ****
make all 
Building file: ../src/UdpSocketTest.cpp
Invoking: GCC C++ Compiler
g++ -I"/home/user/Desktop/lab3/Lab3-UDPSocket/src" -O0 -g3 -Wall -c -fmessage-length=0 -MMD -MP -MF"src/UdpSocketTest.d" -MT"src/UdpSocketTest.d" -o "src/UdpSocketTest.o" "../src/UdpSocketTest.cpp"
Finished building: ../src/UdpSocketTest.cpp
 
Building target: Lab3-test
Invoking: GCC C++ Linker
g++ -L"/home/user/Desktop/lab3/Lab3-UDPSocket/Debug" -o "Lab3-test"  ./src/UdpSocketTest.o   -lLab3-UDPSocket
Finished building target: Lab3-test
 
19:01:02 **** Incremental Build of configuration Debug for project Lab3-UDPSocket ****
make all 
make: Nothing to be done for `all'.
19:01:03 **** Incremental Build of configuration Debug for project Lab3-UDPMessenger ****
make all 
make: Nothing to be done for `all'.
19:01:04 **** Incremental Build of configuration Debug for project Lab3-test ****
make all 
make: Nothing to be done for `all'.
19:02:31 **** Incremental Build of configuration Debug for project Lab3-UDPSocket ****
make all 
make: Nothing to be done for `all'.
19:02:32 **** Incremental Build of configuration Debug for project Lab3-UDPMessenger ****
make all 
make: Nothing to be done for `all'.
19:02:32 **** Incremental Build of configuration Debug for project Lab3-test ****
make all 
make: Nothing to be done for `all'.
19:07:17 **** Incremental Build of configuration Debug for project Lab3-UDPSocket ****
make all 
Building file: ../src/UDPSocket.cpp
Invoking: GCC C++ Compiler
g++ -O0 -g3 -Wall -c -fmessage-length=0 -MMD -MP -MF"src/UDPSocket.d" -MT"src/UDPSocket.d" -o "src/UDPSocket.o" "../src/UDPSocket.cpp"
../src/UDPSocket.cpp: In constructor ‘npl::UDPSocket::UDPSocket(int)’:
../src/UDPSocket.cpp:29:18: error: ‘s_in’ was not declared in this scope
../src/UDPSocket.cpp:36:2: error: ‘fsize’ was not declared in this scope
../src/UDPSocket.cpp: In member function ‘int npl::UDPSocket::recv(char*, int)’:
../src/UDPSocket.cpp:49:70: error: ‘fsize’ was not declared in this scope
../src/UDPSocket.cpp:50:1: warning: control reaches end of non-void function [-Wreturn-type]
make: *** [src/UDPSocket.o] Error 1
19:07:19 **** Incremental Build of configuration Debug for project Lab3-UDPMessenger ****
make all 
make: Nothing to be done for `all'.
19:07:19 **** Incremental Build of configuration Debug for project Lab3-test ****
make all 
make: Nothing to be done for `all'.
19:07:28 **** Incremental Build of configuration Debug for project Lab3-UDPSocket ****
make all 
Building file: ../src/UDPSocket.cpp
Invoking: GCC C++ Compiler
g++ -O0 -g3 -Wall -c -fmessage-length=0 -MMD -MP -MF"src/UDPSocket.d" -MT"src/UDPSocket.d" -o "src/UDPSocket.o" "../src/UDPSocket.cpp"
../src/UDPSocket.cpp: In member function ‘int npl::UDPSocket::recv(char*, int)’:
../src/UDPSocket.cpp:40:1: warning: no return statement in function returning non-void [-Wreturn-type]
Finished building: ../src/UDPSocket.cpp
 
Building target: libLab3-UDPSocket.a
Invoking: GCC Archiver
ar -r  "libLab3-UDPSocket.a"  ./src/MThread.o ./src/UDPSocket.o   
ar: creating libLab3-UDPSocket.a
Finished building target: libLab3-UDPSocket.a
 
19:07:30 **** Incremental Build of configuration Debug for project Lab3-UDPMessenger ****
make all 
make: Nothing to be done for `all'.
19:07:30 **** Incremental Build of configuration Debug for project Lab3-test ****
make all 
Building target: Lab3-test
Invoking: GCC C++ Linker
g++ -L"/home/user/Desktop/lab3/Lab3-UDPSocket/Debug" -o "Lab3-test"  ./src/UdpSocketTest.o   -lLab3-UDPSocket
Finished building target: Lab3-test
 
14:18:39 **** Build of configuration Debug for project Lab3-UDPSocket ****
make all 
make: Nothing to be done for `all'.
14:18:40 **** Build of configuration Debug for project Lab3-UDPMessenger ****
make all 
Building file: ../src/UDPMessenger.cpp
Invoking: GCC C++ Compiler
g++ -I"/home/user/Desktop/lab3/Lab3-UDPSocket/src" -O0 -g3 -Wall -c -fmessage-length=0 -MMD -MP -MF"src/UDPMessenger.d" -MT"src/UDPMessenger.d" -o "src/UDPMessenger.o" "../src/UDPMessenger.cpp"
Finished building: ../src/UDPMessenger.cpp
 
Building target: Lab3-UDPMessenger
Invoking: GCC C++ Linker
g++ -L"/home/user/Desktop/lab3/Lab3-UDPSocket/Debug" -o "Lab3-UDPMessenger"  ./src/UDPMessenger.o ./src/main.o   -lpthread -lLab3-UDPSocket
Finished building target: Lab3-UDPMessenger
 
14:18:44 **** Build of configuration Debug for project Lab3-test ****
make all 
Building target: Lab3-test
Invoking: GCC C++ Linker
g++ -L"/home/user/Desktop/lab3/Lab3-UDPSocket/Debug" -o "Lab3-test"  ./src/UdpSocketTest.o   -lLab3-UDPSocket
Finished building target: Lab3-test
 
14:18:51 **** Incremental Build of configuration Debug for project Lab3-UDPSocket ****
make all 
make: Nothing to be done for `all'.
14:18:52 **** Incremental Build of configuration Debug for project Lab3-test ****
make all 
make: Nothing to be done for `all'.
14:23:31 **** Clean-only build of configuration Debug for project Lab3-UDPMessenger ****
make clean 
rm -rf  ./src/UDPMessenger.o ./src/main.o  ./src/UDPMessenger.d ./src/main.d  Lab3-UDPMessenger
 
14:23:31 **** Clean-only build of configuration Debug for project Lab3-UDPSocket ****
make clean 
rm -rf  ./src/MThread.o ./src/UDPSocket.o  ./src/MThread.d ./src/UDPSocket.d  libLab3-UDPSocket.a
 
14:23:31 **** Clean-only build of configuration Debug for project Lab3-test ****
make clean 
rm -rf  ./src/UdpSocketTest.o  ./src/UdpSocketTest.d  Lab3-test
 
14:23:33 **** Build of configuration Debug for project Lab3-UDPSocket ****
make all 
Building file: ../src/MThread.cpp
Invoking: GCC C++ Compiler
g++ -O0 -g3 -Wall -c -fmessage-length=0 -MMD -MP -MF"src/MThread.d" -MT"src/MThread.d" -o "src/MThread.o" "../src/MThread.cpp"
Finished building: ../src/MThread.cpp
 
Building file: ../src/UDPSocket.cpp
Invoking: GCC C++ Compiler
g++ -O0 -g3 -Wall -c -fmessage-length=0 -MMD -MP -MF"src/UDPSocket.d" -MT"src/UDPSocket.d" -o "src/UDPSocket.o" "../src/UDPSocket.cpp"
../src/UDPSocket.cpp: In member function ‘int npl::UDPSocket::recv(char*, int)’:
../src/UDPSocket.cpp:40:1: warning: no return statement in function returning non-void [-Wreturn-type]
Finished building: ../src/UDPSocket.cpp
 
Building target: libLab3-UDPSocket.a
Invoking: GCC Archiver
ar -r  "libLab3-UDPSocket.a"  ./src/MThread.o ./src/UDPSocket.o   
ar: creating libLab3-UDPSocket.a
Finished building target: libLab3-UDPSocket.a
 
14:23:34 **** Build of configuration Debug for project Lab3-UDPMessenger ****
make all 
Building file: ../src/UDPMessenger.cpp
Invoking: GCC C++ Compiler
g++ -I"/home/user/Desktop/lab3/Lab3-UDPSocket/src" -O0 -g3 -Wall -c -fmessage-length=0 -MMD -MP -MF"src/UDPMessenger.d" -MT"src/UDPMessenger.d" -o "src/UDPMessenger.o" "../src/UDPMessenger.cpp"
Finished building: ../src/UDPMessenger.cpp
 
Building file: ../src/main.cpp
Invoking: GCC C++ Compiler
g++ -I"/home/user/Desktop/lab3/Lab3-UDPSocket/src" -O0 -g3 -Wall -c -fmessage-length=0 -MMD -MP -MF"src/main.d" -MT"src/main.d" -o "src/main.o" "../src/main.cpp"
Finished building: ../src/main.cpp
 
Building target: Lab3-UDPMessenger
Invoking: GCC C++ Linker
g++ -L"/home/user/Desktop/lab3/Lab3-UDPSocket/Debug" -o "Lab3-UDPMessenger"  ./src/UDPMessenger.o ./src/main.o   -lpthread -lLab3-UDPSocket
Finished building target: Lab3-UDPMessenger
 
14:23:35 **** Build of configuration Debug for project Lab3-test ****
make all 
Building file: ../src/UdpSocketTest.cpp
Invoking: GCC C++ Compiler
g++ -I"/home/user/Desktop/lab3/Lab3-UDPSocket/src" -O0 -g3 -Wall -c -fmessage-length=0 -MMD -MP -MF"src/UdpSocketTest.d" -MT"src/UdpSocketTest.d" -o "src/UdpSocketTest.o" "../src/UdpSocketTest.cpp"
Finished building: ../src/UdpSocketTest.cpp
 
Building target: Lab3-test
Invoking: GCC C++ Linker
g++ -L"/home/user/Desktop/lab3/Lab3-UDPSocket/Debug" -o "Lab3-test"  ./src/UdpSocketTest.o   -lLab3-UDPSocket
Finished building target: Lab3-test
 
14:29:55 **** Incremental Build of configuration Debug for project Lab3-UDPSocket ****
make all 
make: Nothing to be done for `all'.
14:29:55 **** Incremental Build of configuration Debug for project Lab3-UDPMessenger ****
make all 
make: Nothing to be done for `all'.
14:29:56 **** Incremental Build of configuration Debug for project Lab3-test ****
make all 
make: Nothing to be done for `all'.
14:36:38 **** Incremental Build of configuration Debug for project Lab3-UDPSocket ****
make all 
Building file: ../src/UDPSocket.cpp
Invoking: GCC C++ Compiler
g++ -O0 -g3 -Wall -c -fmessage-length=0 -MMD -MP -MF"src/UDPSocket.d" -MT"src/UDPSocket.d" -o "src/UDPSocket.o" "../src/UDPSocket.cpp"
../src/UDPSocket.cpp: In member function ‘int npl::UDPSocket::recv(char*, int)’:
../src/UDPSocket.cpp:44:68: error: cannot convert ‘sockaddr_in*’ to ‘sockaddr*’ for argument ‘5’ to ‘ssize_t recvfrom(int, void*, size_t, int, sockaddr*, socklen_t*)’
make: *** [src/UDPSocket.o] Error 1
14:36:39 **** Incremental Build of configuration Debug for project Lab3-UDPMessenger ****
make all 
make: Nothing to be done for `all'.
14:36:39 **** Incremental Build of configuration Debug for project Lab3-test ****
make all 
make: Nothing to be done for `all'.
14:37:15 **** Incremental Build of configuration Debug for project Lab3-UDPSocket ****
make all 
Building file: ../src/UDPSocket.cpp
Invoking: GCC C++ Compiler
g++ -O0 -g3 -Wall -c -fmessage-length=0 -MMD -MP -MF"src/UDPSocket.d" -MT"src/UDPSocket.d" -o "src/UDPSocket.o" "../src/UDPSocket.cpp"
../src/UDPSocket.cpp: In member function ‘int npl::UDPSocket::recv(char*, int)’:
../src/UDPSocket.cpp:44:79: error: invalid conversion from ‘int*’ to ‘socklen_t* {aka unsigned int*}’ [-fpermissive]
In file included from /usr/include/netinet/in.h:24:0,
                 from ../src/UDPSocket.h:11,
                 from ../src/UDPSocket.cpp:8:
/usr/include/x86_64-linux-gnu/sys/socket.h:175:16: error:   initializing argument 6 of ‘ssize_t recvfrom(int, void*, size_t, int, sockaddr*, socklen_t*)’ [-fpermissive]
make: *** [src/UDPSocket.o] Error 1
14:37:16 **** Incremental Build of configuration Debug for project Lab3-UDPMessenger ****
make all 
make: Nothing to be done for `all'.
14:37:16 **** Incremental Build of configuration Debug for project Lab3-test ****
make all 
make: Nothing to be done for `all'.
14:37:41 **** Incremental Build of configuration Debug for project Lab3-UDPSocket ****
make all 
Building file: ../src/UDPSocket.cpp
Invoking: GCC C++ Compiler
g++ -O0 -g3 -Wall -c -fmessage-length=0 -MMD -MP -MF"src/UDPSocket.d" -MT"src/UDPSocket.d" -o "src/UDPSocket.o" "../src/UDPSocket.cpp"
Finished building: ../src/UDPSocket.cpp
 
Building target: libLab3-UDPSocket.a
Invoking: GCC Archiver
ar -r  "libLab3-UDPSocket.a"  ./src/MThread.o ./src/UDPSocket.o   
ar: creating libLab3-UDPSocket.a
Finished building target: libLab3-UDPSocket.a
 
14:37:42 **** Incremental Build of configuration Debug for project Lab3-UDPMessenger ****
make all 
make: Nothing to be done for `all'.
14:37:42 **** Incremental Build of configuration Debug for project Lab3-test ****
make all 
Building target: Lab3-test
Invoking: GCC C++ Linker
g++ -L"/home/user/Desktop/lab3/Lab3-UDPSocket/Debug" -o "Lab3-test"  ./src/UdpSocketTest.o   -lLab3-UDPSocket
Finished building target: Lab3-test
 
14:43:01 **** Incremental Build of configuration Debug for project Lab3-UDPSocket ****
make all 
Building file: ../src/UDPSocket.cpp
Invoking: GCC C++ Compiler
g++ -O0 -g3 -Wall -c -fmessage-length=0 -MMD -MP -MF"src/UDPSocket.d" -MT"src/UDPSocket.d" -o "src/UDPSocket.o" "../src/UDPSocket.cpp"
Finished building: ../src/UDPSocket.cpp
 
Building target: libLab3-UDPSocket.a
Invoking: GCC Archiver
ar -r  "libLab3-UDPSocket.a"  ./src/MThread.o ./src/UDPSocket.o   
ar: creating libLab3-UDPSocket.a
Finished building target: libLab3-UDPSocket.a
 
14:43:02 **** Incremental Build of configuration Debug for project Lab3-UDPMessenger ****
make all 
make: Nothing to be done for `all'.
14:43:02 **** Incremental Build of configuration Debug for project Lab3-test ****
make all 
Building target: Lab3-test
Invoking: GCC C++ Linker
g++ -L"/home/user/Desktop/lab3/Lab3-UDPSocket/Debug" -o "Lab3-test"  ./src/UdpSocketTest.o   -lLab3-UDPSocket
Finished building target: Lab3-test
 
14:43:06 **** Incremental Build of configuration Debug for project Lab3-UDPSocket ****
make all 
make: Nothing to be done for `all'.
14:43:06 **** Incremental Build of configuration Debug for project Lab3-test ****
make all 
make: Nothing to be done for `all'.
15:21:01 **** Incremental Build of configuration Debug for project Lab3-UDPSocket ****
make all 
Building file: ../src/UDPSocket.cpp
Invoking: GCC C++ Compiler
g++ -O0 -g3 -Wall -c -fmessage-length=0 -MMD -MP -MF"src/UDPSocket.d" -MT"src/UDPSocket.d" -o "src/UDPSocket.o" "../src/UDPSocket.cpp"
Finished building: ../src/UDPSocket.cpp
 
Building target: libLab3-UDPSocket.a
Invoking: GCC Archiver
ar -r  "libLab3-UDPSocket.a"  ./src/MThread.o ./src/UDPSocket.o   
ar: creating libLab3-UDPSocket.a
Finished building target: libLab3-UDPSocket.a
 
15:21:02 **** Incremental Build of configuration Debug for project Lab3-UDPMessenger ****
make all 
Building file: ../src/UDPMessenger.cpp
Invoking: GCC C++ Compiler
g++ -I"/home/user/Desktop/lab3/Lab3-UDPSocket/src" -O0 -g3 -Wall -c -fmessage-length=0 -MMD -MP -MF"src/UDPMessenger.d" -MT"src/UDPMessenger.d" -o "src/UDPMessenger.o" "../src/UDPMessenger.cpp"
../src/UDPMessenger.cpp:33:6: error: prototype for ‘void npl::UDPMessenger::sendTo(const string&, const string&)’ does not match any in class ‘npl::UDPMessenger’
In file included from ../src/UDPMessenger.cpp:9:0:
../src/UDPMessenger.h:28:7: error: candidate is: void npl::UDPMessenger::sendTo(std::string, std::string)
make: *** [src/UDPMessenger.o] Error 1
15:21:03 **** Incremental Build of configuration Debug for project Lab3-test ****
make all 
Building target: Lab3-test
Invoking: GCC C++ Linker
g++ -L"/home/user/Desktop/lab3/Lab3-UDPSocket/Debug" -o "Lab3-test"  ./src/UdpSocketTest.o   -lLab3-UDPSocket
Finished building target: Lab3-test
 
15:22:29 **** Incremental Build of configuration Debug for project Lab3-UDPSocket ****
make all 
make: Nothing to be done for `all'.
15:22:30 **** Incremental Build of configuration Debug for project Lab3-UDPMessenger ****
make all 
Building file: ../src/UDPMessenger.cpp
Invoking: GCC C++ Compiler
g++ -I"/home/user/Desktop/lab3/Lab3-UDPSocket/src" -O0 -g3 -Wall -c -fmessage-length=0 -MMD -MP -MF"src/UDPMessenger.d" -MT"src/UDPMessenger.d" -o "src/UDPMessenger.o" "../src/UDPMessenger.cpp"
../src/UDPMessenger.cpp: In member function ‘void npl::UDPMessenger::sendTo(const string&, const string&)’:
../src/UDPMessenger.cpp:34:26: error: no matching function for call to ‘npl::UDPSocket::sendTo(const string&, const string&)’
../src/UDPMessenger.cpp:34:26: note: candidate is:
In file included from ../src/UDPMessenger.h:10:0,
                 from ../src/UDPMessenger.cpp:9:
/home/user/Desktop/lab3/Lab3-UDPSocket/src/UDPSocket.h:27:6: note: int npl::UDPSocket::sendTo(const string&, const string&, int)
/home/user/Desktop/lab3/Lab3-UDPSocket/src/UDPSocket.h:27:6: note:   candidate expects 3 arguments, 2 provided
make: *** [src/UDPMessenger.o] Error 1
15:22:30 **** Incremental Build of configuration Debug for project Lab3-test ****
make all 
make: Nothing to be done for `all'.
15:22:52 **** Incremental Build of configuration Debug for project Lab3-UDPSocket ****
make all 
make: Nothing to be done for `all'.
15:22:52 **** Incremental Build of configuration Debug for project Lab3-UDPMessenger ****
make all 
Building file: ../src/UDPMessenger.cpp
Invoking: GCC C++ Compiler
g++ -I"/home/user/Desktop/lab3/Lab3-UDPSocket/src" -O0 -g3 -Wall -c -fmessage-length=0 -MMD -MP -MF"src/UDPMessenger.d" -MT"src/UDPMessenger.d" -o "src/UDPMessenger.o" "../src/UDPMessenger.cpp"
../src/UDPMessenger.cpp: In member function ‘void npl::UDPMessenger::sendTo(const string&, const string&)’:
../src/UDPMessenger.cpp:34:26: error: no matching function for call to ‘npl::UDPSocket::sendTo(const string&, const string&)’
../src/UDPMessenger.cpp:34:26: note: candidate is:
In file included from ../src/UDPMessenger.h:10:0,
                 from ../src/UDPMessenger.cpp:9:
/home/user/Desktop/lab3/Lab3-UDPSocket/src/UDPSocket.h:27:6: note: int npl::UDPSocket::sendTo(const string&, const string&, int)
/home/user/Desktop/lab3/Lab3-UDPSocket/src/UDPSocket.h:27:6: note:   candidate expects 3 arguments, 2 provided
make: *** [src/UDPMessenger.o] Error 1
15:22:52 **** Incremental Build of configuration Debug for project Lab3-test ****
make all 
make: Nothing to be done for `all'.
15:23:10 **** Incremental Build of configuration Debug for project Lab3-UDPSocket ****
make all 
make: Nothing to be done for `all'.
15:23:10 **** Incremental Build of configuration Debug for project Lab3-UDPMessenger ****
make all 
Building file: ../src/UDPMessenger.cpp
Invoking: GCC C++ Compiler
g++ -I"/home/user/Desktop/lab3/Lab3-UDPSocket/src" -O0 -g3 -Wall -c -fmessage-length=0 -MMD -MP -MF"src/UDPMessenger.d" -MT"src/UDPMessenger.d" -o "src/UDPMessenger.o" "../src/UDPMessenger.cpp"
Finished building: ../src/UDPMessenger.cpp
 
Building target: Lab3-UDPMessenger
Invoking: GCC C++ Linker
g++ -L"/home/user/Desktop/lab3/Lab3-UDPSocket/Debug" -o "Lab3-UDPMessenger"  ./src/UDPMessenger.o ./src/main.o   -lpthread -lLab3-UDPSocket
./src/main.o: In function `main':
/home/user/Desktop/lab3/Lab3-UDPMessenger/Debug/../src/main.cpp:34: undefined reference to `npl::UDPMessenger::sendTo(std::string, std::string)'
/home/user/Desktop/lab3/Lab3-UDPMessenger/Debug/../src/main.cpp:38: undefined reference to `npl::UDPMessenger::reply(std::string)'
collect2: error: ld returned 1 exit status
make: *** [Lab3-UDPMessenger] Error 1
15:23:11 **** Incremental Build of configuration Debug for project Lab3-test ****
make all 
make: Nothing to be done for `all'.
15:24:46 **** Incremental Build of configuration Debug for project Lab3-UDPSocket ****
make all 
make: Nothing to be done for `all'.
15:24:46 **** Incremental Build of configuration Debug for project Lab3-UDPMessenger ****
make all 
Building file: ../src/UDPMessenger.cpp
Invoking: GCC C++ Compiler
g++ -I"/home/user/Desktop/lab3/Lab3-UDPSocket/src" -O0 -g3 -Wall -c -fmessage-length=0 -MMD -MP -MF"src/UDPMessenger.d" -MT"src/UDPMessenger.d" -o "src/UDPMessenger.o" "../src/UDPMessenger.cpp"
Finished building: ../src/UDPMessenger.cpp
 
Building target: Lab3-UDPMessenger
Invoking: GCC C++ Linker
g++ -L"/home/user/Desktop/lab3/Lab3-UDPSocket/Debug" -o "Lab3-UDPMessenger"  ./src/UDPMessenger.o ./src/main.o   -lpthread -lLab3-UDPSocket
./src/main.o: In function `main':
/home/user/Desktop/lab3/Lab3-UDPMessenger/Debug/../src/main.cpp:34: undefined reference to `npl::UDPMessenger::sendTo(std::string, std::string)'
/home/user/Desktop/lab3/Lab3-UDPMessenger/Debug/../src/main.cpp:38: undefined reference to `npl::UDPMessenger::reply(std::string)'
collect2: error: ld returned 1 exit status
make: *** [Lab3-UDPMessenger] Error 1
15:24:47 **** Incremental Build of configuration Debug for project Lab3-test ****
make all 
make: Nothing to be done for `all'.
15:25:15 **** Incremental Build of configuration Debug for project Lab3-UDPSocket ****
make all 
make: Nothing to be done for `all'.
15:25:15 **** Incremental Build of configuration Debug for project Lab3-UDPMessenger ****
make all 
Building target: Lab3-UDPMessenger
Invoking: GCC C++ Linker
g++ -L"/home/user/Desktop/lab3/Lab3-UDPSocket/Debug" -o "Lab3-UDPMessenger"  ./src/UDPMessenger.o ./src/main.o   -lpthread -lLab3-UDPSocket
./src/main.o: In function `main':
/home/user/Desktop/lab3/Lab3-UDPMessenger/Debug/../src/main.cpp:34: undefined reference to `npl::UDPMessenger::sendTo(std::string, std::string)'
/home/user/Desktop/lab3/Lab3-UDPMessenger/Debug/../src/main.cpp:38: undefined reference to `npl::UDPMessenger::reply(std::string)'
collect2: error: ld returned 1 exit status
make: *** [Lab3-UDPMessenger] Error 1
15:25:16 **** Incremental Build of configuration Debug for project Lab3-test ****
make all 
make: Nothing to be done for `all'.
15:26:54 **** Clean-only build of configuration Debug for project Lab3-UDPMessenger ****
make clean 
rm -rf  ./src/UDPMessenger.o ./src/main.o  ./src/UDPMessenger.d ./src/main.d  Lab3-UDPMessenger
 
15:26:54 **** Clean-only build of configuration Debug for project Lab3-UDPSocket ****
make clean 
rm -rf  ./src/MThread.o ./src/UDPSocket.o  ./src/MThread.d ./src/UDPSocket.d  libLab3-UDPSocket.a
 
15:26:54 **** Clean-only build of configuration Debug for project Lab3-test ****
make clean 
rm -rf  ./src/UdpSocketTest.o  ./src/UdpSocketTest.d  Lab3-test
 
15:26:56 **** Build of configuration Debug for project Lab3-UDPSocket ****
make all 
Building file: ../src/MThread.cpp
Invoking: GCC C++ Compiler
g++ -O0 -g3 -Wall -c -fmessage-length=0 -MMD -MP -MF"src/MThread.d" -MT"src/MThread.d" -o "src/MThread.o" "../src/MThread.cpp"
Finished building: ../src/MThread.cpp
 
Building file: ../src/UDPSocket.cpp
Invoking: GCC C++ Compiler
g++ -O0 -g3 -Wall -c -fmessage-length=0 -MMD -MP -MF"src/UDPSocket.d" -MT"src/UDPSocket.d" -o "src/UDPSocket.o" "../src/UDPSocket.cpp"
Finished building: ../src/UDPSocket.cpp
 
Building target: libLab3-UDPSocket.a
Invoking: GCC Archiver
ar -r  "libLab3-UDPSocket.a"  ./src/MThread.o ./src/UDPSocket.o   
ar: creating libLab3-UDPSocket.a
Finished building target: libLab3-UDPSocket.a
 
15:26:57 **** Build of configuration Debug for project Lab3-UDPMessenger ****
make all 
Building file: ../src/UDPMessenger.cpp
Invoking: GCC C++ Compiler
g++ -I"/home/user/Desktop/lab3/Lab3-UDPSocket/src" -O0 -g3 -Wall -c -fmessage-length=0 -MMD -MP -MF"src/UDPMessenger.d" -MT"src/UDPMessenger.d" -o "src/UDPMessenger.o" "../src/UDPMessenger.cpp"
Finished building: ../src/UDPMessenger.cpp
 
Building file: ../src/main.cpp
Invoking: GCC C++ Compiler
g++ -I"/home/user/Desktop/lab3/Lab3-UDPSocket/src" -O0 -g3 -Wall -c -fmessage-length=0 -MMD -MP -MF"src/main.d" -MT"src/main.d" -o "src/main.o" "../src/main.cpp"
Finished building: ../src/main.cpp
 
Building target: Lab3-UDPMessenger
Invoking: GCC C++ Linker
g++ -L"/home/user/Desktop/lab3/Lab3-UDPSocket/Debug" -o "Lab3-UDPMessenger"  ./src/UDPMessenger.o ./src/main.o   -lpthread -lLab3-UDPSocket
Finished building target: Lab3-UDPMessenger
 
15:26:58 **** Build of configuration Debug for project Lab3-test ****
make all 
Building file: ../src/UdpSocketTest.cpp
Invoking: GCC C++ Compiler
g++ -I"/home/user/Desktop/lab3/Lab3-UDPSocket/src" -O0 -g3 -Wall -c -fmessage-length=0 -MMD -MP -MF"src/UdpSocketTest.d" -MT"src/UdpSocketTest.d" -o "src/UdpSocketTest.o" "../src/UdpSocketTest.cpp"
Finished building: ../src/UdpSocketTest.cpp
 
Building target: Lab3-test
Invoking: GCC C++ Linker
g++ -L"/home/user/Desktop/lab3/Lab3-UDPSocket/Debug" -o "Lab3-test"  ./src/UdpSocketTest.o   -lLab3-UDPSocket
Finished building target: Lab3-test
 
15:27:09 **** Incremental Build of configuration Debug for project Lab3-UDPSocket ****
make all 
make: Nothing to be done for `all'.
15:27:09 **** Incremental Build of configuration Debug for project Lab3-UDPMessenger ****
make all 
make: Nothing to be done for `all'.
15:27:38 **** Incremental Build of configuration Debug for project Lab3-UDPSocket ****
make all 
make: Nothing to be done for `all'.
15:27:38 **** Incremental Build of configuration Debug for project Lab3-UDPMessenger ****
make all 
make: Nothing to be done for `all'.
15:27:38 **** Incremental Build of configuration Debug for project Lab3-test ****
make all 
make: Nothing to be done for `all'.
15:27:47 **** Incremental Build of configuration Debug for project Lab3-UDPSocket ****
make all 
make: Nothing to be done for `all'.
15:27:48 **** Incremental Build of configuration Debug for project Lab3-UDPMessenger ****
make all 
Building file: ../src/UDPMessenger.cpp
Invoking: GCC C++ Compiler
g++ -I"/home/user/Desktop/lab3/Lab3-UDPSocket/src" -O0 -g3 -Wall -c -fmessage-length=0 -MMD -MP -MF"src/UDPMessenger.d" -MT"src/UDPMessenger.d" -o "src/UDPMessenger.o" "../src/UDPMessenger.cpp"
Finished building: ../src/UDPMessenger.cpp
 
Building file: ../src/main.cpp
Invoking: GCC C++ Compiler
g++ -I"/home/user/Desktop/lab3/Lab3-UDPSocket/src" -O0 -g3 -Wall -c -fmessage-length=0 -MMD -MP -MF"src/main.d" -MT"src/main.d" -o "src/main.o" "../src/main.cpp"
Finished building: ../src/main.cpp
 
Building target: Lab3-UDPMessenger
Invoking: GCC C++ Linker
g++ -L"/home/user/Desktop/lab3/Lab3-UDPSocket/Debug" -o "Lab3-UDPMessenger"  ./src/UDPMessenger.o ./src/main.o   -lpthread -lLab3-UDPSocket
Finished building target: Lab3-UDPMessenger
 
15:29:14 **** Incremental Build of configuration Debug for project Lab3-UDPSocket ****
make all 
make: Nothing to be done for `all'.
15:29:14 **** Incremental Build of configuration Debug for project Lab3-UDPMessenger ****
make all 
Building file: ../src/UDPMessenger.cpp
Invoking: GCC C++ Compiler
g++ -I"/home/user/Desktop/lab3/Lab3-UDPSocket/src" -O0 -g3 -Wall -c -fmessage-length=0 -MMD -MP -MF"src/UDPMessenger.d" -MT"src/UDPMessenger.d" -o "src/UDPMessenger.o" "../src/UDPMessenger.cpp"
Finished building: ../src/UDPMessenger.cpp
 
Building target: Lab3-UDPMessenger
Invoking: GCC C++ Linker
g++ -L"/home/user/Desktop/lab3/Lab3-UDPSocket/Debug" -o "Lab3-UDPMessenger"  ./src/UDPMessenger.o ./src/main.o   -lpthread -lLab3-UDPSocket
Finished building target: Lab3-UDPMessenger
 
15:29:47 **** Incremental Build of configuration Debug for project Lab3-UDPSocket ****
make all 
make: Nothing to be done for `all'.
15:29:47 **** Incremental Build of configuration Debug for project Lab3-UDPMessenger ****
make all 
make: Nothing to be done for `all'.
15:32:53 **** Incremental Build of configuration Debug for project Lab3-UDPSocket ****
make all 
Building file: ../src/UDPSocket.cpp
Invoking: GCC C++ Compiler
g++ -O0 -g3 -Wall -c -fmessage-length=0 -MMD -MP -MF"src/UDPSocket.d" -MT"src/UDPSocket.d" -o "src/UDPSocket.o" "../src/UDPSocket.cpp"
Finished building: ../src/UDPSocket.cpp
 
Building target: libLab3-UDPSocket.a
Invoking: GCC Archiver
ar -r  "libLab3-UDPSocket.a"  ./src/MThread.o ./src/UDPSocket.o   
ar: creating libLab3-UDPSocket.a
Finished building target: libLab3-UDPSocket.a
 
15:32:54 **** Incremental Build of configuration Debug for project Lab3-UDPMessenger ****
make all 
make: Nothing to be done for `all'.
15:32:54 **** Incremental Build of configuration Debug for project Lab3-test ****
make all 
Building target: Lab3-test
Invoking: GCC C++ Linker
g++ -L"/home/user/Desktop/lab3/Lab3-UDPSocket/Debug" -o "Lab3-test"  ./src/UdpSocketTest.o   -lLab3-UDPSocket
Finished building target: Lab3-test
 
15:33:06 **** Clean-only build of configuration Debug for project Lab3-UDPMessenger ****
make clean 
rm -rf  ./src/UDPMessenger.o ./src/main.o  ./src/UDPMessenger.d ./src/main.d  Lab3-UDPMessenger
 
15:33:07 **** Clean-only build of configuration Debug for project Lab3-UDPSocket ****
make clean 
rm -rf  ./src/MThread.o ./src/UDPSocket.o  ./src/MThread.d ./src/UDPSocket.d  libLab3-UDPSocket.a
 
15:33:07 **** Clean-only build of configuration Debug for project Lab3-test ****
make clean 
rm -rf  ./src/UdpSocketTest.o  ./src/UdpSocketTest.d  Lab3-test
 
15:33:10 **** Build of configuration Debug for project Lab3-UDPSocket ****
make all 
Building file: ../src/MThread.cpp
Invoking: GCC C++ Compiler
g++ -O0 -g3 -Wall -c -fmessage-length=0 -MMD -MP -MF"src/MThread.d" -MT"src/MThread.d" -o "src/MThread.o" "../src/MThread.cpp"
Finished building: ../src/MThread.cpp
 
Building file: ../src/UDPSocket.cpp
Invoking: GCC C++ Compiler
g++ -O0 -g3 -Wall -c -fmessage-length=0 -MMD -MP -MF"src/UDPSocket.d" -MT"src/UDPSocket.d" -o "src/UDPSocket.o" "../src/UDPSocket.cpp"
Finished building: ../src/UDPSocket.cpp
 
Building target: libLab3-UDPSocket.a
Invoking: GCC Archiver
ar -r  "libLab3-UDPSocket.a"  ./src/MThread.o ./src/UDPSocket.o   
ar: creating libLab3-UDPSocket.a
Finished building target: libLab3-UDPSocket.a
 
15:33:11 **** Build of configuration Debug for project Lab3-UDPMessenger ****
make all 
Building file: ../src/UDPMessenger.cpp
Invoking: GCC C++ Compiler
g++ -I"/home/user/Desktop/lab3/Lab3-UDPSocket/src" -O0 -g3 -Wall -c -fmessage-length=0 -MMD -MP -MF"src/UDPMessenger.d" -MT"src/UDPMessenger.d" -o "src/UDPMessenger.o" "../src/UDPMessenger.cpp"
Finished building: ../src/UDPMessenger.cpp
 
Building file: ../src/main.cpp
Invoking: GCC C++ Compiler
g++ -I"/home/user/Desktop/lab3/Lab3-UDPSocket/src" -O0 -g3 -Wall -c -fmessage-length=0 -MMD -MP -MF"src/main.d" -MT"src/main.d" -o "src/main.o" "../src/main.cpp"
Finished building: ../src/main.cpp
 
Building target: Lab3-UDPMessenger
Invoking: GCC C++ Linker
g++ -L"/home/user/Desktop/lab3/Lab3-UDPSocket/Debug" -o "Lab3-UDPMessenger"  ./src/UDPMessenger.o ./src/main.o   -lpthread -lLab3-UDPSocket
Finished building target: Lab3-UDPMessenger
 
15:33:11 **** Build of configuration Debug for project Lab3-test ****
make all 
Building file: ../src/UdpSocketTest.cpp
Invoking: GCC C++ Compiler
g++ -I"/home/user/Desktop/lab3/Lab3-UDPSocket/src" -O0 -g3 -Wall -c -fmessage-length=0 -MMD -MP -MF"src/UdpSocketTest.d" -MT"src/UdpSocketTest.d" -o "src/UdpSocketTest.o" "../src/UdpSocketTest.cpp"
Finished building: ../src/UdpSocketTest.cpp
 
Building target: Lab3-test
Invoking: GCC C++ Linker
g++ -L"/home/user/Desktop/lab3/Lab3-UDPSocket/Debug" -o "Lab3-test"  ./src/UdpSocketTest.o   -lLab3-UDPSocket
Finished building target: Lab3-test
 
15:33:19 **** Incremental Build of configuration Debug for project Lab3-UDPSocket ****
make all 
make: Nothing to be done for `all'.
15:33:19 **** Incremental Build of configuration Debug for project Lab3-UDPMessenger ****
make all 
make: Nothing to be done for `all'.
15:33:27 **** Incremental Build of configuration Debug for project Lab3-UDPSocket ****
make all 
make: Nothing to be done for `all'.
15:33:27 **** Incremental Build of configuration Debug for project Lab3-UDPMessenger ****
make all 
make: Nothing to be done for `all'.
15:34:18 **** Incremental Build of configuration Debug for project Lab3-UDPMessenger ****
make all 
make: Nothing to be done for `all'.
15:50:55 **** Clean-only build of configuration Debug for project Lab3-UDPMessenger ****
make clean 
rm -rf  ./src/UDPMessenger.o ./src/main.o  ./src/UDPMessenger.d ./src/main.d  Lab3-UDPMessenger
 
15:50:55 **** Clean-only build of configuration Debug for project Lab3-UDPSocket ****
make clean 
rm -rf  ./src/MThread.o ./src/UDPSocket.o  ./src/MThread.d ./src/UDPSocket.d  libLab3-UDPSocket.a
 
15:50:56 **** Clean-only build of configuration Debug for project Lab3-test ****
make clean 
rm -rf  ./src/UdpSocketTest.o  ./src/UdpSocketTest.d  Lab3-test
 
15:50:57 **** Build of configuration Debug for project Lab3-UDPSocket ****
make all 
Building file: ../src/MThread.cpp
Invoking: GCC C++ Compiler
g++ -O0 -g3 -Wall -c -fmessage-length=0 -MMD -MP -MF"src/MThread.d" -MT"src/MThread.d" -o "src/MThread.o" "../src/MThread.cpp"
Finished building: ../src/MThread.cpp
 
Building file: ../src/UDPSocket.cpp
Invoking: GCC C++ Compiler
g++ -O0 -g3 -Wall -c -fmessage-length=0 -MMD -MP -MF"src/UDPSocket.d" -MT"src/UDPSocket.d" -o "src/UDPSocket.o" "../src/UDPSocket.cpp"
Finished building: ../src/UDPSocket.cpp
 
Building target: libLab3-UDPSocket.a
Invoking: GCC Archiver
ar -r  "libLab3-UDPSocket.a"  ./src/MThread.o ./src/UDPSocket.o   
ar: creating libLab3-UDPSocket.a
Finished building target: libLab3-UDPSocket.a
 
15:51:00 **** Build of configuration Debug for project Lab3-UDPMessenger ****
make all 
Building file: ../src/UDPMessenger.cpp
Invoking: GCC C++ Compiler
g++ -I"/home/user/Desktop/lab3/Lab3-UDPSocket/src" -O0 -g3 -Wall -c -fmessage-length=0 -MMD -MP -MF"src/UDPMessenger.d" -MT"src/UDPMessenger.d" -o "src/UDPMessenger.o" "../src/UDPMessenger.cpp"
Finished building: ../src/UDPMessenger.cpp
 
Building file: ../src/main.cpp
Invoking: GCC C++ Compiler
g++ -I"/home/user/Desktop/lab3/Lab3-UDPSocket/src" -O0 -g3 -Wall -c -fmessage-length=0 -MMD -MP -MF"src/main.d" -MT"src/main.d" -o "src/main.o" "../src/main.cpp"
Finished building: ../src/main.cpp
 
Building target: Lab3-UDPMessenger
Invoking: GCC C++ Linker
g++ -L"/home/user/Desktop/lab3/Lab3-UDPSocket/Debug" -o "Lab3-UDPMessenger"  ./src/UDPMessenger.o ./src/main.o   -lpthread -lLab3-UDPSocket
Finished building target: Lab3-UDPMessenger
 
15:51:01 **** Build of configuration Debug for project Lab3-test ****
make all 
Building file: ../src/UdpSocketTest.cpp
Invoking: GCC C++ Compiler
g++ -I"/home/user/Desktop/lab3/Lab3-UDPSocket/src" -O0 -g3 -Wall -c -fmessage-length=0 -MMD -MP -MF"src/UdpSocketTest.d" -MT"src/UdpSocketTest.d" -o "src/UdpSocketTest.o" "../src/UdpSocketTest.cpp"
Finished building: ../src/UdpSocketTest.cpp
 
Building target: Lab3-test
Invoking: GCC C++ Linker
g++ -L"/home/user/Desktop/lab3/Lab3-UDPSocket/Debug" -o "Lab3-test"  ./src/UdpSocketTest.o   -lLab3-UDPSocket
Finished building target: Lab3-test
 
16:15:09 **** Incremental Build of configuration Debug for project Lab3-UDPSocket ****
make all 
Building file: ../src/UDPSocket.cpp
Invoking: GCC C++ Compiler
g++ -O0 -g3 -Wall -c -fmessage-length=0 -MMD -MP -MF"src/UDPSocket.d" -MT"src/UDPSocket.d" -o "src/UDPSocket.o" "../src/UDPSocket.cpp"
Finished building: ../src/UDPSocket.cpp
 
Building target: libLab3-UDPSocket.a
Invoking: GCC Archiver
ar -r  "libLab3-UDPSocket.a"  ./src/MThread.o ./src/UDPSocket.o   
ar: creating libLab3-UDPSocket.a
Finished building target: libLab3-UDPSocket.a
 
16:15:09 **** Incremental Build of configuration Debug for project Lab3-UDPMessenger ****
make all 
make: Nothing to be done for `all'.
16:15:10 **** Incremental Build of configuration Debug for project Lab3-test ****
make all 
Building target: Lab3-test
Invoking: GCC C++ Linker
g++ -L"/home/user/Desktop/lab3/Lab3-UDPSocket/Debug" -o "Lab3-test"  ./src/UdpSocketTest.o   -lLab3-UDPSocket
Finished building target: Lab3-test
 
16:19:28 **** Incremental Build of configuration Debug for project Lab3-UDPSocket ****
make all 
make: Nothing to be done for `all'.
16:19:29 **** Incremental Build of configuration Debug for project Lab3-UDPMessenger ****
make all 
make: Nothing to be done for `all'.
16:21:17 **** Incremental Build of configuration Debug for project Lab3-UDPSocket ****
make all 
make: Nothing to be done for `all'.
16:21:18 **** Incremental Build of configuration Debug for project Lab3-UDPMessenger ****
make all 
make: Nothing to be done for `all'.
16:21:18 **** Incremental Build of configuration Debug for project Lab3-test ****
make all 
make: Nothing to be done for `all'.
16:21:26 **** Incremental Build of configuration Debug for project Lab3-UDPSocket ****
make all 
Building file: ../src/UDPSocket.cpp
Invoking: GCC C++ Compiler
g++ -O0 -g3 -Wall -c -fmessage-length=0 -MMD -MP -MF"src/UDPSocket.d" -MT"src/UDPSocket.d" -o "src/UDPSocket.o" "../src/UDPSocket.cpp"
Finished building: ../src/UDPSocket.cpp
 
Building target: libLab3-UDPSocket.a
Invoking: GCC Archiver
ar -r  "libLab3-UDPSocket.a"  ./src/MThread.o ./src/UDPSocket.o   
ar: creating libLab3-UDPSocket.a
Finished building target: libLab3-UDPSocket.a
 
16:21:27 **** Incremental Build of configuration Debug for project Lab3-UDPMessenger ****
make all 
make: Nothing to be done for `all'.
16:21:45 **** Incremental Build of configuration Debug for project Lab3-UDPSocket ****
make all 
make: Nothing to be done for `all'.
16:21:45 **** Incremental Build of configuration Debug for project Lab3-UDPMessenger ****
make all 
make: Nothing to be done for `all'.
16:22:09 **** Clean-only build of configuration Debug for project Lab3-UDPMessenger ****
make clean 
rm -rf  ./src/UDPMessenger.o ./src/main.o  ./src/UDPMessenger.d ./src/main.d  Lab3-UDPMessenger
 
16:22:09 **** Clean-only build of configuration Debug for project Lab3-UDPSocket ****
make clean 
rm -rf  ./src/MThread.o ./src/UDPSocket.o  ./src/MThread.d ./src/UDPSocket.d  libLab3-UDPSocket.a
 
16:22:09 **** Clean-only build of configuration Debug for project Lab3-test ****
make clean 
rm -rf  ./src/UdpSocketTest.o  ./src/UdpSocketTest.d  Lab3-test
 
16:22:12 **** Build of configuration Debug for project Lab3-UDPSocket ****
make all 
Building file: ../src/MThread.cpp
Invoking: GCC C++ Compiler
g++ -O0 -g3 -Wall -c -fmessage-length=0 -MMD -MP -MF"src/MThread.d" -MT"src/MThread.d" -o "src/MThread.o" "../src/MThread.cpp"
Finished building: ../src/MThread.cpp
 
Building file: ../src/UDPSocket.cpp
Invoking: GCC C++ Compiler
g++ -O0 -g3 -Wall -c -fmessage-length=0 -MMD -MP -MF"src/UDPSocket.d" -MT"src/UDPSocket.d" -o "src/UDPSocket.o" "../src/UDPSocket.cpp"
Finished building: ../src/UDPSocket.cpp
 
Building target: libLab3-UDPSocket.a
Invoking: GCC Archiver
ar -r  "libLab3-UDPSocket.a"  ./src/MThread.o ./src/UDPSocket.o   
ar: creating libLab3-UDPSocket.a
Finished building target: libLab3-UDPSocket.a
 
16:22:13 **** Build of configuration Debug for project Lab3-UDPMessenger ****
make all 
Building file: ../src/UDPMessenger.cpp
Invoking: GCC C++ Compiler
g++ -I"/home/user/Desktop/lab3/Lab3-UDPSocket/src" -O0 -g3 -Wall -c -fmessage-length=0 -MMD -MP -MF"src/UDPMessenger.d" -MT"src/UDPMessenger.d" -o "src/UDPMessenger.o" "../src/UDPMessenger.cpp"
Finished building: ../src/UDPMessenger.cpp
 
Building file: ../src/main.cpp
Invoking: GCC C++ Compiler
g++ -I"/home/user/Desktop/lab3/Lab3-UDPSocket/src" -O0 -g3 -Wall -c -fmessage-length=0 -MMD -MP -MF"src/main.d" -MT"src/main.d" -o "src/main.o" "../src/main.cpp"
Finished building: ../src/main.cpp
 
Building target: Lab3-UDPMessenger
Invoking: GCC C++ Linker
g++ -L"/home/user/Desktop/lab3/Lab3-UDPSocket/Debug" -o "Lab3-UDPMessenger"  ./src/UDPMessenger.o ./src/main.o   -lpthread -lLab3-UDPSocket
Finished building target: Lab3-UDPMessenger
 
16:22:14 **** Build of configuration Debug for project Lab3-test ****
make all 
Building file: ../src/UdpSocketTest.cpp
Invoking: GCC C++ Compiler
g++ -I"/home/user/Desktop/lab3/Lab3-UDPSocket/src" -O0 -g3 -Wall -c -fmessage-length=0 -MMD -MP -MF"src/UdpSocketTest.d" -MT"src/UdpSocketTest.d" -o "src/UdpSocketTest.o" "../src/UdpSocketTest.cpp"
Finished building: ../src/UdpSocketTest.cpp
 
Building target: Lab3-test
Invoking: GCC C++ Linker
g++ -L"/home/user/Desktop/lab3/Lab3-UDPSocket/Debug" -o "Lab3-test"  ./src/UdpSocketTest.o   -lLab3-UDPSocket
Finished building target: Lab3-test
 
16:22:15 **** Incremental Build of configuration Debug for project Lab3-UDPSocket ****
make all 
make: Nothing to be done for `all'.
16:22:16 **** Incremental Build of configuration Debug for project Lab3-UDPMessenger ****
make all 
make: Nothing to be done for `all'.
16:24:12 **** Incremental Build of configuration Debug for project Lab3-UDPSocket ****
make all 
make: Nothing to be done for `all'.
16:24:12 **** Incremental Build of configuration Debug for project Lab3-test ****
make all 
make: Nothing to be done for `all'.
16:24:51 **** Incremental Build of configuration Debug for project Lab3-UDPSocket ****
make all 
make: Nothing to be done for `all'.
16:25:05 **** Incremental Build of configuration Debug for project Lab3-UDPMessenger ****
make all 
make: Nothing to be done for `all'.
16:28:40 **** Incremental Build of configuration Debug for project Lab3-UDPSocket ****
make all 
make: Nothing to be done for `all'.
16:28:41 **** Incremental Build of configuration Debug for project Lab3-UDPMessenger ****
make all 
Building file: ../src/UDPMessenger.cpp
Invoking: GCC C++ Compiler
g++ -I"/home/user/Desktop/lab3/Lab3-UDPSocket/src" -O0 -g3 -Wall -c -fmessage-length=0 -MMD -MP -MF"src/UDPMessenger.d" -MT"src/UDPMessenger.d" -o "src/UDPMessenger.o" "../src/UDPMessenger.cpp"
Finished building: ../src/UDPMessenger.cpp
 
Building file: ../src/main.cpp
Invoking: GCC C++ Compiler
g++ -I"/home/user/Desktop/lab3/Lab3-UDPSocket/src" -O0 -g3 -Wall -c -fmessage-length=0 -MMD -MP -MF"src/main.d" -MT"src/main.d" -o "src/main.o" "../src/main.cpp"
Finished building: ../src/main.cpp
 
Building target: Lab3-UDPMessenger
Invoking: GCC C++ Linker
g++ -L"/home/user/Desktop/lab3/Lab3-UDPSocket/Debug" -o "Lab3-UDPMessenger"  ./src/UDPMessenger.o ./src/main.o   -lpthread -lLab3-UDPSocket
Finished building target: Lab3-UDPMessenger
 
16:28:42 **** Incremental Build of configuration Debug for project Lab3-test ****
make all 
make: Nothing to be done for `all'.
16:28:46 **** Incremental Build of configuration Debug for project Lab3-UDPSocket ****
make all 
make: Nothing to be done for `all'.
16:28:47 **** Incremental Build of configuration Debug for project Lab3-UDPMessenger ****
make all 
make: Nothing to be done for `all'.
16:30:19 **** Incremental Build of configuration Debug for project Lab3-UDPSocket ****
make all 
make: Nothing to be done for `all'.
16:30:19 **** Incremental Build of configuration Debug for project Lab3-UDPMessenger ****
make all 
Building file: ../src/UDPMessenger.cpp
Invoking: GCC C++ Compiler
g++ -I"/home/user/Desktop/lab3/Lab3-UDPSocket/src" -O0 -g3 -Wall -c -fmessage-length=0 -MMD -MP -MF"src/UDPMessenger.d" -MT"src/UDPMessenger.d" -o "src/UDPMessenger.o" "../src/UDPMessenger.cpp"
Finished building: ../src/UDPMessenger.cpp
 
Building target: Lab3-UDPMessenger
Invoking: GCC C++ Linker
g++ -L"/home/user/Desktop/lab3/Lab3-UDPSocket/Debug" -o "Lab3-UDPMessenger"  ./src/UDPMessenger.o ./src/main.o   -lpthread -lLab3-UDPSocket
Finished building target: Lab3-UDPMessenger
 
16:30:20 **** Incremental Build of configuration Debug for project Lab3-test ****
make all 
make: Nothing to be done for `all'.
16:30:28 **** Incremental Build of configuration Debug for project Lab3-UDPSocket ****
make all 
make: Nothing to be done for `all'.
16:30:29 **** Incremental Build of configuration Debug for project Lab3-UDPMessenger ****
make all 
make: Nothing to be done for `all'.
16:47:00 **** Incremental Build of configuration Debug for project Lab3-UDPSocket ****
make all 
Building file: ../src/UDPSocket.cpp
Invoking: GCC C++ Compiler
g++ -O0 -g3 -Wall -c -fmessage-length=0 -MMD -MP -MF"src/UDPSocket.d" -MT"src/UDPSocket.d" -o "src/UDPSocket.o" "../src/UDPSocket.cpp"
../src/UDPSocket.cpp: In member function ‘std::string npl::UDPSocket::fromAddr()’:
../src/UDPSocket.cpp:66:32: error: no matching function for call to ‘in_addr::in_addr(volatile in_addr&)’
../src/UDPSocket.cpp:66:32: note: candidates are:
In file included from ../src/UDPSocket.h:11:0,
                 from ../src/UDPSocket.cpp:8:
/usr/include/netinet/in.h:141:8: note: in_addr::in_addr()
/usr/include/netinet/in.h:141:8: note:   candidate expects 0 arguments, 1 provided
/usr/include/netinet/in.h:141:8: note: in_addr::in_addr(const in_addr&)
/usr/include/netinet/in.h:141:8: note:   no known conversion for argument 1 from ‘volatile in_addr’ to ‘const in_addr&’
In file included from ../src/UDPSocket.cpp:10:0:
/usr/include/arpa/inet.h:53:14: error:   initializing argument 1 of ‘char* inet_ntoa(in_addr)’
../src/UDPSocket.cpp:67:1: warning: control reaches end of non-void function [-Wreturn-type]
make: *** [src/UDPSocket.o] Error 1
16:47:00 **** Incremental Build of configuration Debug for project Lab3-UDPMessenger ****
make all 
make: Nothing to be done for `all'.
16:47:00 **** Incremental Build of configuration Debug for project Lab3-test ****
make all 
make: Nothing to be done for `all'.
16:47:08 **** Clean-only build of configuration Debug for project Lab3-UDPMessenger ****
make clean 
rm -rf  ./src/UDPMessenger.o ./src/main.o  ./src/UDPMessenger.d ./src/main.d  Lab3-UDPMessenger
 
16:47:08 **** Clean-only build of configuration Debug for project Lab3-UDPSocket ****
make clean 
rm -rf  ./src/MThread.o ./src/UDPSocket.o  ./src/MThread.d ./src/UDPSocket.d  libLab3-UDPSocket.a
 
16:47:08 **** Clean-only build of configuration Debug for project Lab3-test ****
make clean 
rm -rf  ./src/UdpSocketTest.o  ./src/UdpSocketTest.d  Lab3-test
 
16:47:12 **** Build of configuration Debug for project Lab3-UDPSocket ****
make all 
Building file: ../src/MThread.cpp
Invoking: GCC C++ Compiler
g++ -O0 -g3 -Wall -c -fmessage-length=0 -MMD -MP -MF"src/MThread.d" -MT"src/MThread.d" -o "src/MThread.o" "../src/MThread.cpp"
Finished building: ../src/MThread.cpp
 
Building file: ../src/UDPSocket.cpp
Invoking: GCC C++ Compiler
g++ -O0 -g3 -Wall -c -fmessage-length=0 -MMD -MP -MF"src/UDPSocket.d" -MT"src/UDPSocket.d" -o "src/UDPSocket.o" "../src/UDPSocket.cpp"
../src/UDPSocket.cpp: In member function ‘std::string npl::UDPSocket::fromAddr()’:
../src/UDPSocket.cpp:66:32: error: no matching function for call to ‘in_addr::in_addr(volatile in_addr&)’
../src/UDPSocket.cpp:66:32: note: candidates are:
In file included from ../src/UDPSocket.h:11:0,
                 from ../src/UDPSocket.cpp:8:
/usr/include/netinet/in.h:141:8: note: in_addr::in_addr()
/usr/include/netinet/in.h:141:8: note:   candidate expects 0 arguments, 1 provided
/usr/include/netinet/in.h:141:8: note: in_addr::in_addr(const in_addr&)
/usr/include/netinet/in.h:141:8: note:   no known conversion for argument 1 from ‘volatile in_addr’ to ‘const in_addr&’
In file included from ../src/UDPSocket.cpp:10:0:
/usr/include/arpa/inet.h:53:14: error:   initializing argument 1 of ‘char* inet_ntoa(in_addr)’
../src/UDPSocket.cpp:67:1: warning: control reaches end of non-void function [-Wreturn-type]
make: *** [src/UDPSocket.o] Error 1
16:47:13 **** Build of configuration Debug for project Lab3-UDPMessenger ****
make all 
Building file: ../src/UDPMessenger.cpp
Invoking: GCC C++ Compiler
g++ -I"/home/user/Desktop/lab3/Lab3-UDPSocket/src" -O0 -g3 -Wall -c -fmessage-length=0 -MMD -MP -MF"src/UDPMessenger.d" -MT"src/UDPMessenger.d" -o "src/UDPMessenger.o" "../src/UDPMessenger.cpp"
Finished building: ../src/UDPMessenger.cpp
 
Building file: ../src/main.cpp
Invoking: GCC C++ Compiler
g++ -I"/home/user/Desktop/lab3/Lab3-UDPSocket/src" -O0 -g3 -Wall -c -fmessage-length=0 -MMD -MP -MF"src/main.d" -MT"src/main.d" -o "src/main.o" "../src/main.cpp"
Finished building: ../src/main.cpp
 
Building target: Lab3-UDPMessenger
Invoking: GCC C++ Linker
g++ -L"/home/user/Desktop/lab3/Lab3-UDPSocket/Debug" -o "Lab3-UDPMessenger"  ./src/UDPMessenger.o ./src/main.o   -lpthread -lLab3-UDPSocket
/usr/bin/ld: cannot find -lLab3-UDPSocket
collect2: error: ld returned 1 exit status
make: *** [Lab3-UDPMessenger] Error 1
16:47:14 **** Build of configuration Debug for project Lab3-test ****
make all 
Building file: ../src/UdpSocketTest.cpp
Invoking: GCC C++ Compiler
g++ -I"/home/user/Desktop/lab3/Lab3-UDPSocket/src" -O0 -g3 -Wall -c -fmessage-length=0 -MMD -MP -MF"src/UdpSocketTest.d" -MT"src/UdpSocketTest.d" -o "src/UdpSocketTest.o" "../src/UdpSocketTest.cpp"
Finished building: ../src/UdpSocketTest.cpp
 
Building target: Lab3-test
Invoking: GCC C++ Linker
g++ -L"/home/user/Desktop/lab3/Lab3-UDPSocket/Debug" -o "Lab3-test"  ./src/UdpSocketTest.o   -lLab3-UDPSocket
/usr/bin/ld: cannot find -lLab3-UDPSocket
collect2: error: ld returned 1 exit status
make: *** [Lab3-test] Error 1
16:48:49 **** Incremental Build of configuration Debug for project Lab3-UDPSocket ****
make all 
Building file: ../src/UDPSocket.cpp
Invoking: GCC C++ Compiler
g++ -O0 -g3 -Wall -c -fmessage-length=0 -MMD -MP -MF"src/UDPSocket.d" -MT"src/UDPSocket.d" -o "src/UDPSocket.o" "../src/UDPSocket.cpp"
../src/UDPSocket.cpp: In member function ‘std::string npl::UDPSocket::fromAddr()’:
../src/UDPSocket.cpp:66:32: error: no matching function for call to ‘in_addr::in_addr(volatile in_addr&)’
../src/UDPSocket.cpp:66:32: note: candidates are:
In file included from ../src/UDPSocket.h:11:0,
                 from ../src/UDPSocket.cpp:8:
/usr/include/netinet/in.h:141:8: note: in_addr::in_addr()
/usr/include/netinet/in.h:141:8: note:   candidate expects 0 arguments, 1 provided
/usr/include/netinet/in.h:141:8: note: in_addr::in_addr(const in_addr&)
/usr/include/netinet/in.h:141:8: note:   no known conversion for argument 1 from ‘volatile in_addr’ to ‘const in_addr&’
In file included from ../src/UDPSocket.cpp:10:0:
/usr/include/arpa/inet.h:53:14: error:   initializing argument 1 of ‘char* inet_ntoa(in_addr)’
../src/UDPSocket.cpp:68:1: warning: control reaches end of non-void function [-Wreturn-type]
make: *** [src/UDPSocket.o] Error 1
16:48:50 **** Incremental Build of configuration Debug for project Lab3-UDPMessenger ****
make all 
Building target: Lab3-UDPMessenger
Invoking: GCC C++ Linker
g++ -L"/home/user/Desktop/lab3/Lab3-UDPSocket/Debug" -o "Lab3-UDPMessenger"  ./src/UDPMessenger.o ./src/main.o   -lpthread -lLab3-UDPSocket
/usr/bin/ld: cannot find -lLab3-UDPSocket
collect2: error: ld returned 1 exit status
make: *** [Lab3-UDPMessenger] Error 1
16:48:51 **** Incremental Build of configuration Debug for project Lab3-test ****
make all 
Building target: Lab3-test
Invoking: GCC C++ Linker
g++ -L"/home/user/Desktop/lab3/Lab3-UDPSocket/Debug" -o "Lab3-test"  ./src/UdpSocketTest.o   -lLab3-UDPSocket
/usr/bin/ld: cannot find -lLab3-UDPSocket
collect2: error: ld returned 1 exit status
make: *** [Lab3-test] Error 1
16:49:33 **** Incremental Build of configuration Debug for project Lab3-UDPSocket ****
make all 
Building file: ../src/UDPSocket.cpp
Invoking: GCC C++ Compiler
g++ -O0 -g3 -Wall -c -fmessage-length=0 -MMD -MP -MF"src/UDPSocket.d" -MT"src/UDPSocket.d" -o "src/UDPSocket.o" "../src/UDPSocket.cpp"
../src/UDPSocket.cpp: In member function ‘std::string npl::UDPSocket::fromAddr()’:
../src/UDPSocket.cpp:66:16: error: cannot convert ‘volatile in_addr’ to ‘int’ in initialization
../src/UDPSocket.cpp:67:21: error: could not convert ‘ip’ from ‘int’ to ‘in_addr’
../src/UDPSocket.cpp:69:1: warning: control reaches end of non-void function [-Wreturn-type]
make: *** [src/UDPSocket.o] Error 1
16:49:33 **** Incremental Build of configuration Debug for project Lab3-UDPMessenger ****
make all 
Building target: Lab3-UDPMessenger
Invoking: GCC C++ Linker
g++ -L"/home/user/Desktop/lab3/Lab3-UDPSocket/Debug" -o "Lab3-UDPMessenger"  ./src/UDPMessenger.o ./src/main.o   -lpthread -lLab3-UDPSocket
/usr/bin/ld: cannot find -lLab3-UDPSocket
collect2: error: ld returned 1 exit status
make: *** [Lab3-UDPMessenger] Error 1
16:49:33 **** Incremental Build of configuration Debug for project Lab3-test ****
make all 
Building target: Lab3-test
Invoking: GCC C++ Linker
g++ -L"/home/user/Desktop/lab3/Lab3-UDPSocket/Debug" -o "Lab3-test"  ./src/UdpSocketTest.o   -lLab3-UDPSocket
/usr/bin/ld: cannot find -lLab3-UDPSocket
collect2: error: ld returned 1 exit status
make: *** [Lab3-test] Error 1
16:49:50 **** Incremental Build of configuration Debug for project Lab3-UDPSocket ****
make all 
Building file: ../src/UDPSocket.cpp
Invoking: GCC C++ Compiler
g++ -O0 -g3 -Wall -c -fmessage-length=0 -MMD -MP -MF"src/UDPSocket.d" -MT"src/UDPSocket.d" -o "src/UDPSocket.o" "../src/UDPSocket.cpp"
../src/UDPSocket.cpp: In member function ‘std::string npl::UDPSocket::fromAddr()’:
../src/UDPSocket.cpp:66:16: error: cannot convert ‘volatile in_addr’ to ‘int’ in initialization
../src/UDPSocket.cpp:67:21: error: could not convert ‘ip’ from ‘int’ to ‘in_addr’
../src/UDPSocket.cpp:69:1: warning: control reaches end of non-void function [-Wreturn-type]
make: *** [src/UDPSocket.o] Error 1
16:49:50 **** Incremental Build of configuration Debug for project Lab3-UDPMessenger ****
make all 
Building target: Lab3-UDPMessenger
Invoking: GCC C++ Linker
g++ -L"/home/user/Desktop/lab3/Lab3-UDPSocket/Debug" -o "Lab3-UDPMessenger"  ./src/UDPMessenger.o ./src/main.o   -lpthread -lLab3-UDPSocket
/usr/bin/ld: cannot find -lLab3-UDPSocket
collect2: error: ld returned 1 exit status
make: *** [Lab3-UDPMessenger] Error 1
16:49:50 **** Incremental Build of configuration Debug for project Lab3-test ****
make all 
Building target: Lab3-test
Invoking: GCC C++ Linker
g++ -L"/home/user/Desktop/lab3/Lab3-UDPSocket/Debug" -o "Lab3-test"  ./src/UdpSocketTest.o   -lLab3-UDPSocket
/usr/bin/ld: cannot find -lLab3-UDPSocket
collect2: error: ld returned 1 exit status
make: *** [Lab3-test] Error 1
16:49:55 **** Incremental Build of configuration Debug for project Lab3-UDPSocket ****
make all 
Building file: ../src/UDPSocket.cpp
Invoking: GCC C++ Compiler
g++ -O0 -g3 -Wall -c -fmessage-length=0 -MMD -MP -MF"src/UDPSocket.d" -MT"src/UDPSocket.d" -o "src/UDPSocket.o" "../src/UDPSocket.cpp"
../src/UDPSocket.cpp: In member function ‘std::string npl::UDPSocket::fromAddr()’:
../src/UDPSocket.cpp:66:28: error: no matching function for call to ‘in_addr::in_addr(volatile in_addr&)’
../src/UDPSocket.cpp:66:28: note: candidates are:
In file included from ../src/UDPSocket.h:11:0,
                 from ../src/UDPSocket.cpp:8:
/usr/include/netinet/in.h:141:8: note: in_addr::in_addr()
/usr/include/netinet/in.h:141:8: note:   candidate expects 0 arguments, 1 provided
/usr/include/netinet/in.h:141:8: note: in_addr::in_addr(const in_addr&)
/usr/include/netinet/in.h:141:8: note:   no known conversion for argument 1 from ‘volatile in_addr’ to ‘const in_addr&’
make: *** [src/UDPSocket.o] Error 1
16:49:56 **** Incremental Build of configuration Debug for project Lab3-UDPMessenger ****
make all 
Building target: Lab3-UDPMessenger
Invoking: GCC C++ Linker
g++ -L"/home/user/Desktop/lab3/Lab3-UDPSocket/Debug" -o "Lab3-UDPMessenger"  ./src/UDPMessenger.o ./src/main.o   -lpthread -lLab3-UDPSocket
/usr/bin/ld: cannot find -lLab3-UDPSocket
collect2: error: ld returned 1 exit status
make: *** [Lab3-UDPMessenger] Error 1
16:49:56 **** Incremental Build of configuration Debug for project Lab3-test ****
make all 
Building target: Lab3-test
Invoking: GCC C++ Linker
g++ -L"/home/user/Desktop/lab3/Lab3-UDPSocket/Debug" -o "Lab3-test"  ./src/UdpSocketTest.o   -lLab3-UDPSocket
/usr/bin/ld: cannot find -lLab3-UDPSocket
collect2: error: ld returned 1 exit status
make: *** [Lab3-test] Error 1
16:51:57 **** Incremental Build of configuration Debug for project Lab3-UDPSocket ****
make all 
Building file: ../src/UDPSocket.cpp
Invoking: GCC C++ Compiler
g++ -O0 -g3 -Wall -c -fmessage-length=0 -MMD -MP -MF"src/UDPSocket.d" -MT"src/UDPSocket.d" -o "src/UDPSocket.o" "../src/UDPSocket.cpp"
Finished building: ../src/UDPSocket.cpp
 
Building target: libLab3-UDPSocket.a
Invoking: GCC Archiver
ar -r  "libLab3-UDPSocket.a"  ./src/MThread.o ./src/UDPSocket.o   
ar: creating libLab3-UDPSocket.a
Finished building target: libLab3-UDPSocket.a
 
16:51:58 **** Incremental Build of configuration Debug for project Lab3-UDPMessenger ****
make all 
Building target: Lab3-UDPMessenger
Invoking: GCC C++ Linker
g++ -L"/home/user/Desktop/lab3/Lab3-UDPSocket/Debug" -o "Lab3-UDPMessenger"  ./src/UDPMessenger.o ./src/main.o   -lpthread -lLab3-UDPSocket
Finished building target: Lab3-UDPMessenger
 
16:51:58 **** Incremental Build of configuration Debug for project Lab3-test ****
make all 
Building target: Lab3-test
Invoking: GCC C++ Linker
g++ -L"/home/user/Desktop/lab3/Lab3-UDPSocket/Debug" -o "Lab3-test"  ./src/UdpSocketTest.o   -lLab3-UDPSocket
Finished building target: Lab3-test
 
16:52:04 **** Incremental Build of configuration Debug for project Lab3-UDPSocket ****
make all 
make: Nothing to be done for `all'.
16:52:05 **** Incremental Build of configuration Debug for project Lab3-test ****
make all 
make: Nothing to be done for `all'.
16:52:12 **** Clean-only build of configuration Debug for project Lab3-UDPMessenger ****
make clean 
rm -rf  ./src/UDPMessenger.o ./src/main.o  ./src/UDPMessenger.d ./src/main.d  Lab3-UDPMessenger
 
16:52:12 **** Clean-only build of configuration Debug for project Lab3-UDPSocket ****
make clean 
rm -rf  ./src/MThread.o ./src/UDPSocket.o  ./src/MThread.d ./src/UDPSocket.d  libLab3-UDPSocket.a
 
16:52:12 **** Clean-only build of configuration Debug for project Lab3-test ****
make clean 
rm -rf  ./src/UdpSocketTest.o  ./src/UdpSocketTest.d  Lab3-test
 
16:52:14 **** Build of configuration Debug for project Lab3-UDPSocket ****
make all 
Building file: ../src/MThread.cpp
Invoking: GCC C++ Compiler
g++ -O0 -g3 -Wall -c -fmessage-length=0 -MMD -MP -MF"src/MThread.d" -MT"src/MThread.d" -o "src/MThread.o" "../src/MThread.cpp"
Finished building: ../src/MThread.cpp
 
Building file: ../src/UDPSocket.cpp
Invoking: GCC C++ Compiler
g++ -O0 -g3 -Wall -c -fmessage-length=0 -MMD -MP -MF"src/UDPSocket.d" -MT"src/UDPSocket.d" -o "src/UDPSocket.o" "../src/UDPSocket.cpp"
Finished building: ../src/UDPSocket.cpp
 
Building target: libLab3-UDPSocket.a
Invoking: GCC Archiver
ar -r  "libLab3-UDPSocket.a"  ./src/MThread.o ./src/UDPSocket.o   
ar: creating libLab3-UDPSocket.a
Finished building target: libLab3-UDPSocket.a
 
16:52:15 **** Build of configuration Debug for project Lab3-UDPMessenger ****
make all 
Building file: ../src/UDPMessenger.cpp
Invoking: GCC C++ Compiler
g++ -I"/home/user/Desktop/lab3/Lab3-UDPSocket/src" -O0 -g3 -Wall -c -fmessage-length=0 -MMD -MP -MF"src/UDPMessenger.d" -MT"src/UDPMessenger.d" -o "src/UDPMessenger.o" "../src/UDPMessenger.cpp"
Finished building: ../src/UDPMessenger.cpp
 
Building file: ../src/main.cpp
Invoking: GCC C++ Compiler
g++ -I"/home/user/Desktop/lab3/Lab3-UDPSocket/src" -O0 -g3 -Wall -c -fmessage-length=0 -MMD -MP -MF"src/main.d" -MT"src/main.d" -o "src/main.o" "../src/main.cpp"
Finished building: ../src/main.cpp
 
Building target: Lab3-UDPMessenger
Invoking: GCC C++ Linker
g++ -L"/home/user/Desktop/lab3/Lab3-UDPSocket/Debug" -o "Lab3-UDPMessenger"  ./src/UDPMessenger.o ./src/main.o   -lpthread -lLab3-UDPSocket
Finished building target: Lab3-UDPMessenger
 
16:52:16 **** Build of configuration Debug for project Lab3-test ****
make all 
Building file: ../src/UdpSocketTest.cpp
Invoking: GCC C++ Compiler
g++ -I"/home/user/Desktop/lab3/Lab3-UDPSocket/src" -O0 -g3 -Wall -c -fmessage-length=0 -MMD -MP -MF"src/UdpSocketTest.d" -MT"src/UdpSocketTest.d" -o "src/UdpSocketTest.o" "../src/UdpSocketTest.cpp"
Finished building: ../src/UdpSocketTest.cpp
 
Building target: Lab3-test
Invoking: GCC C++ Linker
g++ -L"/home/user/Desktop/lab3/Lab3-UDPSocket/Debug" -o "Lab3-test"  ./src/UdpSocketTest.o   -lLab3-UDPSocket
Finished building target: Lab3-test
 
16:52:18 **** Incremental Build of configuration Debug for project Lab3-UDPSocket ****
make all 
make: Nothing to be done for `all'.
16:52:18 **** Incremental Build of configuration Debug for project Lab3-test ****
make all 
make: Nothing to be done for `all'.
16:52:22 **** Incremental Build of configuration Debug for project Lab3-UDPSocket ****
make all 
make: Nothing to be done for `all'.
16:52:22 **** Incremental Build of configuration Debug for project Lab3-UDPMessenger ****
make all 
make: Nothing to be done for `all'.
16:53:15 **** Clean-only build of configuration Debug for project Lab3-UDPMessenger ****
make clean 
rm -rf  ./src/UDPMessenger.o ./src/main.o  ./src/UDPMessenger.d ./src/main.d  Lab3-UDPMessenger
 
16:53:15 **** Clean-only build of configuration Debug for project Lab3-UDPSocket ****
make clean 
rm -rf  ./src/MThread.o ./src/UDPSocket.o  ./src/MThread.d ./src/UDPSocket.d  libLab3-UDPSocket.a
 
16:53:15 **** Clean-only build of configuration Debug for project Lab3-test ****
make clean 
rm -rf  ./src/UdpSocketTest.o  ./src/UdpSocketTest.d  Lab3-test
 
16:53:30 **** Build of configuration Debug for project Lab3-UDPSocket ****
make all 
Building file: ../src/MThread.cpp
Invoking: GCC C++ Compiler
g++ -O0 -g3 -Wall -c -fmessage-length=0 -MMD -MP -MF"src/MThread.d" -MT"src/MThread.d" -o "src/MThread.o" "../src/MThread.cpp"
Finished building: ../src/MThread.cpp
 
Building file: ../src/UDPSocket.cpp
Invoking: GCC C++ Compiler
g++ -O0 -g3 -Wall -c -fmessage-length=0 -MMD -MP -MF"src/UDPSocket.d" -MT"src/UDPSocket.d" -o "src/UDPSocket.o" "../src/UDPSocket.cpp"
Finished building: ../src/UDPSocket.cpp
 
Building target: libLab3-UDPSocket.a
Invoking: GCC Archiver
ar -r  "libLab3-UDPSocket.a"  ./src/MThread.o ./src/UDPSocket.o   
ar: creating libLab3-UDPSocket.a
Finished building target: libLab3-UDPSocket.a
 
16:53:31 **** Build of configuration Debug for project Lab3-UDPMessenger ****
make all 
Building file: ../src/UDPMessenger.cpp
Invoking: GCC C++ Compiler
g++ -I"/home/user/Desktop/lab3/Lab3-UDPSocket/src" -O0 -g3 -Wall -c -fmessage-length=0 -MMD -MP -MF"src/UDPMessenger.d" -MT"src/UDPMessenger.d" -o "src/UDPMessenger.o" "../src/UDPMessenger.cpp"
Finished building: ../src/UDPMessenger.cpp
 
Building file: ../src/main.cpp
Invoking: GCC C++ Compiler
g++ -I"/home/user/Desktop/lab3/Lab3-UDPSocket/src" -O0 -g3 -Wall -c -fmessage-length=0 -MMD -MP -MF"src/main.d" -MT"src/main.d" -o "src/main.o" "../src/main.cpp"
Finished building: ../src/main.cpp
 
Building target: Lab3-UDPMessenger
Invoking: GCC C++ Linker
g++ -L"/home/user/Desktop/lab3/Lab3-UDPSocket/Debug" -o "Lab3-UDPMessenger"  ./src/UDPMessenger.o ./src/main.o   -lpthread -lLab3-UDPSocket
Finished building target: Lab3-UDPMessenger
 
16:53:32 **** Build of configuration Debug for project Lab3-test ****
make all 
Building file: ../src/UdpSocketTest.cpp
Invoking: GCC C++ Compiler
g++ -I"/home/user/Desktop/lab3/Lab3-UDPSocket/src" -O0 -g3 -Wall -c -fmessage-length=0 -MMD -MP -MF"src/UdpSocketTest.d" -MT"src/UdpSocketTest.d" -o "src/UdpSocketTest.o" "../src/UdpSocketTest.cpp"
Finished building: ../src/UdpSocketTest.cpp
 
Building target: Lab3-test
Invoking: GCC C++ Linker
g++ -L"/home/user/Desktop/lab3/Lab3-UDPSocket/Debug" -o "Lab3-test"  ./src/UdpSocketTest.o   -lLab3-UDPSocket
Finished building target: Lab3-test
 
16:53:36 **** Incremental Build of configuration Debug for project Lab3-UDPSocket ****
make all 
make: Nothing to be done for `all'.
16:53:36 **** Incremental Build of configuration Debug for project Lab3-UDPMessenger ****
make all 
make: Nothing to be done for `all'.
16:57:00 **** Incremental Build of configuration Debug for project Lab3-UDPSocket ****
make all 
Building file: ../src/UDPSocket.cpp
Invoking: GCC C++ Compiler
g++ -O0 -g3 -Wall -c -fmessage-length=0 -MMD -MP -MF"src/UDPSocket.d" -MT"src/UDPSocket.d" -o "src/UDPSocket.o" "../src/UDPSocket.cpp"
../src/UDPSocket.cpp: In member function ‘std::string npl::UDPSocket::fromAddr()’:
../src/UDPSocket.cpp:66:27: error: no matching function for call to ‘in_addr::in_addr(volatile in_addr&)’
../src/UDPSocket.cpp:66:27: note: candidates are:
In file included from ../src/UDPSocket.h:11:0,
                 from ../src/UDPSocket.cpp:8:
/usr/include/netinet/in.h:141:8: note: in_addr::in_addr()
/usr/include/netinet/in.h:141:8: note:   candidate expects 0 arguments, 1 provided
/usr/include/netinet/in.h:141:8: note: in_addr::in_addr(const in_addr&)
/usr/include/netinet/in.h:141:8: note:   no known conversion for argument 1 from ‘volatile in_addr’ to ‘const in_addr&’
make: *** [src/UDPSocket.o] Error 1
16:57:00 **** Incremental Build of configuration Debug for project Lab3-UDPMessenger ****
make all 
make: Nothing to be done for `all'.
16:57:00 **** Incremental Build of configuration Debug for project Lab3-test ****
make all 
make: Nothing to be done for `all'.
16:57:16 **** Incremental Build of configuration Debug for project Lab3-UDPSocket ****
make all 
Building file: ../src/UDPSocket.cpp
Invoking: GCC C++ Compiler
g++ -O0 -g3 -Wall -c -fmessage-length=0 -MMD -MP -MF"src/UDPSocket.d" -MT"src/UDPSocket.d" -o "src/UDPSocket.o" "../src/UDPSocket.cpp"
Finished building: ../src/UDPSocket.cpp
 
Building target: libLab3-UDPSocket.a
Invoking: GCC Archiver
ar -r  "libLab3-UDPSocket.a"  ./src/MThread.o ./src/UDPSocket.o   
ar: creating libLab3-UDPSocket.a
Finished building target: libLab3-UDPSocket.a
 
16:57:16 **** Incremental Build of configuration Debug for project Lab3-UDPMessenger ****
make all 
make: Nothing to be done for `all'.
16:57:17 **** Incremental Build of configuration Debug for project Lab3-test ****
make all 
Building target: Lab3-test
Invoking: GCC C++ Linker
g++ -L"/home/user/Desktop/lab3/Lab3-UDPSocket/Debug" -o "Lab3-test"  ./src/UdpSocketTest.o   -lLab3-UDPSocket
Finished building target: Lab3-test
 
16:57:20 **** Clean-only build of configuration Debug for project Lab3-UDPMessenger ****
make clean 
rm -rf  ./src/UDPMessenger.o ./src/main.o  ./src/UDPMessenger.d ./src/main.d  Lab3-UDPMessenger
 
16:57:21 **** Clean-only build of configuration Debug for project Lab3-UDPSocket ****
make clean 
rm -rf  ./src/MThread.o ./src/UDPSocket.o  ./src/MThread.d ./src/UDPSocket.d  libLab3-UDPSocket.a
 
16:57:21 **** Clean-only build of configuration Debug for project Lab3-test ****
make clean 
rm -rf  ./src/UdpSocketTest.o  ./src/UdpSocketTest.d  Lab3-test
 
16:57:22 **** Build of configuration Debug for project Lab3-UDPSocket ****
make all 
Building file: ../src/MThread.cpp
Invoking: GCC C++ Compiler
g++ -O0 -g3 -Wall -c -fmessage-length=0 -MMD -MP -MF"src/MThread.d" -MT"src/MThread.d" -o "src/MThread.o" "../src/MThread.cpp"
Finished building: ../src/MThread.cpp
 
Building file: ../src/UDPSocket.cpp
Invoking: GCC C++ Compiler
g++ -O0 -g3 -Wall -c -fmessage-length=0 -MMD -MP -MF"src/UDPSocket.d" -MT"src/UDPSocket.d" -o "src/UDPSocket.o" "../src/UDPSocket.cpp"
Finished building: ../src/UDPSocket.cpp
 
Building target: libLab3-UDPSocket.a
Invoking: GCC Archiver
ar -r  "libLab3-UDPSocket.a"  ./src/MThread.o ./src/UDPSocket.o   
ar: creating libLab3-UDPSocket.a
Finished building target: libLab3-UDPSocket.a
 
16:57:23 **** Build of configuration Debug for project Lab3-UDPMessenger ****
make all 
Building file: ../src/UDPMessenger.cpp
Invoking: GCC C++ Compiler
g++ -I"/home/user/Desktop/lab3/Lab3-UDPSocket/src" -O0 -g3 -Wall -c -fmessage-length=0 -MMD -MP -MF"src/UDPMessenger.d" -MT"src/UDPMessenger.d" -o "src/UDPMessenger.o" "../src/UDPMessenger.cpp"
Finished building: ../src/UDPMessenger.cpp
 
Building file: ../src/main.cpp
Invoking: GCC C++ Compiler
g++ -I"/home/user/Desktop/lab3/Lab3-UDPSocket/src" -O0 -g3 -Wall -c -fmessage-length=0 -MMD -MP -MF"src/main.d" -MT"src/main.d" -o "src/main.o" "../src/main.cpp"
Finished building: ../src/main.cpp
 
Building target: Lab3-UDPMessenger
Invoking: GCC C++ Linker
g++ -L"/home/user/Desktop/lab3/Lab3-UDPSocket/Debug" -o "Lab3-UDPMessenger"  ./src/UDPMessenger.o ./src/main.o   -lpthread -lLab3-UDPSocket
Finished building target: Lab3-UDPMessenger
 
16:57:24 **** Build of configuration Debug for project Lab3-test ****
make all 
Building file: ../src/UdpSocketTest.cpp
Invoking: GCC C++ Compiler
g++ -I"/home/user/Desktop/lab3/Lab3-UDPSocket/src" -O0 -g3 -Wall -c -fmessage-length=0 -MMD -MP -MF"src/UdpSocketTest.d" -MT"src/UdpSocketTest.d" -o "src/UdpSocketTest.o" "../src/UdpSocketTest.cpp"
Finished building: ../src/UdpSocketTest.cpp
 
Building target: Lab3-test
Invoking: GCC C++ Linker
g++ -L"/home/user/Desktop/lab3/Lab3-UDPSocket/Debug" -o "Lab3-test"  ./src/UdpSocketTest.o   -lLab3-UDPSocket
Finished building target: Lab3-test
 
16:57:28 **** Incremental Build of configuration Debug for project Lab3-UDPSocket ****
make all 
make: Nothing to be done for `all'.
16:57:28 **** Incremental Build of configuration Debug for project Lab3-UDPMessenger ****
make all 
make: Nothing to be done for `all'.
17:02:49 **** Incremental Build of configuration Debug for project Lab3-UDPSocket ****
make all 
make: Nothing to be done for `all'.
17:02:49 **** Incremental Build of configuration Debug for project Lab3-UDPMessenger ****
make all 
make: Nothing to be done for `all'.
17:04:02 **** Incremental Build of configuration Debug for project Lab3-UDPSocket ****
make all 
Building file: ../src/UDPSocket.cpp
Invoking: GCC C++ Compiler
g++ -O0 -g3 -Wall -c -fmessage-length=0 -MMD -MP -MF"src/UDPSocket.d" -MT"src/UDPSocket.d" -o "src/UDPSocket.o" "../src/UDPSocket.cpp"
Finished building: ../src/UDPSocket.cpp
 
Building target: libLab3-UDPSocket.a
Invoking: GCC Archiver
ar -r  "libLab3-UDPSocket.a"  ./src/MThread.o ./src/UDPSocket.o   
ar: creating libLab3-UDPSocket.a
Finished building target: libLab3-UDPSocket.a
 
17:04:03 **** Incremental Build of configuration Debug for project Lab3-UDPMessenger ****
make all 
make: Nothing to be done for `all'.
17:04:03 **** Incremental Build of configuration Debug for project Lab3-test ****
make all 
Building target: Lab3-test
Invoking: GCC C++ Linker
g++ -L"/home/user/Desktop/lab3/Lab3-UDPSocket/Debug" -o "Lab3-test"  ./src/UdpSocketTest.o   -lLab3-UDPSocket
Finished building target: Lab3-test
 
17:04:16 **** Incremental Build of configuration Debug for project Lab3-UDPSocket ****
make all 
make: Nothing to be done for `all'.
17:04:17 **** Incremental Build of configuration Debug for project Lab3-UDPMessenger ****
make all 
make: Nothing to be done for `all'.
17:04:31 **** Clean-only build of configuration Debug for project Lab3-UDPMessenger ****
make clean 
rm -rf  ./src/UDPMessenger.o ./src/main.o  ./src/UDPMessenger.d ./src/main.d  Lab3-UDPMessenger
 
17:04:31 **** Clean-only build of configuration Debug for project Lab3-UDPSocket ****
make clean 
rm -rf  ./src/MThread.o ./src/UDPSocket.o  ./src/MThread.d ./src/UDPSocket.d  libLab3-UDPSocket.a
 
17:04:31 **** Clean-only build of configuration Debug for project Lab3-test ****
make clean 
rm -rf  ./src/UdpSocketTest.o  ./src/UdpSocketTest.d  Lab3-test
 
17:04:32 **** Build of configuration Debug for project Lab3-UDPSocket ****
make all 
Building file: ../src/MThread.cpp
Invoking: GCC C++ Compiler
g++ -O0 -g3 -Wall -c -fmessage-length=0 -MMD -MP -MF"src/MThread.d" -MT"src/MThread.d" -o "src/MThread.o" "../src/MThread.cpp"
Finished building: ../src/MThread.cpp
 
Building file: ../src/UDPSocket.cpp
Invoking: GCC C++ Compiler
g++ -O0 -g3 -Wall -c -fmessage-length=0 -MMD -MP -MF"src/UDPSocket.d" -MT"src/UDPSocket.d" -o "src/UDPSocket.o" "../src/UDPSocket.cpp"
Finished building: ../src/UDPSocket.cpp
 
Building target: libLab3-UDPSocket.a
Invoking: GCC Archiver
ar -r  "libLab3-UDPSocket.a"  ./src/MThread.o ./src/UDPSocket.o   
ar: creating libLab3-UDPSocket.a
Finished building target: libLab3-UDPSocket.a
 
17:04:33 **** Build of configuration Debug for project Lab3-UDPMessenger ****
make all 
Building file: ../src/UDPMessenger.cpp
Invoking: GCC C++ Compiler
g++ -I"/home/user/Desktop/lab3/Lab3-UDPSocket/src" -O0 -g3 -Wall -c -fmessage-length=0 -MMD -MP -MF"src/UDPMessenger.d" -MT"src/UDPMessenger.d" -o "src/UDPMessenger.o" "../src/UDPMessenger.cpp"
Finished building: ../src/UDPMessenger.cpp
 
Building file: ../src/main.cpp
Invoking: GCC C++ Compiler
g++ -I"/home/user/Desktop/lab3/Lab3-UDPSocket/src" -O0 -g3 -Wall -c -fmessage-length=0 -MMD -MP -MF"src/main.d" -MT"src/main.d" -o "src/main.o" "../src/main.cpp"
Finished building: ../src/main.cpp
 
Building target: Lab3-UDPMessenger
Invoking: GCC C++ Linker
g++ -L"/home/user/Desktop/lab3/Lab3-UDPSocket/Debug" -o "Lab3-UDPMessenger"  ./src/UDPMessenger.o ./src/main.o   -lpthread -lLab3-UDPSocket
Finished building target: Lab3-UDPMessenger
 
17:04:34 **** Build of configuration Debug for project Lab3-test ****
make all 
Building file: ../src/UdpSocketTest.cpp
Invoking: GCC C++ Compiler
g++ -I"/home/user/Desktop/lab3/Lab3-UDPSocket/src" -O0 -g3 -Wall -c -fmessage-length=0 -MMD -MP -MF"src/UdpSocketTest.d" -MT"src/UdpSocketTest.d" -o "src/UdpSocketTest.o" "../src/UdpSocketTest.cpp"
Finished building: ../src/UdpSocketTest.cpp
 
Building target: Lab3-test
Invoking: GCC C++ Linker
g++ -L"/home/user/Desktop/lab3/Lab3-UDPSocket/Debug" -o "Lab3-test"  ./src/UdpSocketTest.o   -lLab3-UDPSocket
Finished building target: Lab3-test
 
17:04:37 **** Incremental Build of configuration Debug for project Lab3-UDPSocket ****
make all 
make: Nothing to be done for `all'.
17:04:37 **** Incremental Build of configuration Debug for project Lab3-UDPMessenger ****
make all 
make: Nothing to be done for `all'.
17:06:42 **** Clean-only build of configuration Debug for project Lab3-UDPMessenger ****
make clean 
rm -rf  ./src/UDPMessenger.o ./src/main.o  ./src/UDPMessenger.d ./src/main.d  Lab3-UDPMessenger
 
17:06:42 **** Clean-only build of configuration Debug for project Lab3-UDPSocket ****
make clean 
rm -rf  ./src/MThread.o ./src/UDPSocket.o  ./src/MThread.d ./src/UDPSocket.d  libLab3-UDPSocket.a
 
17:06:42 **** Clean-only build of configuration Debug for project Lab3-test ****
make clean 
rm -rf  ./src/UdpSocketTest.o  ./src/UdpSocketTest.d  Lab3-test
 
17:06:49 **** Build of configuration Debug for project Lab3-UDPSocket ****
make all 
Building file: ../src/MThread.cpp
Invoking: GCC C++ Compiler
g++ -O0 -g3 -Wall -c -fmessage-length=0 -MMD -MP -MF"src/MThread.d" -MT"src/MThread.d" -o "src/MThread.o" "../src/MThread.cpp"
Finished building: ../src/MThread.cpp
 
Building file: ../src/UDPSocket.cpp
Invoking: GCC C++ Compiler
g++ -O0 -g3 -Wall -c -fmessage-length=0 -MMD -MP -MF"src/UDPSocket.d" -MT"src/UDPSocket.d" -o "src/UDPSocket.o" "../src/UDPSocket.cpp"
../src/UDPSocket.cpp: In member function ‘int npl::UDPSocket::recv(char*, int)’:
../src/UDPSocket.cpp:38:27: error: invalid cast from type ‘sockaddr_in’ to type ‘int’
../src/UDPSocket.cpp: In member function ‘int npl::UDPSocket::reply(const string&)’:
../src/UDPSocket.cpp:57:29: error: invalid cast from type ‘sockaddr_in’ to type ‘int’
make: *** [src/UDPSocket.o] Error 1
17:06:50 **** Build of configuration Debug for project Lab3-UDPMessenger ****
make all 
Building file: ../src/UDPMessenger.cpp
Invoking: GCC C++ Compiler
g++ -I"/home/user/Desktop/lab3/Lab3-UDPSocket/src" -O0 -g3 -Wall -c -fmessage-length=0 -MMD -MP -MF"src/UDPMessenger.d" -MT"src/UDPMessenger.d" -o "src/UDPMessenger.o" "../src/UDPMessenger.cpp"
Finished building: ../src/UDPMessenger.cpp
 
Building file: ../src/main.cpp
Invoking: GCC C++ Compiler
g++ -I"/home/user/Desktop/lab3/Lab3-UDPSocket/src" -O0 -g3 -Wall -c -fmessage-length=0 -MMD -MP -MF"src/main.d" -MT"src/main.d" -o "src/main.o" "../src/main.cpp"
Finished building: ../src/main.cpp
 
Building target: Lab3-UDPMessenger
Invoking: GCC C++ Linker
g++ -L"/home/user/Desktop/lab3/Lab3-UDPSocket/Debug" -o "Lab3-UDPMessenger"  ./src/UDPMessenger.o ./src/main.o   -lpthread -lLab3-UDPSocket
/usr/bin/ld: cannot find -lLab3-UDPSocket
collect2: error: ld returned 1 exit status
make: *** [Lab3-UDPMessenger] Error 1
17:06:51 **** Build of configuration Debug for project Lab3-test ****
make all 
Building file: ../src/UdpSocketTest.cpp
Invoking: GCC C++ Compiler
g++ -I"/home/user/Desktop/lab3/Lab3-UDPSocket/src" -O0 -g3 -Wall -c -fmessage-length=0 -MMD -MP -MF"src/UdpSocketTest.d" -MT"src/UdpSocketTest.d" -o "src/UdpSocketTest.o" "../src/UdpSocketTest.cpp"
Finished building: ../src/UdpSocketTest.cpp
 
Building target: Lab3-test
Invoking: GCC C++ Linker
g++ -L"/home/user/Desktop/lab3/Lab3-UDPSocket/Debug" -o "Lab3-test"  ./src/UdpSocketTest.o   -lLab3-UDPSocket
/usr/bin/ld: cannot find -lLab3-UDPSocket
collect2: error: ld returned 1 exit status
make: *** [Lab3-test] Error 1
17:07:16 **** Incremental Build of configuration Debug for project Lab3-UDPSocket ****
make all 
Building file: ../src/UDPSocket.cpp
Invoking: GCC C++ Compiler
g++ -O0 -g3 -Wall -c -fmessage-length=0 -MMD -MP -MF"src/UDPSocket.d" -MT"src/UDPSocket.d" -o "src/UDPSocket.o" "../src/UDPSocket.cpp"
../src/UDPSocket.cpp: In member function ‘int npl::UDPSocket::recv(char*, int)’:
../src/UDPSocket.cpp:38:28: error: cast from ‘sockaddr_in*’ to ‘int’ loses precision [-fpermissive]
../src/UDPSocket.cpp: In member function ‘int npl::UDPSocket::reply(const string&)’:
../src/UDPSocket.cpp:57:30: error: cast from ‘sockaddr_in*’ to ‘int’ loses precision [-fpermissive]
make: *** [src/UDPSocket.o] Error 1
17:07:17 **** Incremental Build of configuration Debug for project Lab3-UDPMessenger ****
make all 
Building target: Lab3-UDPMessenger
Invoking: GCC C++ Linker
g++ -L"/home/user/Desktop/lab3/Lab3-UDPSocket/Debug" -o "Lab3-UDPMessenger"  ./src/UDPMessenger.o ./src/main.o   -lpthread -lLab3-UDPSocket
/usr/bin/ld: cannot find -lLab3-UDPSocket
collect2: error: ld returned 1 exit status
make: *** [Lab3-UDPMessenger] Error 1
17:07:17 **** Incremental Build of configuration Debug for project Lab3-test ****
make all 
Building target: Lab3-test
Invoking: GCC C++ Linker
g++ -L"/home/user/Desktop/lab3/Lab3-UDPSocket/Debug" -o "Lab3-test"  ./src/UdpSocketTest.o   -lLab3-UDPSocket
/usr/bin/ld: cannot find -lLab3-UDPSocket
collect2: error: ld returned 1 exit status
make: *** [Lab3-test] Error 1
17:07:21 **** Incremental Build of configuration Debug for project Lab3-UDPSocket ****
make all 
Building file: ../src/UDPSocket.cpp
Invoking: GCC C++ Compiler
g++ -O0 -g3 -Wall -c -fmessage-length=0 -MMD -MP -MF"src/UDPSocket.d" -MT"src/UDPSocket.d" -o "src/UDPSocket.o" "../src/UDPSocket.cpp"
../src/UDPSocket.cpp: In member function ‘int npl::UDPSocket::recv(char*, int)’:
../src/UDPSocket.cpp:38:28: error: cast from ‘sockaddr_in*’ to ‘int’ loses precision [-fpermissive]
../src/UDPSocket.cpp: In member function ‘int npl::UDPSocket::reply(const string&)’:
../src/UDPSocket.cpp:57:30: error: cast from ‘sockaddr_in*’ to ‘int’ loses precision [-fpermissive]
make: *** [src/UDPSocket.o] Error 1
17:07:21 **** Incremental Build of configuration Debug for project Lab3-UDPMessenger ****
make all 
Building target: Lab3-UDPMessenger
Invoking: GCC C++ Linker
g++ -L"/home/user/Desktop/lab3/Lab3-UDPSocket/Debug" -o "Lab3-UDPMessenger"  ./src/UDPMessenger.o ./src/main.o   -lpthread -lLab3-UDPSocket
/usr/bin/ld: cannot find -lLab3-UDPSocket
collect2: error: ld returned 1 exit status
make: *** [Lab3-UDPMessenger] Error 1
17:07:21 **** Incremental Build of configuration Debug for project Lab3-test ****
make all 
Building target: Lab3-test
Invoking: GCC C++ Linker
g++ -L"/home/user/Desktop/lab3/Lab3-UDPSocket/Debug" -o "Lab3-test"  ./src/UdpSocketTest.o   -lLab3-UDPSocket
/usr/bin/ld: cannot find -lLab3-UDPSocket
collect2: error: ld returned 1 exit status
make: *** [Lab3-test] Error 1
17:07:39 **** Incremental Build of configuration Debug for project Lab3-UDPSocket ****
make all 
Building file: ../src/UDPSocket.cpp
Invoking: GCC C++ Compiler
g++ -O0 -g3 -Wall -c -fmessage-length=0 -MMD -MP -MF"src/UDPSocket.d" -MT"src/UDPSocket.d" -o "src/UDPSocket.o" "../src/UDPSocket.cpp"
../src/UDPSocket.cpp: In member function ‘int npl::UDPSocket::recv(char*, int)’:
../src/UDPSocket.cpp:38:28: error: cast from ‘sockaddr_in*’ to ‘int’ loses precision [-fpermissive]
make: *** [src/UDPSocket.o] Error 1
17:07:40 **** Incremental Build of configuration Debug for project Lab3-UDPMessenger ****
make all 
Building target: Lab3-UDPMessenger
Invoking: GCC C++ Linker
g++ -L"/home/user/Desktop/lab3/Lab3-UDPSocket/Debug" -o "Lab3-UDPMessenger"  ./src/UDPMessenger.o ./src/main.o   -lpthread -lLab3-UDPSocket
/usr/bin/ld: cannot find -lLab3-UDPSocket
collect2: error: ld returned 1 exit status
make: *** [Lab3-UDPMessenger] Error 1
17:07:40 **** Incremental Build of configuration Debug for project Lab3-test ****
make all 
Building target: Lab3-test
Invoking: GCC C++ Linker
g++ -L"/home/user/Desktop/lab3/Lab3-UDPSocket/Debug" -o "Lab3-test"  ./src/UdpSocketTest.o   -lLab3-UDPSocket
/usr/bin/ld: cannot find -lLab3-UDPSocket
collect2: error: ld returned 1 exit status
make: *** [Lab3-test] Error 1
17:07:49 **** Incremental Build of configuration Debug for project Lab3-UDPSocket ****
make all 
Building file: ../src/UDPSocket.cpp
Invoking: GCC C++ Compiler
g++ -O0 -g3 -Wall -c -fmessage-length=0 -MMD -MP -MF"src/UDPSocket.d" -MT"src/UDPSocket.d" -o "src/UDPSocket.o" "../src/UDPSocket.cpp"
Finished building: ../src/UDPSocket.cpp
 
Building target: libLab3-UDPSocket.a
Invoking: GCC Archiver
ar -r  "libLab3-UDPSocket.a"  ./src/MThread.o ./src/UDPSocket.o   
ar: creating libLab3-UDPSocket.a
Finished building target: libLab3-UDPSocket.a
 
17:07:49 **** Incremental Build of configuration Debug for project Lab3-UDPMessenger ****
make all 
Building target: Lab3-UDPMessenger
Invoking: GCC C++ Linker
g++ -L"/home/user/Desktop/lab3/Lab3-UDPSocket/Debug" -o "Lab3-UDPMessenger"  ./src/UDPMessenger.o ./src/main.o   -lpthread -lLab3-UDPSocket
Finished building target: Lab3-UDPMessenger
 
17:07:49 **** Incremental Build of configuration Debug for project Lab3-test ****
make all 
Building target: Lab3-test
Invoking: GCC C++ Linker
g++ -L"/home/user/Desktop/lab3/Lab3-UDPSocket/Debug" -o "Lab3-test"  ./src/UdpSocketTest.o   -lLab3-UDPSocket
Finished building target: Lab3-test
 
17:07:54 **** Incremental Build of configuration Debug for project Lab3-UDPSocket ****
make all 
make: Nothing to be done for `all'.
17:07:54 **** Incremental Build of configuration Debug for project Lab3-UDPMessenger ****
make all 
make: Nothing to be done for `all'.
17:10:25 **** Clean-only build of configuration Debug for project Lab3-UDPMessenger ****
make clean 
rm -rf  ./src/UDPMessenger.o ./src/main.o  ./src/UDPMessenger.d ./src/main.d  Lab3-UDPMessenger
 
17:10:25 **** Clean-only build of configuration Debug for project Lab3-UDPSocket ****
make clean 
rm -rf  ./src/MThread.o ./src/UDPSocket.o  ./src/MThread.d ./src/UDPSocket.d  libLab3-UDPSocket.a
 
17:10:25 **** Clean-only build of configuration Debug for project Lab3-test ****
make clean 
rm -rf  ./src/UdpSocketTest.o  ./src/UdpSocketTest.d  Lab3-test
 
17:10:30 **** Build of configuration Debug for project Lab3-UDPSocket ****
make all 
Building file: ../src/MThread.cpp
Invoking: GCC C++ Compiler
g++ -O0 -g3 -Wall -c -fmessage-length=0 -MMD -MP -MF"src/MThread.d" -MT"src/MThread.d" -o "src/MThread.o" "../src/MThread.cpp"
Finished building: ../src/MThread.cpp
 
Building file: ../src/UDPSocket.cpp
Invoking: GCC C++ Compiler
g++ -O0 -g3 -Wall -c -fmessage-length=0 -MMD -MP -MF"src/UDPSocket.d" -MT"src/UDPSocket.d" -o "src/UDPSocket.o" "../src/UDPSocket.cpp"
../src/UDPSocket.cpp: In member function ‘int npl::UDPSocket::recv(char*, int)’:
../src/UDPSocket.cpp:39:43: error: no matching function for call to ‘in_addr::in_addr(volatile in_addr&)’
../src/UDPSocket.cpp:39:43: note: candidates are:
In file included from ../src/UDPSocket.h:11:0,
                 from ../src/UDPSocket.cpp:8:
/usr/include/netinet/in.h:141:8: note: in_addr::in_addr()
/usr/include/netinet/in.h:141:8: note:   candidate expects 0 arguments, 1 provided
/usr/include/netinet/in.h:141:8: note: in_addr::in_addr(const in_addr&)
/usr/include/netinet/in.h:141:8: note:   no known conversion for argument 1 from ‘volatile in_addr’ to ‘const in_addr&’
In file included from ../src/UDPSocket.cpp:10:0:
/usr/include/arpa/inet.h:53:14: error:   initializing argument 1 of ‘char* inet_ntoa(in_addr)’
../src/UDPSocket.cpp: In member function ‘int npl::UDPSocket::reply(const string&)’:
../src/UDPSocket.cpp:58:43: error: no matching function for call to ‘in_addr::in_addr(volatile in_addr&)’
../src/UDPSocket.cpp:58:43: note: candidates are:
In file included from ../src/UDPSocket.h:11:0,
                 from ../src/UDPSocket.cpp:8:
/usr/include/netinet/in.h:141:8: note: in_addr::in_addr()
/usr/include/netinet/in.h:141:8: note:   candidate expects 0 arguments, 1 provided
/usr/include/netinet/in.h:141:8: note: in_addr::in_addr(const in_addr&)
/usr/include/netinet/in.h:141:8: note:   no known conversion for argument 1 from ‘volatile in_addr’ to ‘const in_addr&’
In file included from ../src/UDPSocket.cpp:10:0:
/usr/include/arpa/inet.h:53:14: error:   initializing argument 1 of ‘char* inet_ntoa(in_addr)’
../src/UDPSocket.cpp: In member function ‘std::string npl::UDPSocket::fromAddr()’:
../src/UDPSocket.cpp:70:27: error: no matching function for call to ‘in_addr::in_addr(volatile in_addr&)’
../src/UDPSocket.cpp:70:27: note: candidates are:
In file included from ../src/UDPSocket.h:11:0,
                 from ../src/UDPSocket.cpp:8:
/usr/include/netinet/in.h:141:8: note: in_addr::in_addr()
/usr/include/netinet/in.h:141:8: note:   candidate expects 0 arguments, 1 provided
/usr/include/netinet/in.h:141:8: note: in_addr::in_addr(const in_addr&)
/usr/include/netinet/in.h:141:8: note:   no known conversion for argument 1 from ‘volatile in_addr’ to ‘const in_addr&’
make: *** [src/UDPSocket.o] Error 1
17:10:31 **** Build of configuration Debug for project Lab3-UDPMessenger ****
make all 
Building file: ../src/UDPMessenger.cpp
Invoking: GCC C++ Compiler
g++ -I"/home/user/Desktop/lab3/Lab3-UDPSocket/src" -O0 -g3 -Wall -c -fmessage-length=0 -MMD -MP -MF"src/UDPMessenger.d" -MT"src/UDPMessenger.d" -o "src/UDPMessenger.o" "../src/UDPMessenger.cpp"
Finished building: ../src/UDPMessenger.cpp
 
Building file: ../src/main.cpp
Invoking: GCC C++ Compiler
g++ -I"/home/user/Desktop/lab3/Lab3-UDPSocket/src" -O0 -g3 -Wall -c -fmessage-length=0 -MMD -MP -MF"src/main.d" -MT"src/main.d" -o "src/main.o" "../src/main.cpp"
Finished building: ../src/main.cpp
 
Building target: Lab3-UDPMessenger
Invoking: GCC C++ Linker
g++ -L"/home/user/Desktop/lab3/Lab3-UDPSocket/Debug" -o "Lab3-UDPMessenger"  ./src/UDPMessenger.o ./src/main.o   -lpthread -lLab3-UDPSocket
/usr/bin/ld: cannot find -lLab3-UDPSocket
collect2: error: ld returned 1 exit status
make: *** [Lab3-UDPMessenger] Error 1
17:10:32 **** Build of configuration Debug for project Lab3-test ****
make all 
Building file: ../src/UdpSocketTest.cpp
Invoking: GCC C++ Compiler
g++ -I"/home/user/Desktop/lab3/Lab3-UDPSocket/src" -O0 -g3 -Wall -c -fmessage-length=0 -MMD -MP -MF"src/UdpSocketTest.d" -MT"src/UdpSocketTest.d" -o "src/UdpSocketTest.o" "../src/UdpSocketTest.cpp"
Finished building: ../src/UdpSocketTest.cpp
 
Building target: Lab3-test
Invoking: GCC C++ Linker
g++ -L"/home/user/Desktop/lab3/Lab3-UDPSocket/Debug" -o "Lab3-test"  ./src/UdpSocketTest.o   -lLab3-UDPSocket
/usr/bin/ld: cannot find -lLab3-UDPSocket
collect2: error: ld returned 1 exit status
make: *** [Lab3-test] Error 1
17:11:37 **** Incremental Build of configuration Debug for project Lab3-UDPSocket ****
make all 
Building file: ../src/UDPSocket.cpp
Invoking: GCC C++ Compiler
g++ -O0 -g3 -Wall -c -fmessage-length=0 -MMD -MP -MF"src/UDPSocket.d" -MT"src/UDPSocket.d" -o "src/UDPSocket.o" "../src/UDPSocket.cpp"
Finished building: ../src/UDPSocket.cpp
 
Building target: libLab3-UDPSocket.a
Invoking: GCC Archiver
ar -r  "libLab3-UDPSocket.a"  ./src/MThread.o ./src/UDPSocket.o   
ar: creating libLab3-UDPSocket.a
Finished building target: libLab3-UDPSocket.a
 
17:11:38 **** Incremental Build of configuration Debug for project Lab3-UDPMessenger ****
make all 
Building target: Lab3-UDPMessenger
Invoking: GCC C++ Linker
g++ -L"/home/user/Desktop/lab3/Lab3-UDPSocket/Debug" -o "Lab3-UDPMessenger"  ./src/UDPMessenger.o ./src/main.o   -lpthread -lLab3-UDPSocket
Finished building target: Lab3-UDPMessenger
 
17:11:38 **** Incremental Build of configuration Debug for project Lab3-test ****
make all 
Building target: Lab3-test
Invoking: GCC C++ Linker
g++ -L"/home/user/Desktop/lab3/Lab3-UDPSocket/Debug" -o "Lab3-test"  ./src/UdpSocketTest.o   -lLab3-UDPSocket
Finished building target: Lab3-test
 
17:11:41 **** Incremental Build of configuration Debug for project Lab3-UDPSocket ****
make all 
make: Nothing to be done for `all'.
17:11:46 **** Clean-only build of configuration Debug for project Lab3-UDPMessenger ****
make clean 
rm -rf  ./src/UDPMessenger.o ./src/main.o  ./src/UDPMessenger.d ./src/main.d  Lab3-UDPMessenger
 
17:11:47 **** Clean-only build of configuration Debug for project Lab3-UDPSocket ****
make clean 
rm -rf  ./src/MThread.o ./src/UDPSocket.o  ./src/MThread.d ./src/UDPSocket.d  libLab3-UDPSocket.a
 
17:11:47 **** Clean-only build of configuration Debug for project Lab3-test ****
make clean 
rm -rf  ./src/UdpSocketTest.o  ./src/UdpSocketTest.d  Lab3-test
 
17:11:50 **** Build of configuration Debug for project Lab3-UDPSocket ****
make all 
Building file: ../src/MThread.cpp
Invoking: GCC C++ Compiler
g++ -O0 -g3 -Wall -c -fmessage-length=0 -MMD -MP -MF"src/MThread.d" -MT"src/MThread.d" -o "src/MThread.o" "../src/MThread.cpp"
Finished building: ../src/MThread.cpp
 
Building file: ../src/UDPSocket.cpp
Invoking: GCC C++ Compiler
g++ -O0 -g3 -Wall -c -fmessage-length=0 -MMD -MP -MF"src/UDPSocket.d" -MT"src/UDPSocket.d" -o "src/UDPSocket.o" "../src/UDPSocket.cpp"
Finished building: ../src/UDPSocket.cpp
 
Building target: libLab3-UDPSocket.a
Invoking: GCC Archiver
ar -r  "libLab3-UDPSocket.a"  ./src/MThread.o ./src/UDPSocket.o   
ar: creating libLab3-UDPSocket.a
Finished building target: libLab3-UDPSocket.a
 
17:12:02 **** Clean-only build of configuration Debug for project Lab3-UDPMessenger ****
make clean 
rm -rf  ./src/UDPMessenger.o ./src/main.o  ./src/UDPMessenger.d ./src/main.d  Lab3-UDPMessenger
 
17:12:02 **** Clean-only build of configuration Debug for project Lab3-UDPSocket ****
make clean 
rm -rf  ./src/MThread.o ./src/UDPSocket.o  ./src/MThread.d ./src/UDPSocket.d  libLab3-UDPSocket.a
 
17:12:02 **** Clean-only build of configuration Debug for project Lab3-test ****
make clean 
rm -rf  ./src/UdpSocketTest.o  ./src/UdpSocketTest.d  Lab3-test
 
17:12:05 **** Build of configuration Debug for project Lab3-UDPSocket ****
make all 
Building file: ../src/MThread.cpp
Invoking: GCC C++ Compiler
g++ -O0 -g3 -Wall -c -fmessage-length=0 -MMD -MP -MF"src/MThread.d" -MT"src/MThread.d" -o "src/MThread.o" "../src/MThread.cpp"
Finished building: ../src/MThread.cpp
 
Building file: ../src/UDPSocket.cpp
Invoking: GCC C++ Compiler
g++ -O0 -g3 -Wall -c -fmessage-length=0 -MMD -MP -MF"src/UDPSocket.d" -MT"src/UDPSocket.d" -o "src/UDPSocket.o" "../src/UDPSocket.cpp"
Finished building: ../src/UDPSocket.cpp
 
Building target: libLab3-UDPSocket.a
Invoking: GCC Archiver
ar -r  "libLab3-UDPSocket.a"  ./src/MThread.o ./src/UDPSocket.o   
ar: creating libLab3-UDPSocket.a
Finished building target: libLab3-UDPSocket.a
 
17:12:06 **** Build of configuration Debug for project Lab3-UDPMessenger ****
make all 
Building file: ../src/UDPMessenger.cpp
Invoking: GCC C++ Compiler
g++ -I"/home/user/Desktop/lab3/Lab3-UDPSocket/src" -O0 -g3 -Wall -c -fmessage-length=0 -MMD -MP -MF"src/UDPMessenger.d" -MT"src/UDPMessenger.d" -o "src/UDPMessenger.o" "../src/UDPMessenger.cpp"
Finished building: ../src/UDPMessenger.cpp
 
Building file: ../src/main.cpp
Invoking: GCC C++ Compiler
g++ -I"/home/user/Desktop/lab3/Lab3-UDPSocket/src" -O0 -g3 -Wall -c -fmessage-length=0 -MMD -MP -MF"src/main.d" -MT"src/main.d" -o "src/main.o" "../src/main.cpp"
Finished building: ../src/main.cpp
 
Building target: Lab3-UDPMessenger
Invoking: GCC C++ Linker
g++ -L"/home/user/Desktop/lab3/Lab3-UDPSocket/Debug" -o "Lab3-UDPMessenger"  ./src/UDPMessenger.o ./src/main.o   -lpthread -lLab3-UDPSocket
Finished building target: Lab3-UDPMessenger
 
17:12:06 **** Build of configuration Debug for project Lab3-test ****
make all 
Building file: ../src/UdpSocketTest.cpp
Invoking: GCC C++ Compiler
g++ -I"/home/user/Desktop/lab3/Lab3-UDPSocket/src" -O0 -g3 -Wall -c -fmessage-length=0 -MMD -MP -MF"src/UdpSocketTest.d" -MT"src/UdpSocketTest.d" -o "src/UdpSocketTest.o" "../src/UdpSocketTest.cpp"
Finished building: ../src/UdpSocketTest.cpp
 
Building target: Lab3-test
Invoking: GCC C++ Linker
g++ -L"/home/user/Desktop/lab3/Lab3-UDPSocket/Debug" -o "Lab3-test"  ./src/UdpSocketTest.o   -lLab3-UDPSocket
Finished building target: Lab3-test
 
17:12:08 **** Incremental Build of configuration Debug for project Lab3-UDPSocket ****
make all 
make: Nothing to be done for `all'.
17:12:08 **** Incremental Build of configuration Debug for project Lab3-UDPMessenger ****
make all 
make: Nothing to be done for `all'.
12:09:06 **** Build of configuration Debug for project Lab3-UDPSocket ****
make all 
make: Nothing to be done for `all'.
12:09:07 **** Build of configuration Debug for project Lab3-UDPMessenger ****
make all 
make: Nothing to be done for `all'.
12:09:08 **** Build of configuration Debug for project Lab3-test ****
make all 
make: Nothing to be done for `all'.
12:24:25 **** Incremental Build of configuration Debug for project Lab3-UDPSocket ****
make all 
Building file: ../src/TCPSocket.cpp
Invoking: GCC C++ Compiler
g++ -O0 -g3 -Wall -c -fmessage-length=0 -MMD -MP -MF"src/TCPSocket.d" -MT"src/TCPSocket.d" -o "src/TCPSocket.o" "../src/TCPSocket.cpp"
../src/TCPSocket.cpp: In member function ‘std::string npl::TCPSocket::fromAddress()’:
../src/TCPSocket.cpp:36:10: error: invalid conversion from ‘int’ to ‘const char*’ [-fpermissive]
In file included from /usr/include/c++/4.7/string:55:0,
                 from /usr/include/c++/4.7/bits/locale_classes.h:42,
                 from /usr/include/c++/4.7/bits/ios_base.h:43,
                 from /usr/include/c++/4.7/ios:43,
                 from /usr/include/c++/4.7/ostream:40,
                 from /usr/include/c++/4.7/iostream:40,
                 from ../src/TCPSocket.h:15,
                 from ../src/TCPSocket.cpp:8:
/usr/include/c++/4.7/bits/basic_string.tcc:214:5: error:   initializing argument 1 of ‘std::basic_string<_CharT, _Traits, _Alloc>::basic_string(const _CharT*, const _Alloc&) [with _CharT = char; _Traits = std::char_traits<char>; _Alloc = std::allocator<char>]’ [-fpermissive]
make: *** [src/TCPSocket.o] Error 1
12:24:28 **** Incremental Build of configuration Debug for project Lab3-UDPMessenger ****
make all 
make: Nothing to be done for `all'.
12:24:28 **** Incremental Build of configuration Debug for project Lab3-test ****
make all 
Building file: ../src/UdpSocketTest.cpp
Invoking: GCC C++ Compiler
g++ -I"/home/user/Desktop/lab3/Lab3-UDPSocket/src" -O0 -g3 -Wall -c -fmessage-length=0 -MMD -MP -MF"src/UdpSocketTest.d" -MT"src/UdpSocketTest.d" -o "src/UdpSocketTest.o" "../src/UdpSocketTest.cpp"
Finished building: ../src/UdpSocketTest.cpp
 
Building file: ../src/main.cpp
Invoking: GCC C++ Compiler
g++ -I"/home/user/Desktop/lab3/Lab3-UDPSocket/src" -O0 -g3 -Wall -c -fmessage-length=0 -MMD -MP -MF"src/main.d" -MT"src/main.d" -o "src/main.o" "../src/main.cpp"
Finished building: ../src/main.cpp
 
Building target: Lab3-test
Invoking: GCC C++ Linker
g++ -L"/home/user/Desktop/lab3/Lab3-UDPSocket/Debug" -o "Lab3-test"  ./src/UdpSocketTest.o ./src/main.o   -lLab3-UDPSocket
/usr/bin/ld: cannot find -lLab3-UDPSocket
collect2: error: ld returned 1 exit status
make: *** [Lab3-test] Error 1
12:24:53 **** Incremental Build of configuration Debug for project Lab3-UDPSocket ****
make all 
Building file: ../src/TCPSocket.cpp
Invoking: GCC C++ Compiler
g++ -O0 -g3 -Wall -c -fmessage-length=0 -MMD -MP -MF"src/TCPSocket.d" -MT"src/TCPSocket.d" -o "src/TCPSocket.o" "../src/TCPSocket.cpp"
Finished building: ../src/TCPSocket.cpp
 
Building target: libLab3-UDPSocket.a
Invoking: GCC Archiver
ar -r  "libLab3-UDPSocket.a"  ./src/MThread.o ./src/TCPSocket.o ./src/UDPSocket.o   
ar: creating libLab3-UDPSocket.a
Finished building target: libLab3-UDPSocket.a
 
12:24:54 **** Incremental Build of configuration Debug for project Lab3-UDPMessenger ****
make all 
Building target: Lab3-UDPMessenger
Invoking: GCC C++ Linker
g++ -L"/home/user/Desktop/lab3/Lab3-UDPSocket/Debug" -o "Lab3-UDPMessenger"  ./src/UDPMessenger.o ./src/main.o   -lpthread -lLab3-UDPSocket
Finished building target: Lab3-UDPMessenger
 
12:24:54 **** Incremental Build of configuration Debug for project Lab3-test ****
make all 
Building target: Lab3-test
Invoking: GCC C++ Linker
g++ -L"/home/user/Desktop/lab3/Lab3-UDPSocket/Debug" -o "Lab3-test"  ./src/UdpSocketTest.o ./src/main.o   -lLab3-UDPSocket
Finished building target: Lab3-test
 
12:24:57 **** Incremental Build of configuration Debug for project Lab3-UDPSocket ****
make all 
Building file: ../src/TCPSocket.cpp
Invoking: GCC C++ Compiler
g++ -O0 -g3 -Wall -c -fmessage-length=0 -MMD -MP -MF"src/TCPSocket.d" -MT"src/TCPSocket.d" -o "src/TCPSocket.o" "../src/TCPSocket.cpp"
Finished building: ../src/TCPSocket.cpp
 
Building target: libLab3-UDPSocket.a
Invoking: GCC Archiver
ar -r  "libLab3-UDPSocket.a"  ./src/MThread.o ./src/TCPSocket.o ./src/UDPSocket.o   
ar: creating libLab3-UDPSocket.a
Finished building target: libLab3-UDPSocket.a
 
12:24:58 **** Incremental Build of configuration Debug for project Lab3-UDPMessenger ****
make all 
make: Nothing to be done for `all'.
12:24:58 **** Incremental Build of configuration Debug for project Lab3-test ****
make all 
Building target: Lab3-test
Invoking: GCC C++ Linker
g++ -L"/home/user/Desktop/lab3/Lab3-UDPSocket/Debug" -o "Lab3-test"  ./src/UdpSocketTest.o ./src/main.o   -lLab3-UDPSocket
Finished building target: Lab3-test
 
12:25:01 **** Incremental Build of configuration Debug for project Lab3-UDPSocket ****
make all 
Building file: ../src/TCPSocket.cpp
Invoking: GCC C++ Compiler
g++ -O0 -g3 -Wall -c -fmessage-length=0 -MMD -MP -MF"src/TCPSocket.d" -MT"src/TCPSocket.d" -o "src/TCPSocket.o" "../src/TCPSocket.cpp"
Finished building: ../src/TCPSocket.cpp
 
Building target: libLab3-UDPSocket.a
Invoking: GCC Archiver
ar -r  "libLab3-UDPSocket.a"  ./src/MThread.o ./src/TCPSocket.o ./src/UDPSocket.o   
ar: creating libLab3-UDPSocket.a
Finished building target: libLab3-UDPSocket.a
 
12:25:01 **** Incremental Build of configuration Debug for project Lab3-UDPMessenger ****
make all 
make: Nothing to be done for `all'.
12:25:02 **** Incremental Build of configuration Debug for project Lab3-test ****
make all 
Building target: Lab3-test
Invoking: GCC C++ Linker
g++ -L"/home/user/Desktop/lab3/Lab3-UDPSocket/Debug" -o "Lab3-test"  ./src/UdpSocketTest.o ./src/main.o   -lLab3-UDPSocket
Finished building target: Lab3-test
 
12:25:10 **** Incremental Build of configuration Debug for project Lab3-UDPSocket ****
make all 
make: Nothing to be done for `all'.
12:25:10 **** Incremental Build of configuration Debug for project Lab3-test ****
make all 
make: Nothing to be done for `all'.
12:26:16 **** Incremental Build of configuration Debug for project Lab3-UDPSocket ****
make all 
make: Nothing to be done for `all'.
12:26:16 **** Incremental Build of configuration Debug for project Lab3-UDPMessenger ****
make all 
make: Nothing to be done for `all'.
12:26:16 **** Incremental Build of configuration Debug for project Lab3-test ****
make all 
Building file: ../src/main.cpp
Invoking: GCC C++ Compiler
g++ -I"/home/user/Desktop/lab3/Lab3-UDPSocket/src" -O0 -g3 -Wall -c -fmessage-length=0 -MMD -MP -MF"src/main.d" -MT"src/main.d" -o "src/main.o" "../src/main.cpp"
Finished building: ../src/main.cpp
 
Building target: Lab3-test
Invoking: GCC C++ Linker
g++ -L"/home/user/Desktop/lab3/Lab3-UDPSocket/Debug" -o "Lab3-test"  ./src/UdpSocketTest.o ./src/main.o   -lLab3-UDPSocket
Finished building target: Lab3-test
 
12:26:19 **** Incremental Build of configuration Debug for project Lab3-UDPSocket ****
make all 
make: Nothing to be done for `all'.
12:26:19 **** Incremental Build of configuration Debug for project Lab3-test ****
make all 
make: Nothing to be done for `all'.
12:26:43 **** Incremental Build of configuration Debug for project Lab3-UDPSocket ****
make all 
make: Nothing to be done for `all'.
12:26:43 **** Incremental Build of configuration Debug for project Lab3-UDPMessenger ****
make all 
make: Nothing to be done for `all'.
12:26:43 **** Incremental Build of configuration Debug for project Lab3-test ****
make all 
Building file: ../src/main.cpp
Invoking: GCC C++ Compiler
g++ -I"/home/user/Desktop/lab3/Lab3-UDPSocket/src" -O0 -g3 -Wall -c -fmessage-length=0 -MMD -MP -MF"src/main.d" -MT"src/main.d" -o "src/main.o" "../src/main.cpp"
Finished building: ../src/main.cpp
 
Building target: Lab3-test
Invoking: GCC C++ Linker
g++ -L"/home/user/Desktop/lab3/Lab3-UDPSocket/Debug" -o "Lab3-test"  ./src/UdpSocketTest.o ./src/main.o   -lLab3-UDPSocket
Finished building target: Lab3-test
 
12:26:45 **** Incremental Build of configuration Debug for project Lab3-UDPSocket ****
make all 
make: Nothing to be done for `all'.
12:26:45 **** Incremental Build of configuration Debug for project Lab3-test ****
make all 
make: Nothing to be done for `all'.
12:29:43 **** Clean-only build of configuration Debug for project Lab3-UDPMessenger ****
make clean 
rm -rf  ./src/UDPMessenger.o ./src/main.o  ./src/UDPMessenger.d ./src/main.d  Lab3-UDPMessenger
 
12:29:43 **** Clean-only build of configuration Debug for project Lab3-test ****
make clean 
rm -rf  ./src/UdpSocketTest.o ./src/main.o  ./src/UdpSocketTest.d ./src/main.d  Lab3-test
 
12:29:43 **** Clean-only build of configuration Debug for project SocketUtils ****
make clean 
rm -rf  ./src/MThread.o ./src/TCPSocket.o ./src/UDPSocket.o  ./src/MThread.d ./src/TCPSocket.d ./src/UDPSocket.d  libLab3-UDPSocket.a
 
12:29:48 **** Build of configuration Debug for project Lab3-UDPMessenger ****
make all 
Building file: ../src/UDPMessenger.cpp
Invoking: GCC C++ Compiler
g++ -O0 -g3 -Wall -c -fmessage-length=0 -MMD -MP -MF"src/UDPMessenger.d" -MT"src/UDPMessenger.d" -o "src/UDPMessenger.o" "../src/UDPMessenger.cpp"
In file included from ../src/UDPMessenger.cpp:9:0:
../src/UDPMessenger.h:10:23: fatal error: UDPSocket.h: No such file or directory
compilation terminated.
make: *** [src/UDPMessenger.o] Error 1
12:29:48 **** Build of configuration Debug for project Lab3-test ****
make all 
Building file: ../src/TcpSocketTest.cpp
Invoking: GCC C++ Compiler
g++ -O0 -g3 -Wall -c -fmessage-length=0 -MMD -MP -MF"src/TcpSocketTest.d" -MT"src/TcpSocketTest.d" -o "src/TcpSocketTest.o" "../src/TcpSocketTest.cpp"
In file included from ../src/TcpSocketTest.cpp:8:0:
../src/TcpSocketTest.h:13:23: fatal error: UDPSocket.h: No such file or directory
compilation terminated.
make: *** [src/TcpSocketTest.o] Error 1
12:29:49 **** Build of configuration Debug for project SocketUtils ****
make all 
Building file: ../src/MThread.cpp
Invoking: GCC C++ Compiler
g++ -O0 -g3 -Wall -c -fmessage-length=0 -MMD -MP -MF"src/MThread.d" -MT"src/MThread.d" -o "src/MThread.o" "../src/MThread.cpp"
Finished building: ../src/MThread.cpp
 
Building file: ../src/TCPSocket.cpp
Invoking: GCC C++ Compiler
g++ -O0 -g3 -Wall -c -fmessage-length=0 -MMD -MP -MF"src/TCPSocket.d" -MT"src/TCPSocket.d" -o "src/TCPSocket.o" "../src/TCPSocket.cpp"
Finished building: ../src/TCPSocket.cpp
 
Building file: ../src/UDPSocket.cpp
Invoking: GCC C++ Compiler
g++ -O0 -g3 -Wall -c -fmessage-length=0 -MMD -MP -MF"src/UDPSocket.d" -MT"src/UDPSocket.d" -o "src/UDPSocket.o" "../src/UDPSocket.cpp"
Finished building: ../src/UDPSocket.cpp
 
Building target: libSocketUtils.a
Invoking: GCC Archiver
ar -r  "libSocketUtils.a"  ./src/MThread.o ./src/TCPSocket.o ./src/UDPSocket.o   
ar: creating libSocketUtils.a
Finished building target: libSocketUtils.a
 
12:32:44 **** Incremental Build of configuration Debug for project Lab3-UDPMessenger ****
make all 
Building file: ../src/UDPMessenger.cpp
Invoking: GCC C++ Compiler
g++ -I"/home/user/Desktop/lab3/SocketUtils/src" -O0 -g3 -Wall -c -fmessage-length=0 -MMD -MP -MF"src/UDPMessenger.d" -MT"src/UDPMessenger.d" -o "src/UDPMessenger.o" "../src/UDPMessenger.cpp"
Finished building: ../src/UDPMessenger.cpp
 
Building file: ../src/main.cpp
Invoking: GCC C++ Compiler
g++ -I"/home/user/Desktop/lab3/SocketUtils/src" -O0 -g3 -Wall -c -fmessage-length=0 -MMD -MP -MF"src/main.d" -MT"src/main.d" -o "src/main.o" "../src/main.cpp"
Finished building: ../src/main.cpp
 
Building target: Lab3-UDPMessenger
Invoking: GCC C++ Linker
g++ -L"/home/user/Desktop/lab3/SocketUtils" -o "Lab3-UDPMessenger"  ./src/UDPMessenger.o ./src/main.o   -lpthread -lSocketUtils
/usr/bin/ld: cannot find -lSocketUtils
collect2: error: ld returned 1 exit status
make: *** [Lab3-UDPMessenger] Error 1
12:32:45 **** Incremental Build of configuration Debug for project Lab3-test ****
make all 
Building file: ../src/TcpSocketTest.cpp
Invoking: GCC C++ Compiler
g++ -O0 -g3 -Wall -c -fmessage-length=0 -MMD -MP -MF"src/TcpSocketTest.d" -MT"src/TcpSocketTest.d" -o "src/TcpSocketTest.o" "../src/TcpSocketTest.cpp"
In file included from ../src/TcpSocketTest.cpp:8:0:
../src/TcpSocketTest.h:13:23: fatal error: UDPSocket.h: No such file or directory
compilation terminated.
make: *** [src/TcpSocketTest.o] Error 1
12:32:46 **** Incremental Build of configuration Debug for project SocketUtils ****
make all 
make: Nothing to be done for `all'.
12:33:19 **** Clean-only build of configuration Debug for project Lab3-UDPMessenger ****
make clean 
rm -rf  ./src/UDPMessenger.o ./src/main.o  ./src/UDPMessenger.d ./src/main.d  Lab3-UDPMessenger
 
12:33:19 **** Clean-only build of configuration Debug for project Lab3-test ****
make clean 
rm -rf  ./src/TcpSocketTest.o ./src/UdpSocketTest.o ./src/main.o  ./src/TcpSocketTest.d ./src/UdpSocketTest.d ./src/main.d  Lab3-test
 
12:33:19 **** Clean-only build of configuration Debug for project SocketUtils ****
make clean 
rm -rf  ./src/MThread.o ./src/TCPSocket.o ./src/UDPSocket.o  ./src/MThread.d ./src/TCPSocket.d ./src/UDPSocket.d  libSocketUtils.a
 
12:33:23 **** Build of configuration Debug for project Lab3-UDPMessenger ****
make all 
Building file: ../src/UDPMessenger.cpp
Invoking: GCC C++ Compiler
g++ -I"/home/user/Desktop/lab3/SocketUtils/src" -O0 -g3 -Wall -c -fmessage-length=0 -MMD -MP -MF"src/UDPMessenger.d" -MT"src/UDPMessenger.d" -o "src/UDPMessenger.o" "../src/UDPMessenger.cpp"
Finished building: ../src/UDPMessenger.cpp
 
Building file: ../src/main.cpp
Invoking: GCC C++ Compiler
g++ -I"/home/user/Desktop/lab3/SocketUtils/src" -O0 -g3 -Wall -c -fmessage-length=0 -MMD -MP -MF"src/main.d" -MT"src/main.d" -o "src/main.o" "../src/main.cpp"
Finished building: ../src/main.cpp
 
Building target: Lab3-UDPMessenger
Invoking: GCC C++ Linker
g++ -L"/home/user/Desktop/lab3/SocketUtils" -o "Lab3-UDPMessenger"  ./src/UDPMessenger.o ./src/main.o   -lpthread -lSocketUtils
/usr/bin/ld: cannot find -lSocketUtils
collect2: error: ld returned 1 exit status
make: *** [Lab3-UDPMessenger] Error 1
12:33:23 **** Build of configuration Debug for project Lab3-test ****
make all 
Building file: ../src/TcpSocketTest.cpp
Invoking: GCC C++ Compiler
g++ -O0 -g3 -Wall -c -fmessage-length=0 -MMD -MP -MF"src/TcpSocketTest.d" -MT"src/TcpSocketTest.d" -o "src/TcpSocketTest.o" "../src/TcpSocketTest.cpp"
In file included from ../src/TcpSocketTest.cpp:8:0:
../src/TcpSocketTest.h:13:23: fatal error: UDPSocket.h: No such file or directory
compilation terminated.
make: *** [src/TcpSocketTest.o] Error 1
12:33:24 **** Build of configuration Debug for project SocketUtils ****
make all 
Building file: ../src/MThread.cpp
Invoking: GCC C++ Compiler
g++ -O0 -g3 -Wall -c -fmessage-length=0 -MMD -MP -MF"src/MThread.d" -MT"src/MThread.d" -o "src/MThread.o" "../src/MThread.cpp"
Finished building: ../src/MThread.cpp
 
Building file: ../src/TCPSocket.cpp
Invoking: GCC C++ Compiler
g++ -O0 -g3 -Wall -c -fmessage-length=0 -MMD -MP -MF"src/TCPSocket.d" -MT"src/TCPSocket.d" -o "src/TCPSocket.o" "../src/TCPSocket.cpp"
Finished building: ../src/TCPSocket.cpp
 
Building file: ../src/UDPSocket.cpp
Invoking: GCC C++ Compiler
g++ -O0 -g3 -Wall -c -fmessage-length=0 -MMD -MP -MF"src/UDPSocket.d" -MT"src/UDPSocket.d" -o "src/UDPSocket.o" "../src/UDPSocket.cpp"
Finished building: ../src/UDPSocket.cpp
 
Building target: libSocketUtils.a
Invoking: GCC Archiver
ar -r  "libSocketUtils.a"  ./src/MThread.o ./src/TCPSocket.o ./src/UDPSocket.o   
ar: creating libSocketUtils.a
Finished building target: libSocketUtils.a
 
12:33:55 **** Incremental Build of configuration Debug for project Lab3-test ****
make all 
Building file: ../src/TcpSocketTest.cpp
Invoking: GCC C++ Compiler
g++ -O0 -g3 -Wall -c -fmessage-length=0 -MMD -MP -MF"src/TcpSocketTest.d" -MT"src/TcpSocketTest.d" -o "src/TcpSocketTest.o" "../src/TcpSocketTest.cpp"
In file included from ../src/TcpSocketTest.cpp:8:0:
../src/TcpSocketTest.h:13:23: fatal error: UDPSocket.h: No such file or directory
compilation terminated.
make: *** [src/TcpSocketTest.o] Error 1
12:33:56 **** Incremental Build of configuration Debug for project SocketUtils ****
make all 
make: Nothing to be done for `all'.
12:33:56 **** Incremental Build of configuration Debug for project Lab3-UDPMessenger ****
make all 
Building target: Lab3-UDPMessenger
Invoking: GCC C++ Linker
g++ -L"/home/user/Desktop/lab3/SocketUtils" -o "Lab3-UDPMessenger"  ./src/UDPMessenger.o ./src/main.o   -lpthread -lSocketUtils
/usr/bin/ld: cannot find -lSocketUtils
collect2: error: ld returned 1 exit status
make: *** [Lab3-UDPMessenger] Error 1
12:35:25 **** Incremental Build of configuration Debug for project SocketUtils ****
make all 
make: Nothing to be done for `all'.
12:35:25 **** Incremental Build of configuration Debug for project Lab3-test ****
make all 
Building file: ../src/TcpSocketTest.cpp
Invoking: GCC C++ Compiler
g++ -I"/home/user/Desktop/lab3/SocketUtils/src" -O0 -g3 -Wall -c -fmessage-length=0 -MMD -MP -MF"src/TcpSocketTest.d" -MT"src/TcpSocketTest.d" -o "src/TcpSocketTest.o" "../src/TcpSocketTest.cpp"
Finished building: ../src/TcpSocketTest.cpp
 
Building file: ../src/UdpSocketTest.cpp
Invoking: GCC C++ Compiler
g++ -I"/home/user/Desktop/lab3/SocketUtils/src" -O0 -g3 -Wall -c -fmessage-length=0 -MMD -MP -MF"src/UdpSocketTest.d" -MT"src/UdpSocketTest.d" -o "src/UdpSocketTest.o" "../src/UdpSocketTest.cpp"
Finished building: ../src/UdpSocketTest.cpp
 
Building file: ../src/main.cpp
Invoking: GCC C++ Compiler
g++ -I"/home/user/Desktop/lab3/SocketUtils/src" -O0 -g3 -Wall -c -fmessage-length=0 -MMD -MP -MF"src/main.d" -MT"src/main.d" -o "src/main.o" "../src/main.cpp"
Finished building: ../src/main.cpp
 
Building target: Lab3-test
Invoking: GCC C++ Linker
g++ -L"/home/user/Desktop/lab3/SocketUtils/Debug" -o "Lab3-test"  ./src/TcpSocketTest.o ./src/UdpSocketTest.o ./src/main.o   -lSocketUtils
Finished building target: Lab3-test
 
12:35:27 **** Incremental Build of configuration Debug for project Lab3-UDPMessenger ****
make all 
Building target: Lab3-UDPMessenger
Invoking: GCC C++ Linker
g++ -L"/home/user/Desktop/lab3/SocketUtils/Debug" -o "Lab3-UDPMessenger"  ./src/UDPMessenger.o ./src/main.o   -lpthread -lSocketUtils
Finished building target: Lab3-UDPMessenger
 
12:36:25 **** Incremental Build of configuration Debug for project SocketUtils ****
make all 
make: Nothing to be done for `all'.
12:36:25 **** Incremental Build of configuration Debug for project Lab3-test ****
make all 
Building file: ../src/main.cpp
Invoking: GCC C++ Compiler
g++ -I"/home/user/Desktop/lab3/SocketUtils/src" -O0 -g3 -Wall -c -fmessage-length=0 -MMD -MP -MF"src/main.d" -MT"src/main.d" -o "src/main.o" "../src/main.cpp"
Finished building: ../src/main.cpp
 
Building target: Lab3-test
Invoking: GCC C++ Linker
g++ -L"/home/user/Desktop/lab3/SocketUtils/Debug" -o "Lab3-test"  ./src/TcpSocketTest.o ./src/UdpSocketTest.o ./src/main.o   -lSocketUtils
Finished building target: Lab3-test
 
12:36:25 **** Incremental Build of configuration Debug for project Lab3-UDPMessenger ****
make all 
make: Nothing to be done for `all'.
12:36:32 **** Incremental Build of configuration Debug for project SocketUtils ****
make all 
make: Nothing to be done for `all'.
12:36:32 **** Incremental Build of configuration Debug for project Lab3-test ****
make all 
Building file: ../src/TcpSocketTest.cpp
Invoking: GCC C++ Compiler
g++ -I"/home/user/Desktop/lab3/SocketUtils/src" -O0 -g3 -Wall -c -fmessage-length=0 -MMD -MP -MF"src/TcpSocketTest.d" -MT"src/TcpSocketTest.d" -o "src/TcpSocketTest.o" "../src/TcpSocketTest.cpp"
Finished building: ../src/TcpSocketTest.cpp
 
Building target: Lab3-test
Invoking: GCC C++ Linker
g++ -L"/home/user/Desktop/lab3/SocketUtils/Debug" -o "Lab3-test"  ./src/TcpSocketTest.o ./src/UdpSocketTest.o ./src/main.o   -lSocketUtils
Finished building target: Lab3-test
 
12:36:44 **** Incremental Build of configuration Debug for project SocketUtils ****
make all 
make: Nothing to be done for `all'.
12:36:44 **** Incremental Build of configuration Debug for project Lab3-test ****
make all 
Building file: ../src/TcpSocketTest.cpp
Invoking: GCC C++ Compiler
g++ -I"/home/user/Desktop/lab3/SocketUtils/src" -O0 -g3 -Wall -c -fmessage-length=0 -MMD -MP -MF"src/TcpSocketTest.d" -MT"src/TcpSocketTest.d" -o "src/TcpSocketTest.o" "../src/TcpSocketTest.cpp"
Finished building: ../src/TcpSocketTest.cpp
 
Building target: Lab3-test
Invoking: GCC C++ Linker
g++ -L"/home/user/Desktop/lab3/SocketUtils/Debug" -o "Lab3-test"  ./src/TcpSocketTest.o ./src/UdpSocketTest.o ./src/main.o   -lSocketUtils
Finished building target: Lab3-test
 
12:36:45 **** Incremental Build of configuration Debug for project Lab3-UDPMessenger ****
make all 
make: Nothing to be done for `all'.
12:36:47 **** Incremental Build of configuration Debug for project SocketUtils ****
make all 
make: Nothing to be done for `all'.
12:36:47 **** Incremental Build of configuration Debug for project Lab3-test ****
make all 
make: Nothing to be done for `all'.
12:37:20 **** Incremental Build of configuration Debug for project SocketUtils ****
make all 
make: Nothing to be done for `all'.
12:37:20 **** Incremental Build of configuration Debug for project Lab3-test ****
make all 
Building file: ../src/main.cpp
Invoking: GCC C++ Compiler
g++ -I"/home/user/Desktop/lab3/SocketUtils/src" -O0 -g3 -Wall -c -fmessage-length=0 -MMD -MP -MF"src/main.d" -MT"src/main.d" -o "src/main.o" "../src/main.cpp"
Finished building: ../src/main.cpp
 
Building target: Lab3-test
Invoking: GCC C++ Linker
g++ -L"/home/user/Desktop/lab3/SocketUtils/Debug" -o "Lab3-test"  ./src/TcpSocketTest.o ./src/UdpSocketTest.o ./src/main.o   -lSocketUtils
Finished building target: Lab3-test
 
12:37:20 **** Incremental Build of configuration Debug for project Lab3-UDPMessenger ****
make all 
make: Nothing to be done for `all'.
12:37:22 **** Incremental Build of configuration Debug for project SocketUtils ****
make all 
make: Nothing to be done for `all'.
12:37:22 **** Incremental Build of configuration Debug for project Lab3-test ****
make all 
make: Nothing to be done for `all'.
12:37:32 **** Incremental Build of configuration Debug for project SocketUtils ****
make all 
make: Nothing to be done for `all'.
12:37:32 **** Incremental Build of configuration Debug for project Lab3-test ****
make all 
Building file: ../src/main.cpp
Invoking: GCC C++ Compiler
g++ -I"/home/user/Desktop/lab3/SocketUtils/src" -O0 -g3 -Wall -c -fmessage-length=0 -MMD -MP -MF"src/main.d" -MT"src/main.d" -o "src/main.o" "../src/main.cpp"
Finished building: ../src/main.cpp
 
Building target: Lab3-test
Invoking: GCC C++ Linker
g++ -L"/home/user/Desktop/lab3/SocketUtils/Debug" -o "Lab3-test"  ./src/TcpSocketTest.o ./src/UdpSocketTest.o ./src/main.o   -lSocketUtils
Finished building target: Lab3-test
 
12:37:33 **** Incremental Build of configuration Debug for project Lab3-UDPMessenger ****
make all 
make: Nothing to be done for `all'.
12:37:37 **** Incremental Build of configuration Debug for project SocketUtils ****
make all 
make: Nothing to be done for `all'.
12:37:37 **** Incremental Build of configuration Debug for project Lab3-test ****
make all 
make: Nothing to be done for `all'.
12:38:33 **** Incremental Build of configuration Debug for project SocketUtils ****
make all 
make: Nothing to be done for `all'.
12:38:33 **** Incremental Build of configuration Debug for project Lab3-test ****
make all 
Building file: ../src/UdpSocketTest.cpp
Invoking: GCC C++ Compiler
g++ -I"/home/user/Desktop/lab3/SocketUtils/src" -O0 -g3 -Wall -c -fmessage-length=0 -MMD -MP -MF"src/UdpSocketTest.d" -MT"src/UdpSocketTest.d" -o "src/UdpSocketTest.o" "../src/UdpSocketTest.cpp"
Finished building: ../src/UdpSocketTest.cpp
 
Building target: Lab3-test
Invoking: GCC C++ Linker
g++ -L"/home/user/Desktop/lab3/SocketUtils/Debug" -o "Lab3-test"  ./src/TcpSocketTest.o ./src/UdpSocketTest.o ./src/main.o   -lSocketUtils
Finished building target: Lab3-test
 
12:38:34 **** Incremental Build of configuration Debug for project Lab3-UDPMessenger ****
make all 
make: Nothing to be done for `all'.
12:38:37 **** Incremental Build of configuration Debug for project SocketUtils ****
make all 
make: Nothing to be done for `all'.
12:38:37 **** Incremental Build of configuration Debug for project Lab3-test ****
make all 
make: Nothing to be done for `all'.
13:01:24 **** Incremental Build of configuration Debug for project SocketUtils ****
make all 
Building file: ../src/MThread.cpp
Invoking: GCC C++ Compiler
g++ -O0 -g3 -Wall -c -fmessage-length=0 -MMD -MP -MF"src/MThread.d" -MT"src/MThread.d" -o "src/MThread.o" "../src/MThread.cpp"
In file included from ../src/MThread.cpp:8:0:
../src/MThread.h: In function ‘void* worker(void*)’:
../src/MThread.h:21:15: error: ‘virtual void npl::MThread::run()’ is protected
../src/MThread.cpp:16:17: error: within this context
make: *** [src/MThread.o] Error 1
13:01:25 **** Incremental Build of configuration Debug for project Lab3-test ****
make all 
Building file: ../src/TcpSocketTest.cpp
Invoking: GCC C++ Compiler
g++ -I"/home/user/Desktop/lab3/SocketUtils/src" -O0 -g3 -Wall -c -fmessage-length=0 -MMD -MP -MF"src/TcpSocketTest.d" -MT"src/TcpSocketTest.d" -o "src/TcpSocketTest.o" "../src/TcpSocketTest.cpp"
In file included from ../src/TcpSocketTest.cpp:8:0:
../src/TcpSocketTest.h:20:21: error: expected unqualified-id before ‘public’
../src/TcpSocketTest.cpp:12:26: error: invalid use of incomplete type ‘class npl::TcpSocketTest’
In file included from ../src/TcpSocketTest.cpp:8:0:
../src/TcpSocketTest.h:20:7: error: forward declaration of ‘class npl::TcpSocketTest’
make: *** [src/TcpSocketTest.o] Error 1
13:01:25 **** Incremental Build of configuration Debug for project Lab3-UDPMessenger ****
make all 
make: Nothing to be done for `all'.
13:01:47 **** Incremental Build of configuration Debug for project SocketUtils ****
make all 
Building file: ../src/MThread.cpp
Invoking: GCC C++ Compiler
g++ -O0 -g3 -Wall -c -fmessage-length=0 -MMD -MP -MF"src/MThread.d" -MT"src/MThread.d" -o "src/MThread.o" "../src/MThread.cpp"
Finished building: ../src/MThread.cpp
 
Building target: libSocketUtils.a
Invoking: GCC Archiver
ar -r  "libSocketUtils.a"  ./src/MThread.o ./src/TCPSocket.o ./src/UDPSocket.o   
ar: creating libSocketUtils.a
Finished building target: libSocketUtils.a
 
13:01:48 **** Incremental Build of configuration Debug for project Lab3-test ****
make all 
Building file: ../src/TcpSocketTest.cpp
Invoking: GCC C++ Compiler
g++ -I"/home/user/Desktop/lab3/SocketUtils/src" -O0 -g3 -Wall -c -fmessage-length=0 -MMD -MP -MF"src/TcpSocketTest.d" -MT"src/TcpSocketTest.d" -o "src/TcpSocketTest.o" "../src/TcpSocketTest.cpp"
In file included from ../src/TcpSocketTest.cpp:8:0:
../src/TcpSocketTest.h:20:21: error: expected unqualified-id before ‘public’
../src/TcpSocketTest.cpp:12:26: error: invalid use of incomplete type ‘class npl::TcpSocketTest’
In file included from ../src/TcpSocketTest.cpp:8:0:
../src/TcpSocketTest.h:20:7: error: forward declaration of ‘class npl::TcpSocketTest’
make: *** [src/TcpSocketTest.o] Error 1
13:01:48 **** Incremental Build of configuration Debug for project Lab3-UDPMessenger ****
make all 
make: Nothing to be done for `all'.
13:02:08 **** Incremental Build of configuration Debug for project SocketUtils ****
make all 
make: Nothing to be done for `all'.
13:02:08 **** Incremental Build of configuration Debug for project Lab3-test ****
make all 
Building file: ../src/TcpSocketTest.cpp
Invoking: GCC C++ Compiler
g++ -I"/home/user/Desktop/lab3/SocketUtils/src" -O0 -g3 -Wall -c -fmessage-length=0 -MMD -MP -MF"src/TcpSocketTest.d" -MT"src/TcpSocketTest.d" -o "src/TcpSocketTest.o" "../src/TcpSocketTest.cpp"
In file included from ../src/TcpSocketTest.cpp:8:0:
../src/TcpSocketTest.h:20:21: error: expected unqualified-id before ‘public’
../src/TcpSocketTest.cpp:12:26: error: invalid use of incomplete type ‘class npl::TcpSocketTest’
In file included from ../src/TcpSocketTest.cpp:8:0:
../src/TcpSocketTest.h:20:7: error: forward declaration of ‘class npl::TcpSocketTest’
make: *** [src/TcpSocketTest.o] Error 1
13:02:09 **** Incremental Build of configuration Debug for project Lab3-UDPMessenger ****
make all 
make: Nothing to be done for `all'.
13:02:22 **** Incremental Build of configuration Debug for project SocketUtils ****
make all 
make: Nothing to be done for `all'.
13:02:22 **** Incremental Build of configuration Debug for project Lab3-test ****
make all 
Building file: ../src/TcpSocketTest.cpp
Invoking: GCC C++ Compiler
g++ -I"/home/user/Desktop/lab3/SocketUtils/src" -O0 -g3 -Wall -c -fmessage-length=0 -MMD -MP -MF"src/TcpSocketTest.d" -MT"src/TcpSocketTest.d" -o "src/TcpSocketTest.o" "../src/TcpSocketTest.cpp"
In file included from ../src/TcpSocketTest.cpp:8:0:
../src/TcpSocketTest.h:20:21: error: expected unqualified-id before ‘public’
../src/TcpSocketTest.cpp:12:26: error: invalid use of incomplete type ‘class npl::TcpSocketTest’
In file included from ../src/TcpSocketTest.cpp:8:0:
../src/TcpSocketTest.h:20:7: error: forward declaration of ‘class npl::TcpSocketTest’
make: *** [src/TcpSocketTest.o] Error 1
13:02:23 **** Incremental Build of configuration Debug for project Lab3-UDPMessenger ****
make all 
make: Nothing to be done for `all'.
13:02:32 **** Incremental Build of configuration Debug for project SocketUtils ****
make all 
make: Nothing to be done for `all'.
13:02:32 **** Incremental Build of configuration Debug for project Lab3-test ****
make all 
Building file: ../src/TcpSocketTest.cpp
Invoking: GCC C++ Compiler
g++ -I"/home/user/Desktop/lab3/SocketUtils/src" -O0 -g3 -Wall -c -fmessage-length=0 -MMD -MP -MF"src/TcpSocketTest.d" -MT"src/TcpSocketTest.d" -o "src/TcpSocketTest.o" "../src/TcpSocketTest.cpp"
In file included from ../src/TcpSocketTest.cpp:8:0:
../src/TcpSocketTest.h:20:21: error: expected unqualified-id before ‘public’
../src/TcpSocketTest.cpp:12:26: error: invalid use of incomplete type ‘class npl::TcpSocketTest’
In file included from ../src/TcpSocketTest.cpp:8:0:
../src/TcpSocketTest.h:20:7: error: forward declaration of ‘class npl::TcpSocketTest’
make: *** [src/TcpSocketTest.o] Error 1
13:02:32 **** Incremental Build of configuration Debug for project Lab3-UDPMessenger ****
make all 
make: Nothing to be done for `all'.
13:02:40 **** Incremental Build of configuration Debug for project SocketUtils ****
make all 
make: Nothing to be done for `all'.
13:02:40 **** Incremental Build of configuration Debug for project Lab3-test ****
make all 
Building file: ../src/TcpSocketTest.cpp
Invoking: GCC C++ Compiler
g++ -I"/home/user/Desktop/lab3/SocketUtils/src" -O0 -g3 -Wall -c -fmessage-length=0 -MMD -MP -MF"src/TcpSocketTest.d" -MT"src/TcpSocketTest.d" -o "src/TcpSocketTest.o" "../src/TcpSocketTest.cpp"
In file included from ../src/TcpSocketTest.cpp:8:0:
../src/TcpSocketTest.h:20:21: error: expected unqualified-id before ‘public’
../src/TcpSocketTest.cpp:12:26: error: invalid use of incomplete type ‘class npl::TcpSocketTest’
In file included from ../src/TcpSocketTest.cpp:8:0:
../src/TcpSocketTest.h:20:7: error: forward declaration of ‘class npl::TcpSocketTest’
../src/TcpSocketTest.cpp:18:25: error: invalid use of incomplete type ‘class npl::TcpSocketTest’
In file included from ../src/TcpSocketTest.cpp:8:0:
../src/TcpSocketTest.h:20:7: error: forward declaration of ‘class npl::TcpSocketTest’
make: *** [src/TcpSocketTest.o] Error 1
13:02:40 **** Incremental Build of configuration Debug for project Lab3-UDPMessenger ****
make all 
make: Nothing to be done for `all'.
13:03:07 **** Incremental Build of configuration Debug for project SocketUtils ****
make all 
make: Nothing to be done for `all'.
13:03:08 **** Incremental Build of configuration Debug for project Lab3-test ****
make all 
Building file: ../src/TcpSocketTest.cpp
Invoking: GCC C++ Compiler
g++ -I"/home/user/Desktop/lab3/SocketUtils/src" -O0 -g3 -Wall -c -fmessage-length=0 -MMD -MP -MF"src/TcpSocketTest.d" -MT"src/TcpSocketTest.d" -o "src/TcpSocketTest.o" "../src/TcpSocketTest.cpp"
../src/TcpSocketTest.cpp: In member function ‘virtual void npl::TcpSocketTest::run()’:
../src/TcpSocketTest.cpp:18:26: error: expected ‘}’ at end of input
make: *** [src/TcpSocketTest.o] Error 1
13:03:08 **** Incremental Build of configuration Debug for project Lab3-UDPMessenger ****
make all 
make: Nothing to be done for `all'.
13:03:18 **** Incremental Build of configuration Debug for project SocketUtils ****
make all 
make: Nothing to be done for `all'.
13:03:18 **** Incremental Build of configuration Debug for project Lab3-test ****
make all 
Building file: ../src/TcpSocketTest.cpp
Invoking: GCC C++ Compiler
g++ -I"/home/user/Desktop/lab3/SocketUtils/src" -O0 -g3 -Wall -c -fmessage-length=0 -MMD -MP -MF"src/TcpSocketTest.d" -MT"src/TcpSocketTest.d" -o "src/TcpSocketTest.o" "../src/TcpSocketTest.cpp"
Finished building: ../src/TcpSocketTest.cpp
 
Building file: ../src/main.cpp
Invoking: GCC C++ Compiler
g++ -I"/home/user/Desktop/lab3/SocketUtils/src" -O0 -g3 -Wall -c -fmessage-length=0 -MMD -MP -MF"src/main.d" -MT"src/main.d" -o "src/main.o" "../src/main.cpp"
Finished building: ../src/main.cpp
 
Building target: Lab3-test
Invoking: GCC C++ Linker
g++ -L"/home/user/Desktop/lab3/SocketUtils/Debug" -o "Lab3-test"  ./src/TcpSocketTest.o ./src/UdpSocketTest.o ./src/main.o   -lSocketUtils
./src/UdpSocketTest.o:(.rodata+0xa8): undefined reference to `pthread_cancel'
/home/user/Desktop/lab3/SocketUtils/Debug/libSocketUtils.a(MThread.o): In function `npl::MThread::start()':
/home/user/Desktop/lab3/SocketUtils/Debug/../src/MThread.cpp:22: undefined reference to `pthread_create'
/home/user/Desktop/lab3/SocketUtils/Debug/libSocketUtils.a(MThread.o): In function `npl::MThread::waitForThread()':
/home/user/Desktop/lab3/SocketUtils/Debug/../src/MThread.cpp:26: undefined reference to `pthread_join'
/home/user/Desktop/lab3/SocketUtils/Debug/libSocketUtils.a(MThread.o): In function `npl::MThread::~MThread()':
/home/user/Desktop/lab3/SocketUtils/Debug/../src/MThread.cpp:33: undefined reference to `pthread_cancel'
collect2: error: ld returned 1 exit status
make: *** [Lab3-test] Error 1
13:03:19 **** Incremental Build of configuration Debug for project Lab3-UDPMessenger ****
make all 
make: Nothing to be done for `all'.
13:03:51 **** Incremental Build of configuration Debug for project SocketUtils ****
make all 
make: Nothing to be done for `all'.
13:03:51 **** Incremental Build of configuration Debug for project Lab3-test ****
make all 
Building file: ../src/TcpSocketTest.cpp
Invoking: GCC C++ Compiler
g++ -I"/home/user/Desktop/lab3/SocketUtils/src" -O0 -g3 -Wall -c -fmessage-length=0 -MMD -MP -MF"src/TcpSocketTest.d" -MT"src/TcpSocketTest.d" -o "src/TcpSocketTest.o" "../src/TcpSocketTest.cpp"
In file included from ../src/TcpSocketTest.cpp:8:0:
../src/TcpSocketTest.h:21:2: error: ‘TCPSocket’ does not name a type
../src/TcpSocketTest.h:22:2: error: ‘TCPSocket’ does not name a type
make: *** [src/TcpSocketTest.o] Error 1
13:03:51 **** Incremental Build of configuration Debug for project Lab3-UDPMessenger ****
make all 
make: Nothing to be done for `all'.
13:04:02 **** Incremental Build of configuration Debug for project SocketUtils ****
make all 
make: Nothing to be done for `all'.
13:04:02 **** Incremental Build of configuration Debug for project Lab3-test ****
make all 
Building file: ../src/TcpSocketTest.cpp
Invoking: GCC C++ Compiler
g++ -I"/home/user/Desktop/lab3/SocketUtils/src" -O0 -g3 -Wall -c -fmessage-length=0 -MMD -MP -MF"src/TcpSocketTest.d" -MT"src/TcpSocketTest.d" -o "src/TcpSocketTest.o" "../src/TcpSocketTest.cpp"
Finished building: ../src/TcpSocketTest.cpp
 
Building file: ../src/main.cpp
Invoking: GCC C++ Compiler
g++ -I"/home/user/Desktop/lab3/SocketUtils/src" -O0 -g3 -Wall -c -fmessage-length=0 -MMD -MP -MF"src/main.d" -MT"src/main.d" -o "src/main.o" "../src/main.cpp"
Finished building: ../src/main.cpp
 
Building target: Lab3-test
Invoking: GCC C++ Linker
g++ -L"/home/user/Desktop/lab3/SocketUtils/Debug" -o "Lab3-test"  ./src/TcpSocketTest.o ./src/UdpSocketTest.o ./src/main.o   -lSocketUtils
./src/UdpSocketTest.o:(.rodata+0xa8): undefined reference to `pthread_cancel'
/home/user/Desktop/lab3/SocketUtils/Debug/libSocketUtils.a(MThread.o): In function `npl::MThread::start()':
/home/user/Desktop/lab3/SocketUtils/Debug/../src/MThread.cpp:22: undefined reference to `pthread_create'
/home/user/Desktop/lab3/SocketUtils/Debug/libSocketUtils.a(MThread.o): In function `npl::MThread::waitForThread()':
/home/user/Desktop/lab3/SocketUtils/Debug/../src/MThread.cpp:26: undefined reference to `pthread_join'
/home/user/Desktop/lab3/SocketUtils/Debug/libSocketUtils.a(MThread.o): In function `npl::MThread::~MThread()':
/home/user/Desktop/lab3/SocketUtils/Debug/../src/MThread.cpp:33: undefined reference to `pthread_cancel'
collect2: error: ld returned 1 exit status
make: *** [Lab3-test] Error 1
13:04:03 **** Incremental Build of configuration Debug for project Lab3-UDPMessenger ****
make all 
make: Nothing to be done for `all'.
13:04:54 **** Incremental Build of configuration Debug for project SocketUtils ****
make all 
make: Nothing to be done for `all'.
13:04:54 **** Incremental Build of configuration Debug for project Lab3-test ****
make all 
Building file: ../src/TcpSocketTest.cpp
Invoking: GCC C++ Compiler
g++ -I"/home/user/Desktop/lab3/SocketUtils/src" -O0 -g3 -Wall -c -fmessage-length=0 -MMD -MP -MF"src/TcpSocketTest.d" -MT"src/TcpSocketTest.d" -o "src/TcpSocketTest.o" "../src/TcpSocketTest.cpp"
../src/TcpSocketTest.cpp: In member function ‘bool npl::TcpSocketTest::test()’:
../src/TcpSocketTest.cpp:13:9: error: ‘sleep’ was not declared in this scope
make: *** [src/TcpSocketTest.o] Error 1
13:04:54 **** Incremental Build of configuration Debug for project Lab3-UDPMessenger ****
make all 
make: Nothing to be done for `all'.
13:05:09 **** Incremental Build of configuration Debug for project SocketUtils ****
make all 
make: Nothing to be done for `all'.
13:05:09 **** Incremental Build of configuration Debug for project Lab3-test ****
make all 
Building file: ../src/TcpSocketTest.cpp
Invoking: GCC C++ Compiler
g++ -I"/home/user/Desktop/lab3/SocketUtils/src" -O0 -g3 -Wall -c -fmessage-length=0 -MMD -MP -MF"src/TcpSocketTest.d" -MT"src/TcpSocketTest.d" -o "src/TcpSocketTest.o" "../src/TcpSocketTest.cpp"
../src/TcpSocketTest.cpp: In member function ‘bool npl::TcpSocketTest::test()’:
../src/TcpSocketTest.cpp:13:10: error: ‘psleep’ was not declared in this scope
make: *** [src/TcpSocketTest.o] Error 1
13:05:09 **** Incremental Build of configuration Debug for project Lab3-UDPMessenger ****
make all 
make: Nothing to be done for `all'.
13:05:13 **** Incremental Build of configuration Debug for project SocketUtils ****
make all 
make: Nothing to be done for `all'.
13:05:13 **** Incremental Build of configuration Debug for project Lab3-test ****
make all 
Building file: ../src/TcpSocketTest.cpp
Invoking: GCC C++ Compiler
g++ -I"/home/user/Desktop/lab3/SocketUtils/src" -O0 -g3 -Wall -c -fmessage-length=0 -MMD -MP -MF"src/TcpSocketTest.d" -MT"src/TcpSocketTest.d" -o "src/TcpSocketTest.o" "../src/TcpSocketTest.cpp"
../src/TcpSocketTest.cpp: In member function ‘bool npl::TcpSocketTest::test()’:
../src/TcpSocketTest.cpp:13:9: error: ‘sleep’ was not declared in this scope
make: *** [src/TcpSocketTest.o] Error 1
13:05:14 **** Incremental Build of configuration Debug for project Lab3-UDPMessenger ****
make all 
make: Nothing to be done for `all'.
13:08:51 **** Incremental Build of configuration Debug for project SocketUtils ****
make all 
make: Nothing to be done for `all'.
13:08:51 **** Incremental Build of configuration Debug for project Lab3-test ****
make all 
Building file: ../src/TcpSocketTest.cpp
Invoking: GCC C++ Compiler
g++ -I"/home/user/Desktop/lab3/SocketUtils/src" -O0 -g3 -Wall -c -fmessage-length=0 -MMD -MP -MF"src/TcpSocketTest.d" -MT"src/TcpSocketTest.d" -o "src/TcpSocketTest.o" "../src/TcpSocketTest.cpp"
../src/TcpSocketTest.cpp: In member function ‘bool npl::TcpSocketTest::test()’:
../src/TcpSocketTest.cpp:13:9: error: ‘sleep’ was not declared in this scope
make: *** [src/TcpSocketTest.o] Error 1
13:08:51 **** Incremental Build of configuration Debug for project Lab3-UDPMessenger ****
make all 
make: Nothing to be done for `all'.
13:15:56 **** Incremental Build of configuration Debug for project SocketUtils ****
make all 
make: Nothing to be done for `all'.
13:15:56 **** Incremental Build of configuration Debug for project Lab3-test ****
make all 
Building file: ../src/TcpSocketTest.cpp
Invoking: GCC C++ Compiler
g++ -I"/home/user/Desktop/lab3/SocketUtils/src" -O0 -g3 -Wall -c -fmessage-length=0 -MMD -MP -MF"src/TcpSocketTest.d" -MT"src/TcpSocketTest.d" -o "src/TcpSocketTest.o" "../src/TcpSocketTest.cpp"
../src/TcpSocketTest.cpp: In member function ‘bool npl::TcpSocketTest::test()’:
../src/TcpSocketTest.cpp:21:20: warning: comparison between signed and unsigned integer expressions [-Wsign-compare]
../src/TcpSocketTest.cpp:14:7: warning: variable ‘testPass’ set but not used [-Wunused-but-set-variable]
Finished building: ../src/TcpSocketTest.cpp
 
Building target: Lab3-test
Invoking: GCC C++ Linker
g++ -L"/home/user/Desktop/lab3/SocketUtils/Debug" -o "Lab3-test"  ./src/TcpSocketTest.o ./src/UdpSocketTest.o ./src/main.o   -lSocketUtils -lpthread
Finished building target: Lab3-test
 
13:15:57 **** Incremental Build of configuration Debug for project Lab3-UDPMessenger ****
make all 
make: Nothing to be done for `all'.
13:17:00 **** Incremental Build of configuration Debug for project SocketUtils ****
make all 
make: Nothing to be done for `all'.
13:17:01 **** Incremental Build of configuration Debug for project Lab3-test ****
make all 
Building file: ../src/TcpSocketTest.cpp
Invoking: GCC C++ Compiler
g++ -I"/home/user/Desktop/lab3/SocketUtils/src" -O0 -g3 -Wall -c -fmessage-length=0 -MMD -MP -MF"src/TcpSocketTest.d" -MT"src/TcpSocketTest.d" -o "src/TcpSocketTest.o" "../src/TcpSocketTest.cpp"
../src/TcpSocketTest.cpp: In member function ‘bool npl::TcpSocketTest::test()’:
../src/TcpSocketTest.cpp:20:15: error: statement cannot resolve address of overloaded function
../src/TcpSocketTest.cpp:23:20: warning: comparison between signed and unsigned integer expressions [-Wsign-compare]
make: *** [src/TcpSocketTest.o] Error 1
13:17:01 **** Incremental Build of configuration Debug for project Lab3-UDPMessenger ****
make all 
make: Nothing to be done for `all'.
13:17:07 **** Incremental Build of configuration Debug for project SocketUtils ****
make all 
make: Nothing to be done for `all'.
13:17:07 **** Incremental Build of configuration Debug for project Lab3-test ****
make all 
Building file: ../src/TcpSocketTest.cpp
Invoking: GCC C++ Compiler
g++ -I"/home/user/Desktop/lab3/SocketUtils/src" -O0 -g3 -Wall -c -fmessage-length=0 -MMD -MP -MF"src/TcpSocketTest.d" -MT"src/TcpSocketTest.d" -o "src/TcpSocketTest.o" "../src/TcpSocketTest.cpp"
../src/TcpSocketTest.cpp: In member function ‘bool npl::TcpSocketTest::test()’:
../src/TcpSocketTest.cpp:23:20: warning: comparison between signed and unsigned integer expressions [-Wsign-compare]
Finished building: ../src/TcpSocketTest.cpp
 
Building target: Lab3-test
Invoking: GCC C++ Linker
g++ -L"/home/user/Desktop/lab3/SocketUtils/Debug" -o "Lab3-test"  ./src/TcpSocketTest.o ./src/UdpSocketTest.o ./src/main.o   -lSocketUtils -lpthread
Finished building target: Lab3-test
 
13:17:08 **** Incremental Build of configuration Debug for project Lab3-UDPMessenger ****
make all 
make: Nothing to be done for `all'.
13:28:57 **** Incremental Build of configuration Debug for project SocketUtils ****
make all 
make: Nothing to be done for `all'.
13:28:57 **** Incremental Build of configuration Debug for project Lab3-test ****
make all 
Building file: ../src/TcpSocketTest.cpp
Invoking: GCC C++ Compiler
g++ -I"/home/user/Desktop/lab3/SocketUtils/src" -O0 -g3 -Wall -c -fmessage-length=0 -MMD -MP -MF"src/TcpSocketTest.d" -MT"src/TcpSocketTest.d" -o "src/TcpSocketTest.o" "../src/TcpSocketTest.cpp"
../src/TcpSocketTest.cpp: In member function ‘bool npl::TcpSocketTest::test()’:
../src/TcpSocketTest.cpp:13:9: error: ‘sleep’ was not declared in this scope
../src/TcpSocketTest.cpp:23:20: warning: comparison between signed and unsigned integer expressions [-Wsign-compare]
make: *** [src/TcpSocketTest.o] Error 1
13:28:58 **** Incremental Build of configuration Debug for project Lab3-UDPMessenger ****
make all 
make: Nothing to be done for `all'.
13:29:43 **** Incremental Build of configuration Debug for project SocketUtils ****
make all 
make: Nothing to be done for `all'.
13:29:43 **** Incremental Build of configuration Debug for project Lab3-test ****
make all 
Building file: ../src/TcpSocketTest.cpp
Invoking: GCC C++ Compiler
g++ -I"/home/user/Desktop/lab3/SocketUtils/src" -O0 -g3 -Wall -c -fmessage-length=0 -MMD -MP -MF"src/TcpSocketTest.d" -MT"src/TcpSocketTest.d" -o "src/TcpSocketTest.o" "../src/TcpSocketTest.cpp"
../src/TcpSocketTest.cpp: In member function ‘bool npl::TcpSocketTest::test()’:
../src/TcpSocketTest.cpp:25:20: warning: comparison between signed and unsigned integer expressions [-Wsign-compare]
Finished building: ../src/TcpSocketTest.cpp
 
Building file: ../src/main.cpp
Invoking: GCC C++ Compiler
g++ -I"/home/user/Desktop/lab3/SocketUtils/src" -O0 -g3 -Wall -c -fmessage-length=0 -MMD -MP -MF"src/main.d" -MT"src/main.d" -o "src/main.o" "../src/main.cpp"
Finished building: ../src/main.cpp
 
Building target: Lab3-test
Invoking: GCC C++ Linker
g++ -L"/home/user/Desktop/lab3/SocketUtils/Debug" -o "Lab3-test"  ./src/TcpSocketTest.o ./src/UdpSocketTest.o ./src/main.o   -lSocketUtils -lpthread
Finished building target: Lab3-test
 
13:29:44 **** Incremental Build of configuration Debug for project Lab3-UDPMessenger ****
make all 
make: Nothing to be done for `all'.
13:29:50 **** Incremental Build of configuration Debug for project SocketUtils ****
make all 
make: Nothing to be done for `all'.
13:29:51 **** Incremental Build of configuration Debug for project Lab3-test ****
make all 
make: Nothing to be done for `all'.
17:33:13 **** Incremental Build of configuration Debug for project SocketUtils ****
make all 
make: Nothing to be done for `all'.
17:33:15 **** Incremental Build of configuration Debug for project Lab3-UDPMessenger ****
make all 
make: Nothing to be done for `all'.
17:33:15 **** Build of configuration Debug for project Test ****
make all 
Building target: Test
Invoking: GCC C++ Linker
g++ -L"/home/user/Desktop/lab4/lab3/SocketUtils/Debug" -o "Test"  ./src/TcpSocketTest.o ./src/UdpSocketTest.o ./src/main.o   -lSocketUtils -lpthread
Finished building target: Test
 
17:33:36 **** Incremental Build of configuration Debug for project SocketUtils ****
make all 
make: Nothing to be done for `all'.
17:33:37 **** Incremental Build of configuration Debug for project Lab3-UDPMessenger ****
make all 
make: Nothing to be done for `all'.
17:33:37 **** Incremental Build of configuration Debug for project Test ****
make all 
make: Nothing to be done for `all'.
17:33:46 **** Incremental Build of configuration Debug for project SocketUtils ****
make all 
make: Nothing to be done for `all'.
17:33:47 **** Incremental Build of configuration Debug for project Test ****
make all 
Building target: Test
Invoking: GCC C++ Linker
g++ -L"/home/user/Desktop/lab4/lab3/SocketUtils/Debug" -o "Test"  ./src/TcpSocketTest.o ./src/UdpSocketTest.o ./src/main.o   -lSocketUtils -lpthread
Finished building target: Test
 
17:34:09 **** Incremental Build of configuration Debug for project SocketUtils ****
make all 
make: Nothing to be done for `all'.
17:34:09 **** Incremental Build of configuration Debug for project Test ****
make all 
make: Nothing to be done for `all'.
17:34:59 **** Incremental Build of configuration Debug for project SocketUtils ****
make all 
make: Nothing to be done for `all'.
17:35:00 **** Incremental Build of configuration Debug for project Test ****
make all 
Building file: ../src/main.cpp
Invoking: GCC C++ Compiler
g++ -I"/home/user/Desktop/lab4/lab3/SocketUtils/src" -O0 -g3 -Wall -c -fmessage-length=0 -MMD -MP -MF"src/main.d" -MT"src/main.d" -o "src/main.o" "../src/main.cpp"
Finished building: ../src/main.cpp
 
Building target: Test
Invoking: GCC C++ Linker
g++ -L"/home/user/Desktop/lab4/lab3/SocketUtils/Debug" -o "Test"  ./src/TcpSocketTest.o ./src/UdpSocketTest.o ./src/main.o   -lSocketUtils -lpthread
Finished building target: Test
 
17:38:27 **** Incremental Build of configuration Debug for project SocketUtils ****
make all 
Building file: ../src/TCPSocket.cpp
Invoking: GCC C++ Compiler
g++ -O0 -g3 -Wall -c -fmessage-length=0 -MMD -MP -MF"src/TCPSocket.d" -MT"src/TCPSocket.d" -o "src/TCPSocket.o" "../src/TCPSocket.cpp"
Finished building: ../src/TCPSocket.cpp
 
Building target: libSocketUtils.a
Invoking: GCC Archiver
ar -r  "libSocketUtils.a"  ./src/MThread.o ./src/TCPSocket.o ./src/UDPSocket.o   
ar: creating libSocketUtils.a
Finished building target: libSocketUtils.a
 
17:38:29 **** Incremental Build of configuration Debug for project Lab3-UDPMessenger ****
make all 
make: Nothing to be done for `all'.
17:38:30 **** Incremental Build of configuration Debug for project Test ****
make all 
make: Nothing to be done for `all'.
17:40:14 **** Incremental Build of configuration Debug for project SocketUtils ****
make all 
Building file: ../src/TCPSocket.cpp
Invoking: GCC C++ Compiler
g++ -O0 -g3 -Wall -c -fmessage-length=0 -MMD -MP -MF"src/TCPSocket.d" -MT"src/TCPSocket.d" -o "src/TCPSocket.o" "../src/TCPSocket.cpp"
../src/TCPSocket.cpp: In constructor ‘npl::TCPSocket::TCPSocket(const string&, int)’:
../src/TCPSocket.cpp:80:18: error: no matching function for call to ‘npl::TCPSocket::close(int&)’
../src/TCPSocket.cpp:80:18: note: candidate is:
In file included from ../src/TCPSocket.cpp:19:0:
../src/TCPSocket.h:67:7: note: void npl::TCPSocket::close()
../src/TCPSocket.h:67:7: note:   candidate expects 0 arguments, 1 provided
../src/TCPSocket.cpp: In member function ‘void npl::TCPSocket::close()’:
../src/TCPSocket.cpp:111:17: error: no matching function for call to ‘npl::TCPSocket::close(int&)’
../src/TCPSocket.cpp:111:17: note: candidate is:
../src/TCPSocket.cpp:108:6: note: void npl::TCPSocket::close()
../src/TCPSocket.cpp:108:6: note:   candidate expects 0 arguments, 1 provided
make: *** [src/TCPSocket.o] Error 1
17:40:15 **** Incremental Build of configuration Debug for project Lab3-UDPMessenger ****
make all 
make: Nothing to be done for `all'.
17:40:15 **** Incremental Build of configuration Debug for project Test ****
make all 
make: Nothing to be done for `all'.
17:41:44 **** Incremental Build of configuration Debug for project SocketUtils ****
make all 
Building file: ../src/TCPSocket.cpp
Invoking: GCC C++ Compiler
g++ -O0 -g3 -Wall -c -fmessage-length=0 -MMD -MP -MF"src/TCPSocket.d" -MT"src/TCPSocket.d" -o "src/TCPSocket.o" "../src/TCPSocket.cpp"
../src/TCPSocket.cpp: In constructor ‘npl::TCPSocket::TCPSocket(const string&, int)’:
../src/TCPSocket.cpp:77:18: error: no matching function for call to ‘npl::TCPSocket::close(int&)’
../src/TCPSocket.cpp:77:18: note: candidate is:
In file included from ../src/TCPSocket.cpp:9:0:
../src/TCPSocket.h:61:7: note: void npl::TCPSocket::close()
../src/TCPSocket.h:61:7: note:   candidate expects 0 arguments, 1 provided
../src/TCPSocket.cpp: In member function ‘void npl::TCPSocket::close()’:
../src/TCPSocket.cpp:108:17: error: no matching function for call to ‘npl::TCPSocket::close(int&)’
../src/TCPSocket.cpp:108:17: note: candidate is:
../src/TCPSocket.cpp:105:6: note: void npl::TCPSocket::close()
../src/TCPSocket.cpp:105:6: note:   candidate expects 0 arguments, 1 provided
make: *** [src/TCPSocket.o] Error 1
17:41:46 **** Incremental Build of configuration Debug for project Lab3-UDPMessenger ****
make all 
make: Nothing to be done for `all'.
17:41:47 **** Incremental Build of configuration Debug for project Test ****
make all 
make: Nothing to be done for `all'.
17:42:31 **** Incremental Build of configuration Debug for project SocketUtils ****
make all 
Building file: ../src/TCPSocket.cpp
Invoking: GCC C++ Compiler
g++ -O0 -g3 -Wall -c -fmessage-length=0 -MMD -MP -MF"src/TCPSocket.d" -MT"src/TCPSocket.d" -o "src/TCPSocket.o" "../src/TCPSocket.cpp"
../src/TCPSocket.cpp: In member function ‘void npl::TCPSocket::close()’:
../src/TCPSocket.cpp:108:17: error: no matching function for call to ‘npl::TCPSocket::close(int&)’
../src/TCPSocket.cpp:108:17: note: candidate is:
../src/TCPSocket.cpp:105:6: note: void npl::TCPSocket::close()
../src/TCPSocket.cpp:105:6: note:   candidate expects 0 arguments, 1 provided
make: *** [src/TCPSocket.o] Error 1
17:42:32 **** Incremental Build of configuration Debug for project Lab3-UDPMessenger ****
make all 
make: Nothing to be done for `all'.
17:42:33 **** Incremental Build of configuration Debug for project Test ****
make all 
make: Nothing to be done for `all'.
17:42:45 **** Incremental Build of configuration Debug for project SocketUtils ****
make all 
Building file: ../src/TCPSocket.cpp
Invoking: GCC C++ Compiler
g++ -O0 -g3 -Wall -c -fmessage-length=0 -MMD -MP -MF"src/TCPSocket.d" -MT"src/TCPSocket.d" -o "src/TCPSocket.o" "../src/TCPSocket.cpp"
Finished building: ../src/TCPSocket.cpp
 
Building target: libSocketUtils.a
Invoking: GCC Archiver
ar -r  "libSocketUtils.a"  ./src/MThread.o ./src/TCPSocket.o ./src/UDPSocket.o   
ar: creating libSocketUtils.a
Finished building target: libSocketUtils.a
 
17:42:47 **** Incremental Build of configuration Debug for project Lab3-UDPMessenger ****
make all 
make: Nothing to be done for `all'.
17:42:48 **** Incremental Build of configuration Debug for project Test ****
make all 
make: Nothing to be done for `all'.
17:42:59 **** Incremental Build of configuration Debug for project SocketUtils ****
make all 
make: Nothing to be done for `all'.
17:42:59 **** Incremental Build of configuration Debug for project Test ****
make all 
make: Nothing to be done for `all'.
17:45:07 **** Incremental Build of configuration Debug for project SocketUtils ****
make all 
make: Nothing to be done for `all'.
17:45:07 **** Incremental Build of configuration Debug for project Lab3-UDPMessenger ****
make all 
make: Nothing to be done for `all'.
17:45:08 **** Incremental Build of configuration Debug for project Test ****
make all 
Building file: ../src/TcpSocketTest.cpp
Invoking: GCC C++ Compiler
g++ -I"/home/user/Desktop/lab4/lab3/SocketUtils/src" -O0 -g3 -Wall -c -fmessage-length=0 -MMD -MP -MF"src/TcpSocketTest.d" -MT"src/TcpSocketTest.d" -o "src/TcpSocketTest.o" "../src/TcpSocketTest.cpp"
../src/TcpSocketTest.cpp: In member function ‘bool npl::TcpSocketTest::test()’:
../src/TcpSocketTest.cpp:28:20: warning: comparison between signed and unsigned integer expressions [-Wsign-compare]
Finished building: ../src/TcpSocketTest.cpp
 
Building target: Test
Invoking: GCC C++ Linker
g++ -L"/home/user/Desktop/lab4/lab3/SocketUtils/Debug" -o "Test"  ./src/TcpSocketTest.o ./src/UdpSocketTest.o ./src/main.o   -lSocketUtils -lpthread
Finished building target: Test
 
17:45:12 **** Incremental Build of configuration Debug for project SocketUtils ****
make all 
make: Nothing to be done for `all'.
17:45:12 **** Incremental Build of configuration Debug for project Test ****
make all 
make: Nothing to be done for `all'.
17:45:46 **** Incremental Build of configuration Debug for project SocketUtils ****
make all 
make: Nothing to be done for `all'.
17:45:46 **** Incremental Build of configuration Debug for project Lab3-UDPMessenger ****
make all 
make: Nothing to be done for `all'.
17:45:47 **** Incremental Build of configuration Debug for project Test ****
make all 
Building file: ../src/TcpSocketTest.cpp
Invoking: GCC C++ Compiler
g++ -I"/home/user/Desktop/lab4/lab3/SocketUtils/src" -O0 -g3 -Wall -c -fmessage-length=0 -MMD -MP -MF"src/TcpSocketTest.d" -MT"src/TcpSocketTest.d" -o "src/TcpSocketTest.o" "../src/TcpSocketTest.cpp"
../src/TcpSocketTest.cpp: In member function ‘bool npl::TcpSocketTest::test()’:
../src/TcpSocketTest.cpp:28:20: warning: comparison between signed and unsigned integer expressions [-Wsign-compare]
Finished building: ../src/TcpSocketTest.cpp
 
Building target: Test
Invoking: GCC C++ Linker
g++ -L"/home/user/Desktop/lab4/lab3/SocketUtils/Debug" -o "Test"  ./src/TcpSocketTest.o ./src/UdpSocketTest.o ./src/main.o   -lSocketUtils -lpthread
Finished building target: Test
 
17:45:50 **** Incremental Build of configuration Debug for project SocketUtils ****
make all 
make: Nothing to be done for `all'.
17:45:50 **** Incremental Build of configuration Debug for project Test ****
make all 
make: Nothing to be done for `all'.
17:46:11 **** Incremental Build of configuration Debug for project SocketUtils ****
make all 
make: Nothing to be done for `all'.
17:46:12 **** Incremental Build of configuration Debug for project Test ****
make all 
Building file: ../src/TcpSocketTest.cpp
Invoking: GCC C++ Compiler
g++ -I"/home/user/Desktop/lab4/lab3/SocketUtils/src" -O0 -g3 -Wall -c -fmessage-length=0 -MMD -MP -MF"src/TcpSocketTest.d" -MT"src/TcpSocketTest.d" -o "src/TcpSocketTest.o" "../src/TcpSocketTest.cpp"
../src/TcpSocketTest.cpp: In member function ‘bool npl::TcpSocketTest::test()’:
../src/TcpSocketTest.cpp:28:20: warning: comparison between signed and unsigned integer expressions [-Wsign-compare]
Finished building: ../src/TcpSocketTest.cpp
 
Building target: Test
Invoking: GCC C++ Linker
g++ -L"/home/user/Desktop/lab4/lab3/SocketUtils/Debug" -o "Test"  ./src/TcpSocketTest.o ./src/UdpSocketTest.o ./src/main.o   -lSocketUtils -lpthread
Finished building target: Test
 
17:47:35 **** Incremental Build of configuration Debug for project SocketUtils ****
make all 
make: Nothing to be done for `all'.
17:47:35 **** Incremental Build of configuration Debug for project Lab3-UDPMessenger ****
make all 
make: Nothing to be done for `all'.
17:47:35 **** Incremental Build of configuration Debug for project Test ****
make all 
Building file: ../src/TcpSocketTest.cpp
Invoking: GCC C++ Compiler
g++ -I"/home/user/Desktop/lab4/lab3/SocketUtils/src" -O0 -g3 -Wall -c -fmessage-length=0 -MMD -MP -MF"src/TcpSocketTest.d" -MT"src/TcpSocketTest.d" -o "src/TcpSocketTest.o" "../src/TcpSocketTest.cpp"
../src/TcpSocketTest.cpp: In member function ‘bool npl::TcpSocketTest::test()’:
../src/TcpSocketTest.cpp:29:20: warning: comparison between signed and unsigned integer expressions [-Wsign-compare]
Finished building: ../src/TcpSocketTest.cpp
 
Building target: Test
Invoking: GCC C++ Linker
g++ -L"/home/user/Desktop/lab4/lab3/SocketUtils/Debug" -o "Test"  ./src/TcpSocketTest.o ./src/UdpSocketTest.o ./src/main.o   -lSocketUtils -lpthread
Finished building target: Test
 
17:47:38 **** Incremental Build of configuration Debug for project SocketUtils ****
make all 
make: Nothing to be done for `all'.
17:47:38 **** Incremental Build of configuration Debug for project Test ****
make all 
make: Nothing to be done for `all'.
17:47:50 **** Incremental Build of configuration Debug for project SocketUtils ****
make all 
make: Nothing to be done for `all'.
17:47:51 **** Incremental Build of configuration Debug for project Lab3-UDPMessenger ****
make all 
make: Nothing to be done for `all'.
17:47:51 **** Incremental Build of configuration Debug for project Test ****
make all 
Building file: ../src/TcpSocketTest.cpp
Invoking: GCC C++ Compiler
g++ -I"/home/user/Desktop/lab4/lab3/SocketUtils/src" -O0 -g3 -Wall -c -fmessage-length=0 -MMD -MP -MF"src/TcpSocketTest.d" -MT"src/TcpSocketTest.d" -o "src/TcpSocketTest.o" "../src/TcpSocketTest.cpp"
../src/TcpSocketTest.cpp: In member function ‘bool npl::TcpSocketTest::test()’:
../src/TcpSocketTest.cpp:29:20: warning: comparison between signed and unsigned integer expressions [-Wsign-compare]
Finished building: ../src/TcpSocketTest.cpp
 
Building target: Test
Invoking: GCC C++ Linker
g++ -L"/home/user/Desktop/lab4/lab3/SocketUtils/Debug" -o "Test"  ./src/TcpSocketTest.o ./src/UdpSocketTest.o ./src/main.o   -lSocketUtils -lpthread
Finished building target: Test
 
17:47:55 **** Incremental Build of configuration Debug for project SocketUtils ****
make all 
make: Nothing to be done for `all'.
17:47:55 **** Incremental Build of configuration Debug for project Test ****
make all 
make: Nothing to be done for `all'.
17:48:08 **** Incremental Build of configuration Debug for project SocketUtils ****
make all 
make: Nothing to be done for `all'.
17:48:09 **** Incremental Build of configuration Debug for project Lab3-UDPMessenger ****
make all 
make: Nothing to be done for `all'.
17:48:10 **** Incremental Build of configuration Debug for project Test ****
make all 
Building file: ../src/TcpSocketTest.cpp
Invoking: GCC C++ Compiler
g++ -I"/home/user/Desktop/lab4/lab3/SocketUtils/src" -O0 -g3 -Wall -c -fmessage-length=0 -MMD -MP -MF"src/TcpSocketTest.d" -MT"src/TcpSocketTest.d" -o "src/TcpSocketTest.o" "../src/TcpSocketTest.cpp"
../src/TcpSocketTest.cpp: In member function ‘bool npl::TcpSocketTest::test()’:
../src/TcpSocketTest.cpp:29:20: warning: comparison between signed and unsigned integer expressions [-Wsign-compare]
Finished building: ../src/TcpSocketTest.cpp
 
Building target: Test
Invoking: GCC C++ Linker
g++ -L"/home/user/Desktop/lab4/lab3/SocketUtils/Debug" -o "Test"  ./src/TcpSocketTest.o ./src/UdpSocketTest.o ./src/main.o   -lSocketUtils -lpthread
Finished building target: Test
 
17:48:32 **** Incremental Build of configuration Debug for project SocketUtils ****
make all 
make: Nothing to be done for `all'.
17:48:32 **** Incremental Build of configuration Debug for project Lab3-UDPMessenger ****
make all 
make: Nothing to be done for `all'.
17:48:33 **** Incremental Build of configuration Debug for project Test ****
make all 
Building file: ../src/TcpSocketTest.cpp
Invoking: GCC C++ Compiler
g++ -I"/home/user/Desktop/lab4/lab3/SocketUtils/src" -O0 -g3 -Wall -c -fmessage-length=0 -MMD -MP -MF"src/TcpSocketTest.d" -MT"src/TcpSocketTest.d" -o "src/TcpSocketTest.o" "../src/TcpSocketTest.cpp"
Finished building: ../src/TcpSocketTest.cpp
 
Building target: Test
Invoking: GCC C++ Linker
g++ -L"/home/user/Desktop/lab4/lab3/SocketUtils/Debug" -o "Test"  ./src/TcpSocketTest.o ./src/UdpSocketTest.o ./src/main.o   -lSocketUtils -lpthread
Finished building target: Test
 
17:48:35 **** Incremental Build of configuration Debug for project SocketUtils ****
make all 
make: Nothing to be done for `all'.
17:48:36 **** Incremental Build of configuration Debug for project Test ****
make all 
make: Nothing to be done for `all'.
17:49:11 **** Incremental Build of configuration Debug for project SocketUtils ****
make all 
make: Nothing to be done for `all'.
17:49:12 **** Incremental Build of configuration Debug for project Lab3-UDPMessenger ****
make all 
make: Nothing to be done for `all'.
17:49:13 **** Incremental Build of configuration Debug for project Test ****
make all 
Building file: ../src/main.cpp
Invoking: GCC C++ Compiler
g++ -I"/home/user/Desktop/lab4/lab3/SocketUtils/src" -O0 -g3 -Wall -c -fmessage-length=0 -MMD -MP -MF"src/main.d" -MT"src/main.d" -o "src/main.o" "../src/main.cpp"
Finished building: ../src/main.cpp
 
Building target: Test
Invoking: GCC C++ Linker
g++ -L"/home/user/Desktop/lab4/lab3/SocketUtils/Debug" -o "Test"  ./src/TcpSocketTest.o ./src/UdpSocketTest.o ./src/main.o   -lSocketUtils -lpthread
Finished building target: Test
 
17:49:19 **** Incremental Build of configuration Debug for project SocketUtils ****
make all 
make: Nothing to be done for `all'.
17:49:19 **** Incremental Build of configuration Debug for project Test ****
make all 
Building file: ../src/main.cpp
Invoking: GCC C++ Compiler
g++ -I"/home/user/Desktop/lab4/lab3/SocketUtils/src" -O0 -g3 -Wall -c -fmessage-length=0 -MMD -MP -MF"src/main.d" -MT"src/main.d" -o "src/main.o" "../src/main.cpp"
Finished building: ../src/main.cpp
 
Building target: Test
Invoking: GCC C++ Linker
g++ -L"/home/user/Desktop/lab4/lab3/SocketUtils/Debug" -o "Test"  ./src/TcpSocketTest.o ./src/UdpSocketTest.o ./src/main.o   -lSocketUtils -lpthread
Finished building target: Test
 
17:49:29 **** Incremental Build of configuration Debug for project SocketUtils ****
make all 
make: Nothing to be done for `all'.
17:49:30 **** Incremental Build of configuration Debug for project Test ****
make all 
make: Nothing to be done for `all'.
